[ 2016-06-05T19:57:56+08:00 ] 127.0.0.1 /index.php?s=/Home/index/getJobByCateId.html
INFO: [ app_init ] --START--
INFO: Run Behavior\BuildLiteBehavior [ RunTime:0.000033s ]
INFO: Run Common\Behavior\InitHookBehavior [ RunTime:0.002063s ]
INFO: [ app_init ] --END-- [ RunTime:0.002783s ]
INFO: [ app_begin ] --START--
INFO: Run Behavior\ReadHtmlCacheBehavior [ RunTime:0.000872s ]
INFO: [ app_begin ] --END-- [ RunTime:0.001102s ]
SQL: SHOW COLUMNS FROM `sql_config` [ RunTime:0.0036s ]
SQL: SELECT `type`,`name`,`value` FROM `sql_config` WHERE `status` = 1  [ RunTime:0.0005s ]
SQL: SHOW COLUMNS FROM `sql_category` [ RunTime:0.0039s ]
SQL: SELECT `id`,`name`,`title`,`pid`,`sort`,`list_row`,`meta_title`,`keywords`,`description`,`template_index`,`template_lists`,`template_detail`,`template_edit`,`model`,`model_sub`,`type`,`link_id`,`allow_publish`,`display`,`reply`,`check`,`reply_model`,`extend`,`create_time`,`update_time`,`status`,`icon`,`groups`,`ismenu`,`ishot` FROM `sql_category` WHERE `id` = 354 LIMIT 1   [ RunTime:0.0004s ]
SQL: SELECT `id`,`name`,`title`,`pid`,`sort`,`list_row`,`meta_title`,`keywords`,`description`,`template_index`,`template_lists`,`template_detail`,`template_edit`,`model`,`model_sub`,`type`,`link_id`,`allow_publish`,`display`,`reply`,`check`,`reply_model`,`extend`,`create_time`,`update_time`,`status`,`icon`,`groups`,`ismenu`,`ishot` FROM `sql_category` WHERE `id` = 354 LIMIT 1   [ RunTime:0.0004s ]
SQL: SELECT `id`,`name`,`pid`,`title`,`link_id` FROM `sql_category` WHERE `status` = 1 AND `ismenu` = 1 ORDER BY sort  [ RunTime:0.0021s ]
SQL: SELECT * FROM `sql_category` WHERE ( status='1'and ismenu='1' and  pid='355'  )  [ RunTime:0.0005s ]
NOTIC: [2] Invalid argument supplied for foreach() H:\docs\job\Application\Home\Model\CategoryModel.class.php 第 213 行.
SQL: SELECT * FROM `sql_category` WHERE ( status='1'and ismenu='1' and  pid='356'  )  [ RunTime:0.0003s ]
NOTIC: [2] Invalid argument supplied for foreach() H:\docs\job\Application\Home\Model\CategoryModel.class.php 第 213 行.
SQL: SELECT * FROM `sql_category` WHERE ( status='1'and ismenu='1' and  pid='357'  )  [ RunTime:0.0003s ]
NOTIC: [2] Invalid argument supplied for foreach() H:\docs\job\Application\Home\Model\CategoryModel.class.php 第 213 行.
SQL: SELECT * FROM `sql_category` WHERE ( status='1'and ismenu='1' and  pid='358'  )  [ RunTime:0.0003s ]
NOTIC: [2] Invalid argument supplied for foreach() H:\docs\job\Application\Home\Model\CategoryModel.class.php 第 213 行.
SQL: SELECT * FROM `sql_category` WHERE ( status='1'and ismenu='1' and  pid='359'  )  [ RunTime:0.0003s ]
NOTIC: [2] Invalid argument supplied for foreach() H:\docs\job\Application\Home\Model\CategoryModel.class.php 第 213 行.
SQL: SELECT * FROM `sql_category` WHERE ( status='1'and ismenu='1' and  pid='360'  )  [ RunTime:0.0003s ]
NOTIC: [2] Invalid argument supplied for foreach() H:\docs\job\Application\Home\Model\CategoryModel.class.php 第 213 行.
SQL: SELECT * FROM `sql_category` WHERE ( status='1'and ismenu='1' and  pid='361'  )  [ RunTime:0.0003s ]
NOTIC: [2] Invalid argument supplied for foreach() H:\docs\job\Application\Home\Model\CategoryModel.class.php 第 213 行.
SQL: SELECT * FROM `sql_category` WHERE ( status='1'and ismenu='1' and  pid='362'  )  [ RunTime:0.0003s ]
NOTIC: [2] Invalid argument supplied for foreach() H:\docs\job\Application\Home\Model\CategoryModel.class.php 第 213 行.
SQL: SELECT * FROM `sql_category` WHERE ( status='1'and ismenu='1' and  pid='363'  )  [ RunTime:0.0003s ]
NOTIC: [2] Invalid argument supplied for foreach() H:\docs\job\Application\Home\Model\CategoryModel.class.php 第 213 行.
SQL: SELECT * FROM `sql_category` WHERE ( status='1'and ismenu='1' and  pid='364'  )  [ RunTime:0.0003s ]
NOTIC: [2] Invalid argument supplied for foreach() H:\docs\job\Application\Home\Model\CategoryModel.class.php 第 213 行.
SQL: SELECT * FROM `sql_category` WHERE ( status='1'and ismenu='1' and  pid='365'  )  [ RunTime:0.0003s ]
NOTIC: [2] Invalid argument supplied for foreach() H:\docs\job\Application\Home\Model\CategoryModel.class.php 第 213 行.
SQL: SELECT * FROM `sql_category` WHERE ( status='1'and ismenu='1' and  pid='366'  )  [ RunTime:0.0003s ]
NOTIC: [2] Invalid argument supplied for foreach() H:\docs\job\Application\Home\Model\CategoryModel.class.php 第 213 行.
SQL: SELECT * FROM `sql_category` WHERE ( status='1'and ismenu='1' and  pid='367'  )  [ RunTime:0.0003s ]
NOTIC: [2] Invalid argument supplied for foreach() H:\docs\job\Application\Home\Model\CategoryModel.class.php 第 213 行.
SQL: SELECT * FROM `sql_category` WHERE ( status='1'and ismenu='1' and  pid='368'  )  [ RunTime:0.0003s ]
NOTIC: [2] Invalid argument supplied for foreach() H:\docs\job\Application\Home\Model\CategoryModel.class.php 第 213 行.
SQL: SELECT * FROM `sql_category` WHERE ( status='1'and ismenu='1' and  pid='369'  )  [ RunTime:0.0003s ]
NOTIC: [2] Invalid argument supplied for foreach() H:\docs\job\Application\Home\Model\CategoryModel.class.php 第 213 行.
SQL: SELECT * FROM `sql_category` WHERE ( status='1'and ismenu='1' and  pid='370'  )  [ RunTime:0.0003s ]
NOTIC: [2] Invalid argument supplied for foreach() H:\docs\job\Application\Home\Model\CategoryModel.class.php 第 213 行.
SQL: SELECT * FROM `sql_category` WHERE ( status='1'and ismenu='1' and  pid='371'  )  [ RunTime:0.0003s ]
NOTIC: [2] Invalid argument supplied for foreach() H:\docs\job\Application\Home\Model\CategoryModel.class.php 第 213 行.
SQL: SELECT * FROM `sql_category` WHERE ( status='1'and ismenu='1' and  pid='372'  )  [ RunTime:0.0003s ]
NOTIC: [2] Invalid argument supplied for foreach() H:\docs\job\Application\Home\Model\CategoryModel.class.php 第 213 行.
SQL: SELECT * FROM `sql_category` WHERE ( status='1'and ismenu='1' and  pid='373'  )  [ RunTime:0.0003s ]
NOTIC: [2] Invalid argument supplied for foreach() H:\docs\job\Application\Home\Model\CategoryModel.class.php 第 213 行.
SQL: SELECT * FROM `sql_category` WHERE ( status='1'and ismenu='1' and  pid='374'  )  [ RunTime:0.0003s ]
NOTIC: [2] Invalid argument supplied for foreach() H:\docs\job\Application\Home\Model\CategoryModel.class.php 第 213 行.
SQL: SELECT * FROM `sql_category` WHERE ( status='1'and ismenu='1' and  pid='375'  )  [ RunTime:0.0003s ]
NOTIC: [2] Invalid argument supplied for foreach() H:\docs\job\Application\Home\Model\CategoryModel.class.php 第 213 行.
SQL: SELECT * FROM `sql_category` WHERE ( status='1'and ismenu='1' and  pid='376'  )  [ RunTime:0.0003s ]
NOTIC: [2] Invalid argument supplied for foreach() H:\docs\job\Application\Home\Model\CategoryModel.class.php 第 213 行.
SQL: SHOW COLUMNS FROM `sql_document` [ RunTime:0.0041s ]
NOTIC: [8] Undefined variable: listsort H:\docs\job\Application\Home\Controller\IndexController.class.php 第 137 行.
SQL: SELECT COUNT(*) AS tp_count FROM `sql_document` WHERE `category_id` IN ('in','354','355','356','357','358','359','360','361','362','363','364','365','366','367','368','369','370','371','372','373','374','375','376','376') AND `status` = 1 AND `iscate` = 1 LIMIT 1   [ RunTime:0.0006s ]
SQL: SELECT `id` FROM `sql_document` WHERE `category_id` IN ('in','354','355','356','357','358','359','360','361','362','363','364','365','366','367','368','369','370','371','372','373','374','375','376','376') AND `status` = 1 AND `iscate` = 1 LIMIT 0,10   [ RunTime:0.0005s ]
SQL: SELECT `id`,`uid`,`name`,`title`,`category_id`,`group_id`,`description`,`root`,`pid`,`model_id`,`type`,`position`,`link_id`,`cover_id`,`display`,`deadline`,`attach`,`view`,`comment`,`extend`,`level`,`create_time`,`update_time`,`status`,`iscate`,`rocover`,`pty`,`step`,`salary_a`,`wep`,`acm` FROM `sql_document` WHERE `id` = 24 LIMIT 1   [ RunTime:0.0003s ]
SQL: SHOW COLUMNS FROM `sql_document_zhaopin` [ RunTime:0.0038s ]
SQL: SELECT `id`,`jobname`,`put_time`,`prov`,`baidu_map`,`recruit_people_num`,`salary_range`,`work_experience`,`academic_career`,`arr_welfare`,`company_property`,`remark`,`job_desc`,`phone_num`,`linkman`,`age`,`other_information`,`video`,`job_type`,`cid`,`email`,`weixin`,`skill`,`work_place`,`sex`,`job_condition`,`drive` FROM `sql_document_zhaopin` WHERE `id` = 24 LIMIT 1   [ RunTime:0.0004s ]
SQL: SELECT `id`,`uid`,`name`,`title`,`category_id`,`group_id`,`description`,`root`,`pid`,`model_id`,`type`,`position`,`link_id`,`cover_id`,`display`,`deadline`,`attach`,`view`,`comment`,`extend`,`level`,`create_time`,`update_time`,`status`,`iscate`,`rocover`,`pty`,`step`,`salary_a`,`wep`,`acm` FROM `sql_document` WHERE `id` = 33 LIMIT 1   [ RunTime:0.0005s ]
SQL: SHOW COLUMNS FROM `sql_document_zhaopin` [ RunTime:0.0038s ]
SQL: SELECT `id`,`jobname`,`put_time`,`prov`,`baidu_map`,`recruit_people_num`,`salary_range`,`work_experience`,`academic_career`,`arr_welfare`,`company_property`,`remark`,`job_desc`,`phone_num`,`linkman`,`age`,`other_information`,`video`,`job_type`,`cid`,`email`,`weixin`,`skill`,`work_place`,`sex`,`job_condition`,`drive` FROM `sql_document_zhaopin` WHERE `id` = 33 LIMIT 1   [ RunTime:0.0004s ]
SQL: SELECT `id`,`uid`,`name`,`title`,`category_id`,`group_id`,`description`,`root`,`pid`,`model_id`,`type`,`position`,`link_id`,`cover_id`,`display`,`deadline`,`attach`,`view`,`comment`,`extend`,`level`,`create_time`,`update_time`,`status`,`iscate`,`rocover`,`pty`,`step`,`salary_a`,`wep`,`acm` FROM `sql_document` WHERE `id` = 35 LIMIT 1   [ RunTime:0.0003s ]
SQL: SHOW COLUMNS FROM `sql_document_zhaopin` [ RunTime:0.0036s ]
SQL: SELECT `id`,`jobname`,`put_time`,`prov`,`baidu_map`,`recruit_people_num`,`salary_range`,`work_experience`,`academic_career`,`arr_welfare`,`company_property`,`remark`,`job_desc`,`phone_num`,`linkman`,`age`,`other_information`,`video`,`job_type`,`cid`,`email`,`weixin`,`skill`,`work_place`,`sex`,`job_condition`,`drive` FROM `sql_document_zhaopin` WHERE `id` = 35 LIMIT 1   [ RunTime:0.0004s ]
SQL: SELECT `id`,`uid`,`name`,`title`,`category_id`,`group_id`,`description`,`root`,`pid`,`model_id`,`type`,`position`,`link_id`,`cover_id`,`display`,`deadline`,`attach`,`view`,`comment`,`extend`,`level`,`create_time`,`update_time`,`status`,`iscate`,`rocover`,`pty`,`step`,`salary_a`,`wep`,`acm` FROM `sql_document` WHERE `id` = 39 LIMIT 1   [ RunTime:0.0003s ]
SQL: SHOW COLUMNS FROM `sql_document_zhaopin` [ RunTime:0.0043s ]
SQL: SELECT `id`,`jobname`,`put_time`,`prov`,`baidu_map`,`recruit_people_num`,`salary_range`,`work_experience`,`academic_career`,`arr_welfare`,`company_property`,`remark`,`job_desc`,`phone_num`,`linkman`,`age`,`other_information`,`video`,`job_type`,`cid`,`email`,`weixin`,`skill`,`work_place`,`sex`,`job_condition`,`drive` FROM `sql_document_zhaopin` WHERE `id` = 39 LIMIT 1   [ RunTime:0.0004s ]
SQL: SELECT `id`,`uid`,`name`,`title`,`category_id`,`group_id`,`description`,`root`,`pid`,`model_id`,`type`,`position`,`link_id`,`cover_id`,`display`,`deadline`,`attach`,`view`,`comment`,`extend`,`level`,`create_time`,`update_time`,`status`,`iscate`,`rocover`,`pty`,`step`,`salary_a`,`wep`,`acm` FROM `sql_document` WHERE `id` = 42 LIMIT 1   [ RunTime:0.0003s ]
SQL: SHOW COLUMNS FROM `sql_document_zhaopin` [ RunTime:0.0036s ]
SQL: SELECT `id`,`jobname`,`put_time`,`prov`,`baidu_map`,`recruit_people_num`,`salary_range`,`work_experience`,`academic_career`,`arr_welfare`,`company_property`,`remark`,`job_desc`,`phone_num`,`linkman`,`age`,`other_information`,`video`,`job_type`,`cid`,`email`,`weixin`,`skill`,`work_place`,`sex`,`job_condition`,`drive` FROM `sql_document_zhaopin` WHERE `id` = 42 LIMIT 1   [ RunTime:0.0004s ]
SQL: SELECT COUNT(id) AS tp_count FROM `sql_document` WHERE `category_id` IN ('in','354','355','356','357','358','359','360','361','362','363','364','365','366','367','368','369','370','371','372','373','374','375','376','376') AND `status` = 1 AND `iscate` = 1 LIMIT 1   [ RunTime:0.0005s ]
NOTIC: [8] Undefined index: lite H:\docs\job\ThinkPHP\Library\Think\Db.class.php 第 37 行.
NOTIC: [8] Undefined variable: user H:\docs\job\Application\Home\Controller\IndexController.class.php 第 143 行.
SQL: SHOW COLUMNS FROM `sql_u_like` [ RunTime:0.0037s ]
SQL: SELECT `status` FROM `sql_u_like` WHERE `jid` = '24' AND `uid` = null LIMIT 1   [ RunTime:0.0003s ]
NOTIC: [8] Undefined variable: user H:\docs\job\Application\Home\Controller\IndexController.class.php 第 144 行.
SQL: SHOW COLUMNS FROM `sql_cjian` [ RunTime:0.0036s ]
SQL: SELECT `is_send` FROM `sql_cjian` WHERE `jid` = 24 AND `uid` = null LIMIT 1   [ RunTime:0.0003s ]
NOTIC: [8] Undefined variable: user H:\docs\job\Application\Home\Controller\IndexController.class.php 第 143 行.
SQL: SHOW COLUMNS FROM `sql_u_like` [ RunTime:0.0034s ]
SQL: SELECT `status` FROM `sql_u_like` WHERE `jid` = '33' AND `uid` = null LIMIT 1   [ RunTime:0.0003s ]
NOTIC: [8] Undefined variable: user H:\docs\job\Application\Home\Controller\IndexController.class.php 第 144 行.
SQL: SELECT `is_send` FROM `sql_cjian` WHERE `jid` = 33 AND `uid` = null LIMIT 1   [ RunTime:0.0002s ]
NOTIC: [8] Undefined variable: user H:\docs\job\Application\Home\Controller\IndexController.class.php 第 143 行.
SQL: SHOW COLUMNS FROM `sql_u_like` [ RunTime:0.0034s ]
SQL: SELECT `status` FROM `sql_u_like` WHERE `jid` = '35' AND `uid` = null LIMIT 1   [ RunTime:0.0003s ]
NOTIC: [8] Undefined variable: user H:\docs\job\Application\Home\Controller\IndexController.class.php 第 144 行.
SQL: SELECT `is_send` FROM `sql_cjian` WHERE `jid` = 35 AND `uid` = null LIMIT 1   [ RunTime:0.0002s ]
NOTIC: [8] Undefined variable: user H:\docs\job\Application\Home\Controller\IndexController.class.php 第 143 行.
SQL: SHOW COLUMNS FROM `sql_u_like` [ RunTime:0.0036s ]
SQL: SELECT `status` FROM `sql_u_like` WHERE `jid` = '39' AND `uid` = null LIMIT 1   [ RunTime:0.0003s ]
NOTIC: [8] Undefined variable: user H:\docs\job\Application\Home\Controller\IndexController.class.php 第 144 行.
SQL: SELECT `is_send` FROM `sql_cjian` WHERE `jid` = 39 AND `uid` = null LIMIT 1   [ RunTime:0.0002s ]
NOTIC: [8] Undefined variable: user H:\docs\job\Application\Home\Controller\IndexController.class.php 第 143 行.
SQL: SHOW COLUMNS FROM `sql_u_like` [ RunTime:0.0036s ]
SQL: SELECT `status` FROM `sql_u_like` WHERE `jid` = '42' AND `uid` = null LIMIT 1   [ RunTime:0.0003s ]
NOTIC: [8] Undefined variable: user H:\docs\job\Application\Home\Controller\IndexController.class.php 第 144 行.
SQL: SELECT `is_send` FROM `sql_cjian` WHERE `jid` = 42 AND `uid` = null LIMIT 1   [ RunTime:0.0002s ]
SQL: SHOW COLUMNS FROM `sql_picture` [ RunTime:0.0038s ]
SQL: SELECT * FROM `sql_picture` WHERE `status` = 1 AND `id` = 48 LIMIT 1   [ RunTime:0.0004s ]
SQL: SHOW COLUMNS FROM `sql_document_zhaopin` [ RunTime:0.0048s ]
SQL: SELECT `prov` FROM `sql_document_zhaopin` WHERE `work_place` = '西城区' LIMIT 1   [ RunTime:0.0004s ]
NOTIC: [8192] Function split() is deprecated H:\docs\job\Application\Common\Common\function.php 第 1450 行.
NOTIC: [8192] Function split() is deprecated H:\docs\job\Application\Common\Common\function.php 第 1453 行.
NOTIC: [8192] Function split() is deprecated H:\docs\job\Application\Common\Common\function.php 第 1453 行.
NOTIC: [8192] Function split() is deprecated H:\docs\job\Application\Common\Common\function.php 第 1453 行.
NOTIC: [8192] Function split() is deprecated H:\docs\job\Application\Common\Common\function.php 第 1453 行.
NOTIC: [8192] Function split() is deprecated H:\docs\job\Application\Common\Common\function.php 第 1453 行.
NOTIC: [8192] Function split() is deprecated H:\docs\job\Application\Common\Common\function.php 第 1453 行.
SQL: SELECT * FROM `sql_picture` WHERE `status` = 1 AND `id` = 48 LIMIT 1   [ RunTime:0.0003s ]
SQL: SHOW COLUMNS FROM `sql_document_zhaopin` [ RunTime:0.0037s ]
SQL: SELECT `prov` FROM `sql_document_zhaopin` WHERE `work_place` = '怀柔区' LIMIT 1   [ RunTime:0.0003s ]
NOTIC: [8192] Function split() is deprecated H:\docs\job\Application\Common\Common\function.php 第 1450 行.
NOTIC: [8192] Function split() is deprecated H:\docs\job\Application\Common\Common\function.php 第 1453 行.
NOTIC: [8192] Function split() is deprecated H:\docs\job\Application\Common\Common\function.php 第 1453 行.
NOTIC: [8192] Function split() is deprecated H:\docs\job\Application\Common\Common\function.php 第 1453 行.
NOTIC: [8192] Function split() is deprecated H:\docs\job\Application\Common\Common\function.php 第 1453 行.
NOTIC: [8192] Function split() is deprecated H:\docs\job\Application\Common\Common\function.php 第 1453 行.
NOTIC: [8192] Function split() is deprecated H:\docs\job\Application\Common\Common\function.php 第 1453 行.
SQL: SELECT * FROM `sql_picture` WHERE `status` = 1 AND `id` = 48 LIMIT 1   [ RunTime:0.0004s ]
SQL: SHOW COLUMNS FROM `sql_document_zhaopin` [ RunTime:0.0039s ]
SQL: SELECT `prov` FROM `sql_document_zhaopin` WHERE `work_place` = '宝山区' LIMIT 1   [ RunTime:0.0003s ]
NOTIC: [8192] Function split() is deprecated H:\docs\job\Application\Common\Common\function.php 第 1450 行.
NOTIC: [8192] Function split() is deprecated H:\docs\job\Application\Common\Common\function.php 第 1453 行.
NOTIC: [8192] Function split() is deprecated H:\docs\job\Application\Common\Common\function.php 第 1453 行.
NOTIC: [8192] Function split() is deprecated H:\docs\job\Application\Common\Common\function.php 第 1453 行.
NOTIC: [8192] Function split() is deprecated H:\docs\job\Application\Common\Common\function.php 第 1453 行.
NOTIC: [8192] Function split() is deprecated H:\docs\job\Application\Common\Common\function.php 第 1453 行.
NOTIC: [8192] Function split() is deprecated H:\docs\job\Application\Common\Common\function.php 第 1453 行.
SQL: SELECT * FROM `sql_picture` WHERE `status` = 1 AND `id` = 58 LIMIT 1   [ RunTime:0.0003s ]
NOTIC: [8192] Function split() is deprecated H:\docs\job\Application\Common\Common\function.php 第 1450 行.
NOTIC: [8192] Function split() is deprecated H:\docs\job\Application\Common\Common\function.php 第 1453 行.
NOTIC: [8192] Function split() is deprecated H:\docs\job\Application\Common\Common\function.php 第 1453 行.
NOTIC: [8192] Function split() is deprecated H:\docs\job\Application\Common\Common\function.php 第 1453 行.
NOTIC: [8192] Function split() is deprecated H:\docs\job\Application\Common\Common\function.php 第 1453 行.
NOTIC: [8192] Function split() is deprecated H:\docs\job\Application\Common\Common\function.php 第 1453 行.
NOTIC: [8192] Function split() is deprecated H:\docs\job\Application\Common\Common\function.php 第 1453 行.
NOTIC: [8192] Function split() is deprecated H:\docs\job\Application\Common\Common\function.php 第 1453 行.
NOTIC: [8192] Function split() is deprecated H:\docs\job\Application\Common\Common\function.php 第 1453 行.
SQL: SELECT * FROM `sql_picture` WHERE `status` = 1 AND `id` = 58 LIMIT 1   [ RunTime:0.0003s ]
NOTIC: [8192] Function split() is deprecated H:\docs\job\Application\Common\Common\function.php 第 1450 行.
NOTIC: [8192] Function split() is deprecated H:\docs\job\Application\Common\Common\function.php 第 1453 行.
NOTIC: [8192] Function split() is deprecated H:\docs\job\Application\Common\Common\function.php 第 1453 行.
NOTIC: [8192] Function split() is deprecated H:\docs\job\Application\Common\Common\function.php 第 1453 行.
NOTIC: [8192] Function split() is deprecated H:\docs\job\Application\Common\Common\function.php 第 1453 行.
NOTIC: [8192] Function split() is deprecated H:\docs\job\Application\Common\Common\function.php 第 1453 行.
NOTIC: [8192] Function split() is deprecated H:\docs\job\Application\Common\Common\function.php 第 1453 行.
NOTIC: [8192] Function split() is deprecated H:\docs\job\Application\Common\Common\function.php 第 1453 行.
NOTIC: [8192] Function split() is deprecated H:\docs\job\Application\Common\Common\function.php 第 1453 行.

[ 2016-06-05T19:57:56+08:00 ] 127.0.0.1 /index.php?s=/Home/index/getJobByCateId.html
INFO: [ app_init ] --START--
INFO: Run Behavior\BuildLiteBehavior [ RunTime:0.000040s ]
INFO: Run Common\Behavior\InitHookBehavior [ RunTime:0.002392s ]
INFO: [ app_init ] --END-- [ RunTime:0.003230s ]
INFO: [ app_begin ] --START--
INFO: Run Behavior\ReadHtmlCacheBehavior [ RunTime:0.000670s ]
INFO: [ app_begin ] --END-- [ RunTime:0.000824s ]
SQL: SHOW COLUMNS FROM `sql_config` [ RunTime:0.0038s ]
SQL: SELECT `type`,`name`,`value` FROM `sql_config` WHERE `status` = 1  [ RunTime:0.0004s ]
SQL: SHOW COLUMNS FROM `sql_category` [ RunTime:0.0047s ]
SQL: SELECT `id`,`name`,`title`,`pid`,`sort`,`list_row`,`meta_title`,`keywords`,`description`,`template_index`,`template_lists`,`template_detail`,`template_edit`,`model`,`model_sub`,`type`,`link_id`,`allow_publish`,`display`,`reply`,`check`,`reply_model`,`extend`,`create_time`,`update_time`,`status`,`icon`,`groups`,`ismenu`,`ishot` FROM `sql_category` WHERE `id` = 377 LIMIT 1   [ RunTime:0.0005s ]
SQL: SELECT `id`,`name`,`title`,`pid`,`sort`,`list_row`,`meta_title`,`keywords`,`description`,`template_index`,`template_lists`,`template_detail`,`template_edit`,`model`,`model_sub`,`type`,`link_id`,`allow_publish`,`display`,`reply`,`check`,`reply_model`,`extend`,`create_time`,`update_time`,`status`,`icon`,`groups`,`ismenu`,`ishot` FROM `sql_category` WHERE `id` = 377 LIMIT 1   [ RunTime:0.0004s ]
SQL: SELECT `id`,`name`,`pid`,`title`,`link_id` FROM `sql_category` WHERE `status` = 1 AND `ismenu` = 1 ORDER BY sort  [ RunTime:0.0018s ]
SQL: SELECT * FROM `sql_category` WHERE ( status='1'and ismenu='1' and  pid='378'  )  [ RunTime:0.0005s ]
NOTIC: [2] Invalid argument supplied for foreach() H:\docs\job\Application\Home\Model\CategoryModel.class.php 第 213 行.
SQL: SELECT * FROM `sql_category` WHERE ( status='1'and ismenu='1' and  pid='379'  )  [ RunTime:0.0003s ]
NOTIC: [2] Invalid argument supplied for foreach() H:\docs\job\Application\Home\Model\CategoryModel.class.php 第 213 行.
SQL: SELECT * FROM `sql_category` WHERE ( status='1'and ismenu='1' and  pid='380'  )  [ RunTime:0.0004s ]
NOTIC: [2] Invalid argument supplied for foreach() H:\docs\job\Application\Home\Model\CategoryModel.class.php 第 213 行.
SQL: SELECT * FROM `sql_category` WHERE ( status='1'and ismenu='1' and  pid='381'  )  [ RunTime:0.0004s ]
NOTIC: [2] Invalid argument supplied for foreach() H:\docs\job\Application\Home\Model\CategoryModel.class.php 第 213 行.
SQL: SELECT * FROM `sql_category` WHERE ( status='1'and ismenu='1' and  pid='382'  )  [ RunTime:0.0005s ]
NOTIC: [2] Invalid argument supplied for foreach() H:\docs\job\Application\Home\Model\CategoryModel.class.php 第 213 行.
SQL: SELECT * FROM `sql_category` WHERE ( status='1'and ismenu='1' and  pid='383'  )  [ RunTime:0.0004s ]
NOTIC: [2] Invalid argument supplied for foreach() H:\docs\job\Application\Home\Model\CategoryModel.class.php 第 213 行.
SQL: SHOW COLUMNS FROM `sql_document` [ RunTime:0.0040s ]
NOTIC: [8] Undefined variable: listsort H:\docs\job\Application\Home\Controller\IndexController.class.php 第 137 行.
SQL: SELECT COUNT(*) AS tp_count FROM `sql_document` WHERE `category_id` IN ('in','377','378','379','380','381','382','383','383') AND `status` = 1 AND `iscate` = 1 LIMIT 1   [ RunTime:0.0005s ]
SQL: SELECT `id` FROM `sql_document` WHERE `category_id` IN ('in','377','378','379','380','381','382','383','383') AND `status` = 1 AND `iscate` = 1 LIMIT 0,10   [ RunTime:0.0005s ]
NOTIC: [2] Invalid argument supplied for foreach() H:\docs\job\Application\Home\Model\DocumentModel.class.php 第 136 行.
SQL: SELECT COUNT(id) AS tp_count FROM `sql_document` WHERE `category_id` IN ('in','377','378','379','380','381','382','383','383') AND `status` = 1 AND `iscate` = 1 LIMIT 1   [ RunTime:0.0004s ]

[ 2016-06-05T19:57:56+08:00 ] 127.0.0.1 /index.php?s=/Home/index/getJobByCateId.html
INFO: [ app_init ] --START--
INFO: Run Behavior\BuildLiteBehavior [ RunTime:0.000064s ]
INFO: Run Common\Behavior\InitHookBehavior [ RunTime:0.002868s ]
INFO: [ app_init ] --END-- [ RunTime:0.003907s ]
INFO: [ app_begin ] --START--
INFO: Run Behavior\ReadHtmlCacheBehavior [ RunTime:0.000645s ]
INFO: [ app_begin ] --END-- [ RunTime:0.000836s ]
SQL: SHOW COLUMNS FROM `sql_config` [ RunTime:0.0040s ]
SQL: SELECT `type`,`name`,`value` FROM `sql_config` WHERE `status` = 1  [ RunTime:0.0005s ]
SQL: SHOW COLUMNS FROM `sql_category` [ RunTime:0.0042s ]
SQL: SELECT `id`,`name`,`title`,`pid`,`sort`,`list_row`,`meta_title`,`keywords`,`description`,`template_index`,`template_lists`,`template_detail`,`template_edit`,`model`,`model_sub`,`type`,`link_id`,`allow_publish`,`display`,`reply`,`check`,`reply_model`,`extend`,`create_time`,`update_time`,`status`,`icon`,`groups`,`ismenu`,`ishot` FROM `sql_category` WHERE `id` = 384 LIMIT 1   [ RunTime:0.0005s ]
SQL: SELECT `id`,`name`,`title`,`pid`,`sort`,`list_row`,`meta_title`,`keywords`,`description`,`template_index`,`template_lists`,`template_detail`,`template_edit`,`model`,`model_sub`,`type`,`link_id`,`allow_publish`,`display`,`reply`,`check`,`reply_model`,`extend`,`create_time`,`update_time`,`status`,`icon`,`groups`,`ismenu`,`ishot` FROM `sql_category` WHERE `id` = 384 LIMIT 1   [ RunTime:0.0004s ]
SQL: SELECT `id`,`name`,`pid`,`title`,`link_id` FROM `sql_category` WHERE `status` = 1 AND `ismenu` = 1 ORDER BY sort  [ RunTime:0.0017s ]
SQL: SELECT * FROM `sql_category` WHERE ( status='1'and ismenu='1' and  pid='385'  )  [ RunTime:0.0005s ]
NOTIC: [2] Invalid argument supplied for foreach() H:\docs\job\Application\Home\Model\CategoryModel.class.php 第 213 行.
SQL: SELECT * FROM `sql_category` WHERE ( status='1'and ismenu='1' and  pid='386'  )  [ RunTime:0.0003s ]
NOTIC: [2] Invalid argument supplied for foreach() H:\docs\job\Application\Home\Model\CategoryModel.class.php 第 213 行.
SQL: SELECT * FROM `sql_category` WHERE ( status='1'and ismenu='1' and  pid='387'  )  [ RunTime:0.0003s ]
NOTIC: [2] Invalid argument supplied for foreach() H:\docs\job\Application\Home\Model\CategoryModel.class.php 第 213 行.
SQL: SELECT * FROM `sql_category` WHERE ( status='1'and ismenu='1' and  pid='388'  )  [ RunTime:0.0003s ]
NOTIC: [2] Invalid argument supplied for foreach() H:\docs\job\Application\Home\Model\CategoryModel.class.php 第 213 行.
SQL: SELECT * FROM `sql_category` WHERE ( status='1'and ismenu='1' and  pid='389'  )  [ RunTime:0.0003s ]
NOTIC: [2] Invalid argument supplied for foreach() H:\docs\job\Application\Home\Model\CategoryModel.class.php 第 213 行.
SQL: SELECT * FROM `sql_category` WHERE ( status='1'and ismenu='1' and  pid='390'  )  [ RunTime:0.0003s ]
NOTIC: [2] Invalid argument supplied for foreach() H:\docs\job\Application\Home\Model\CategoryModel.class.php 第 213 行.
SQL: SHOW COLUMNS FROM `sql_document` [ RunTime:0.0040s ]
NOTIC: [8] Undefined variable: listsort H:\docs\job\Application\Home\Controller\IndexController.class.php 第 137 行.
SQL: SELECT COUNT(*) AS tp_count FROM `sql_document` WHERE `category_id` IN ('in','384','385','386','387','388','389','390','390') AND `status` = 1 AND `iscate` = 1 LIMIT 1   [ RunTime:0.0005s ]
SQL: SELECT `id` FROM `sql_document` WHERE `category_id` IN ('in','384','385','386','387','388','389','390','390') AND `status` = 1 AND `iscate` = 1 LIMIT 0,10   [ RunTime:0.0004s ]
NOTIC: [2] Invalid argument supplied for foreach() H:\docs\job\Application\Home\Model\DocumentModel.class.php 第 136 行.
SQL: SELECT COUNT(id) AS tp_count FROM `sql_document` WHERE `category_id` IN ('in','384','385','386','387','388','389','390','390') AND `status` = 1 AND `iscate` = 1 LIMIT 1   [ RunTime:0.0004s ]

[ 2016-06-05T19:57:57+08:00 ] 127.0.0.1 /index.php?s=/Home/index/getJobByCateId.html
INFO: [ app_init ] --START--
INFO: Run Behavior\BuildLiteBehavior [ RunTime:0.000295s ]
INFO: Run Common\Behavior\InitHookBehavior [ RunTime:0.003844s ]
INFO: [ app_init ] --END-- [ RunTime:0.005341s ]
INFO: [ app_begin ] --START--
INFO: Run Behavior\ReadHtmlCacheBehavior [ RunTime:0.000677s ]
INFO: [ app_begin ] --END-- [ RunTime:0.000820s ]
SQL: SHOW COLUMNS FROM `sql_config` [ RunTime:0.0040s ]
SQL: SELECT `type`,`name`,`value` FROM `sql_config` WHERE `status` = 1  [ RunTime:0.0005s ]
SQL: SHOW COLUMNS FROM `sql_category` [ RunTime:0.0039s ]
SQL: SELECT `id`,`name`,`title`,`pid`,`sort`,`list_row`,`meta_title`,`keywords`,`description`,`template_index`,`template_lists`,`template_detail`,`template_edit`,`model`,`model_sub`,`type`,`link_id`,`allow_publish`,`display`,`reply`,`check`,`reply_model`,`extend`,`create_time`,`update_time`,`status`,`icon`,`groups`,`ismenu`,`ishot` FROM `sql_category` WHERE `id` = 391 LIMIT 1   [ RunTime:0.0005s ]
SQL: SELECT `id`,`name`,`title`,`pid`,`sort`,`list_row`,`meta_title`,`keywords`,`description`,`template_index`,`template_lists`,`template_detail`,`template_edit`,`model`,`model_sub`,`type`,`link_id`,`allow_publish`,`display`,`reply`,`check`,`reply_model`,`extend`,`create_time`,`update_time`,`status`,`icon`,`groups`,`ismenu`,`ishot` FROM `sql_category` WHERE `id` = 391 LIMIT 1   [ RunTime:0.0004s ]
SQL: SELECT `id`,`name`,`pid`,`title`,`link_id` FROM `sql_category` WHERE `status` = 1 AND `ismenu` = 1 ORDER BY sort  [ RunTime:0.0019s ]
SQL: SELECT * FROM `sql_category` WHERE ( status='1'and ismenu='1' and  pid='392'  )  [ RunTime:0.0004s ]
NOTIC: [2] Invalid argument supplied for foreach() H:\docs\job\Application\Home\Model\CategoryModel.class.php 第 213 行.
SQL: SELECT * FROM `sql_category` WHERE ( status='1'and ismenu='1' and  pid='393'  )  [ RunTime:0.0003s ]
NOTIC: [2] Invalid argument supplied for foreach() H:\docs\job\Application\Home\Model\CategoryModel.class.php 第 213 行.
SQL: SELECT * FROM `sql_category` WHERE ( status='1'and ismenu='1' and  pid='394'  )  [ RunTime:0.0003s ]
NOTIC: [2] Invalid argument supplied for foreach() H:\docs\job\Application\Home\Model\CategoryModel.class.php 第 213 行.
SQL: SELECT * FROM `sql_category` WHERE ( status='1'and ismenu='1' and  pid='395'  )  [ RunTime:0.0003s ]
NOTIC: [2] Invalid argument supplied for foreach() H:\docs\job\Application\Home\Model\CategoryModel.class.php 第 213 行.
SQL: SELECT * FROM `sql_category` WHERE ( status='1'and ismenu='1' and  pid='396'  )  [ RunTime:0.0003s ]
NOTIC: [2] Invalid argument supplied for foreach() H:\docs\job\Application\Home\Model\CategoryModel.class.php 第 213 行.
SQL: SHOW COLUMNS FROM `sql_document` [ RunTime:0.0042s ]
NOTIC: [8] Undefined variable: listsort H:\docs\job\Application\Home\Controller\IndexController.class.php 第 137 行.
SQL: SELECT COUNT(*) AS tp_count FROM `sql_document` WHERE `category_id` IN ('in','391','392','393','394','395','396','396') AND `status` = 1 AND `iscate` = 1 LIMIT 1   [ RunTime:0.0005s ]
SQL: SELECT `id` FROM `sql_document` WHERE `category_id` IN ('in','391','392','393','394','395','396','396') AND `status` = 1 AND `iscate` = 1 LIMIT 0,10   [ RunTime:0.0004s ]
NOTIC: [2] Invalid argument supplied for foreach() H:\docs\job\Application\Home\Model\DocumentModel.class.php 第 136 行.
SQL: SELECT COUNT(id) AS tp_count FROM `sql_document` WHERE `category_id` IN ('in','391','392','393','394','395','396','396') AND `status` = 1 AND `iscate` = 1 LIMIT 1   [ RunTime:0.0004s ]

[ 2016-06-05T19:57:57+08:00 ] 127.0.0.1 /index.php?s=/Home/index/getJobByCateId.html
INFO: [ app_init ] --START--
INFO: Run Behavior\BuildLiteBehavior [ RunTime:0.000061s ]
INFO: Run Common\Behavior\InitHookBehavior [ RunTime:0.002100s ]
INFO: [ app_init ] --END-- [ RunTime:0.003355s ]
INFO: [ app_begin ] --START--
INFO: Run Behavior\ReadHtmlCacheBehavior [ RunTime:0.000747s ]
INFO: [ app_begin ] --END-- [ RunTime:0.000966s ]
SQL: SHOW COLUMNS FROM `sql_config` [ RunTime:0.0041s ]
SQL: SELECT `type`,`name`,`value` FROM `sql_config` WHERE `status` = 1  [ RunTime:0.0005s ]
SQL: SHOW COLUMNS FROM `sql_category` [ RunTime:0.0042s ]
SQL: SELECT `id`,`name`,`title`,`pid`,`sort`,`list_row`,`meta_title`,`keywords`,`description`,`template_index`,`template_lists`,`template_detail`,`template_edit`,`model`,`model_sub`,`type`,`link_id`,`allow_publish`,`display`,`reply`,`check`,`reply_model`,`extend`,`create_time`,`update_time`,`status`,`icon`,`groups`,`ismenu`,`ishot` FROM `sql_category` WHERE `id` = 397 LIMIT 1   [ RunTime:0.0004s ]
SQL: SELECT `id`,`name`,`title`,`pid`,`sort`,`list_row`,`meta_title`,`keywords`,`description`,`template_index`,`template_lists`,`template_detail`,`template_edit`,`model`,`model_sub`,`type`,`link_id`,`allow_publish`,`display`,`reply`,`check`,`reply_model`,`extend`,`create_time`,`update_time`,`status`,`icon`,`groups`,`ismenu`,`ishot` FROM `sql_category` WHERE `id` = 397 LIMIT 1   [ RunTime:0.0004s ]
SQL: SELECT `id`,`name`,`pid`,`title`,`link_id` FROM `sql_category` WHERE `status` = 1 AND `ismenu` = 1 ORDER BY sort  [ RunTime:0.0017s ]
SQL: SELECT * FROM `sql_category` WHERE ( status='1'and ismenu='1' and  pid='398'  )  [ RunTime:0.0005s ]
NOTIC: [2] Invalid argument supplied for foreach() H:\docs\job\Application\Home\Model\CategoryModel.class.php 第 213 行.
SQL: SELECT * FROM `sql_category` WHERE ( status='1'and ismenu='1' and  pid='399'  )  [ RunTime:0.0004s ]
NOTIC: [2] Invalid argument supplied for foreach() H:\docs\job\Application\Home\Model\CategoryModel.class.php 第 213 行.
SQL: SELECT * FROM `sql_category` WHERE ( status='1'and ismenu='1' and  pid='400'  )  [ RunTime:0.0003s ]
NOTIC: [2] Invalid argument supplied for foreach() H:\docs\job\Application\Home\Model\CategoryModel.class.php 第 213 行.
SQL: SELECT * FROM `sql_category` WHERE ( status='1'and ismenu='1' and  pid='401'  )  [ RunTime:0.0003s ]
NOTIC: [2] Invalid argument supplied for foreach() H:\docs\job\Application\Home\Model\CategoryModel.class.php 第 213 行.
SQL: SELECT * FROM `sql_category` WHERE ( status='1'and ismenu='1' and  pid='402'  )  [ RunTime:0.0003s ]
NOTIC: [2] Invalid argument supplied for foreach() H:\docs\job\Application\Home\Model\CategoryModel.class.php 第 213 行.
SQL: SELECT * FROM `sql_category` WHERE ( status='1'and ismenu='1' and  pid='403'  )  [ RunTime:0.0003s ]
NOTIC: [2] Invalid argument supplied for foreach() H:\docs\job\Application\Home\Model\CategoryModel.class.php 第 213 行.
SQL: SELECT * FROM `sql_category` WHERE ( status='1'and ismenu='1' and  pid='404'  )  [ RunTime:0.0003s ]
NOTIC: [2] Invalid argument supplied for foreach() H:\docs\job\Application\Home\Model\CategoryModel.class.php 第 213 行.
SQL: SELECT * FROM `sql_category` WHERE ( status='1'and ismenu='1' and  pid='405'  )  [ RunTime:0.0003s ]
NOTIC: [2] Invalid argument supplied for foreach() H:\docs\job\Application\Home\Model\CategoryModel.class.php 第 213 行.
SQL: SELECT * FROM `sql_category` WHERE ( status='1'and ismenu='1' and  pid='406'  )  [ RunTime:0.0003s ]
NOTIC: [2] Invalid argument supplied for foreach() H:\docs\job\Application\Home\Model\CategoryModel.class.php 第 213 行.
SQL: SELECT * FROM `sql_category` WHERE ( status='1'and ismenu='1' and  pid='407'  )  [ RunTime:0.0003s ]
NOTIC: [2] Invalid argument supplied for foreach() H:\docs\job\Application\Home\Model\CategoryModel.class.php 第 213 行.
SQL: SELECT * FROM `sql_category` WHERE ( status='1'and ismenu='1' and  pid='408'  )  [ RunTime:0.0003s ]
NOTIC: [2] Invalid argument supplied for foreach() H:\docs\job\Application\Home\Model\CategoryModel.class.php 第 213 行.
SQL: SELECT * FROM `sql_category` WHERE ( status='1'and ismenu='1' and  pid='409'  )  [ RunTime:0.0003s ]
NOTIC: [2] Invalid argument supplied for foreach() H:\docs\job\Application\Home\Model\CategoryModel.class.php 第 213 行.
SQL: SHOW COLUMNS FROM `sql_document` [ RunTime:0.0041s ]
NOTIC: [8] Undefined variable: listsort H:\docs\job\Application\Home\Controller\IndexController.class.php 第 137 行.
SQL: SELECT COUNT(*) AS tp_count FROM `sql_document` WHERE `category_id` IN ('in','397','398','399','400','401','402','403','404','405','406','407','408','409','409') AND `status` = 1 AND `iscate` = 1 LIMIT 1   [ RunTime:0.0005s ]
SQL: SELECT `id` FROM `sql_document` WHERE `category_id` IN ('in','397','398','399','400','401','402','403','404','405','406','407','408','409','409') AND `status` = 1 AND `iscate` = 1 LIMIT 0,10   [ RunTime:0.0005s ]
NOTIC: [2] Invalid argument supplied for foreach() H:\docs\job\Application\Home\Model\DocumentModel.class.php 第 136 行.
SQL: SELECT COUNT(id) AS tp_count FROM `sql_document` WHERE `category_id` IN ('in','397','398','399','400','401','402','403','404','405','406','407','408','409','409') AND `status` = 1 AND `iscate` = 1 LIMIT 1   [ RunTime:0.0004s ]

[ 2016-06-05T19:57:57+08:00 ] 127.0.0.1 /index.php?s=/Home/index/getJobByCateId.html
INFO: [ app_init ] --START--
INFO: Run Behavior\BuildLiteBehavior [ RunTime:0.000036s ]
INFO: Run Common\Behavior\InitHookBehavior [ RunTime:0.002249s ]
INFO: [ app_init ] --END-- [ RunTime:0.002957s ]
INFO: [ app_begin ] --START--
INFO: Run Behavior\ReadHtmlCacheBehavior [ RunTime:0.000718s ]
INFO: [ app_begin ] --END-- [ RunTime:0.000915s ]
SQL: SHOW COLUMNS FROM `sql_config` [ RunTime:0.0037s ]
SQL: SELECT `type`,`name`,`value` FROM `sql_config` WHERE `status` = 1  [ RunTime:0.0004s ]
SQL: SHOW COLUMNS FROM `sql_category` [ RunTime:0.0039s ]
SQL: SELECT `id`,`name`,`title`,`pid`,`sort`,`list_row`,`meta_title`,`keywords`,`description`,`template_index`,`template_lists`,`template_detail`,`template_edit`,`model`,`model_sub`,`type`,`link_id`,`allow_publish`,`display`,`reply`,`check`,`reply_model`,`extend`,`create_time`,`update_time`,`status`,`icon`,`groups`,`ismenu`,`ishot` FROM `sql_category` WHERE `id` = 410 LIMIT 1   [ RunTime:0.0004s ]
SQL: SELECT `id`,`name`,`title`,`pid`,`sort`,`list_row`,`meta_title`,`keywords`,`description`,`template_index`,`template_lists`,`template_detail`,`template_edit`,`model`,`model_sub`,`type`,`link_id`,`allow_publish`,`display`,`reply`,`check`,`reply_model`,`extend`,`create_time`,`update_time`,`status`,`icon`,`groups`,`ismenu`,`ishot` FROM `sql_category` WHERE `id` = 410 LIMIT 1   [ RunTime:0.0004s ]
SQL: SELECT `id`,`name`,`pid`,`title`,`link_id` FROM `sql_category` WHERE `status` = 1 AND `ismenu` = 1 ORDER BY sort  [ RunTime:0.0018s ]
SQL: SELECT * FROM `sql_category` WHERE ( status='1'and ismenu='1' and  pid='411'  )  [ RunTime:0.0005s ]
NOTIC: [2] Invalid argument supplied for foreach() H:\docs\job\Application\Home\Model\CategoryModel.class.php 第 213 行.
SQL: SELECT * FROM `sql_category` WHERE ( status='1'and ismenu='1' and  pid='412'  )  [ RunTime:0.0004s ]
NOTIC: [2] Invalid argument supplied for foreach() H:\docs\job\Application\Home\Model\CategoryModel.class.php 第 213 行.
SQL: SELECT * FROM `sql_category` WHERE ( status='1'and ismenu='1' and  pid='413'  )  [ RunTime:0.0003s ]
NOTIC: [2] Invalid argument supplied for foreach() H:\docs\job\Application\Home\Model\CategoryModel.class.php 第 213 行.
SQL: SELECT * FROM `sql_category` WHERE ( status='1'and ismenu='1' and  pid='414'  )  [ RunTime:0.0003s ]
NOTIC: [2] Invalid argument supplied for foreach() H:\docs\job\Application\Home\Model\CategoryModel.class.php 第 213 行.
SQL: SELECT * FROM `sql_category` WHERE ( status='1'and ismenu='1' and  pid='415'  )  [ RunTime:0.0004s ]
NOTIC: [2] Invalid argument supplied for foreach() H:\docs\job\Application\Home\Model\CategoryModel.class.php 第 213 行.
SQL: SELECT * FROM `sql_category` WHERE ( status='1'and ismenu='1' and  pid='416'  )  [ RunTime:0.0003s ]
NOTIC: [2] Invalid argument supplied for foreach() H:\docs\job\Application\Home\Model\CategoryModel.class.php 第 213 行.
SQL: SELECT * FROM `sql_category` WHERE ( status='1'and ismenu='1' and  pid='417'  )  [ RunTime:0.0003s ]
NOTIC: [2] Invalid argument supplied for foreach() H:\docs\job\Application\Home\Model\CategoryModel.class.php 第 213 行.
SQL: SELECT * FROM `sql_category` WHERE ( status='1'and ismenu='1' and  pid='418'  )  [ RunTime:0.0003s ]
NOTIC: [2] Invalid argument supplied for foreach() H:\docs\job\Application\Home\Model\CategoryModel.class.php 第 213 行.
SQL: SELECT * FROM `sql_category` WHERE ( status='1'and ismenu='1' and  pid='419'  )  [ RunTime:0.0003s ]
NOTIC: [2] Invalid argument supplied for foreach() H:\docs\job\Application\Home\Model\CategoryModel.class.php 第 213 行.
SQL: SELECT * FROM `sql_category` WHERE ( status='1'and ismenu='1' and  pid='420'  )  [ RunTime:0.0003s ]
NOTIC: [2] Invalid argument supplied for foreach() H:\docs\job\Application\Home\Model\CategoryModel.class.php 第 213 行.
SQL: SELECT * FROM `sql_category` WHERE ( status='1'and ismenu='1' and  pid='421'  )  [ RunTime:0.0003s ]
NOTIC: [2] Invalid argument supplied for foreach() H:\docs\job\Application\Home\Model\CategoryModel.class.php 第 213 行.
SQL: SHOW COLUMNS FROM `sql_document` [ RunTime:0.0043s ]
NOTIC: [8] Undefined variable: listsort H:\docs\job\Application\Home\Controller\IndexController.class.php 第 137 行.
SQL: SELECT COUNT(*) AS tp_count FROM `sql_document` WHERE `category_id` IN ('in','410','411','412','413','414','415','416','417','418','419','420','421','421') AND `status` = 1 AND `iscate` = 1 LIMIT 1   [ RunTime:0.0005s ]
SQL: SELECT `id` FROM `sql_document` WHERE `category_id` IN ('in','410','411','412','413','414','415','416','417','418','419','420','421','421') AND `status` = 1 AND `iscate` = 1 LIMIT 0,10   [ RunTime:0.0005s ]
NOTIC: [2] Invalid argument supplied for foreach() H:\docs\job\Application\Home\Model\DocumentModel.class.php 第 136 行.
SQL: SELECT COUNT(id) AS tp_count FROM `sql_document` WHERE `category_id` IN ('in','410','411','412','413','414','415','416','417','418','419','420','421','421') AND `status` = 1 AND `iscate` = 1 LIMIT 1   [ RunTime:0.0004s ]

[ 2016-06-05T19:57:57+08:00 ] 127.0.0.1 /index.php?s=/Home/index/getJobByCateId.html
INFO: [ app_init ] --START--
INFO: Run Behavior\BuildLiteBehavior [ RunTime:0.000033s ]
INFO: Run Common\Behavior\InitHookBehavior [ RunTime:0.002788s ]
INFO: [ app_init ] --END-- [ RunTime:0.003523s ]
INFO: [ app_begin ] --START--
INFO: Run Behavior\ReadHtmlCacheBehavior [ RunTime:0.000701s ]
INFO: [ app_begin ] --END-- [ RunTime:0.000865s ]
SQL: SHOW COLUMNS FROM `sql_config` [ RunTime:0.0041s ]
SQL: SELECT `type`,`name`,`value` FROM `sql_config` WHERE `status` = 1  [ RunTime:0.0004s ]
SQL: SHOW COLUMNS FROM `sql_category` [ RunTime:0.0040s ]
SQL: SELECT `id`,`name`,`title`,`pid`,`sort`,`list_row`,`meta_title`,`keywords`,`description`,`template_index`,`template_lists`,`template_detail`,`template_edit`,`model`,`model_sub`,`type`,`link_id`,`allow_publish`,`display`,`reply`,`check`,`reply_model`,`extend`,`create_time`,`update_time`,`status`,`icon`,`groups`,`ismenu`,`ishot` FROM `sql_category` WHERE `id` = 422 LIMIT 1   [ RunTime:0.0004s ]
SQL: SELECT `id`,`name`,`title`,`pid`,`sort`,`list_row`,`meta_title`,`keywords`,`description`,`template_index`,`template_lists`,`template_detail`,`template_edit`,`model`,`model_sub`,`type`,`link_id`,`allow_publish`,`display`,`reply`,`check`,`reply_model`,`extend`,`create_time`,`update_time`,`status`,`icon`,`groups`,`ismenu`,`ishot` FROM `sql_category` WHERE `id` = 422 LIMIT 1   [ RunTime:0.0005s ]
SQL: SELECT `id`,`name`,`pid`,`title`,`link_id` FROM `sql_category` WHERE `status` = 1 AND `ismenu` = 1 ORDER BY sort  [ RunTime:0.0017s ]
SQL: SELECT * FROM `sql_category` WHERE ( status='1'and ismenu='1' and  pid='423'  )  [ RunTime:0.0005s ]
NOTIC: [2] Invalid argument supplied for foreach() H:\docs\job\Application\Home\Model\CategoryModel.class.php 第 213 行.
SQL: SELECT * FROM `sql_category` WHERE ( status='1'and ismenu='1' and  pid='424'  )  [ RunTime:0.0004s ]
NOTIC: [2] Invalid argument supplied for foreach() H:\docs\job\Application\Home\Model\CategoryModel.class.php 第 213 行.
SQL: SELECT * FROM `sql_category` WHERE ( status='1'and ismenu='1' and  pid='425'  )  [ RunTime:0.0003s ]
NOTIC: [2] Invalid argument supplied for foreach() H:\docs\job\Application\Home\Model\CategoryModel.class.php 第 213 行.
SQL: SELECT * FROM `sql_category` WHERE ( status='1'and ismenu='1' and  pid='426'  )  [ RunTime:0.0003s ]
NOTIC: [2] Invalid argument supplied for foreach() H:\docs\job\Application\Home\Model\CategoryModel.class.php 第 213 行.
SQL: SELECT * FROM `sql_category` WHERE ( status='1'and ismenu='1' and  pid='427'  )  [ RunTime:0.0004s ]
NOTIC: [2] Invalid argument supplied for foreach() H:\docs\job\Application\Home\Model\CategoryModel.class.php 第 213 行.
SQL: SELECT * FROM `sql_category` WHERE ( status='1'and ismenu='1' and  pid='428'  )  [ RunTime:0.0003s ]
NOTIC: [2] Invalid argument supplied for foreach() H:\docs\job\Application\Home\Model\CategoryModel.class.php 第 213 行.
SQL: SELECT * FROM `sql_category` WHERE ( status='1'and ismenu='1' and  pid='429'  )  [ RunTime:0.0003s ]
NOTIC: [2] Invalid argument supplied for foreach() H:\docs\job\Application\Home\Model\CategoryModel.class.php 第 213 行.
SQL: SHOW COLUMNS FROM `sql_document` [ RunTime:0.0043s ]
NOTIC: [8] Undefined variable: listsort H:\docs\job\Application\Home\Controller\IndexController.class.php 第 137 行.
SQL: SELECT COUNT(*) AS tp_count FROM `sql_document` WHERE `category_id` IN ('in','422','423','424','425','426','427','428','429','429') AND `status` = 1 AND `iscate` = 1 LIMIT 1   [ RunTime:0.0007s ]
SQL: SELECT `id` FROM `sql_document` WHERE `category_id` IN ('in','422','423','424','425','426','427','428','429','429') AND `status` = 1 AND `iscate` = 1 LIMIT 0,10   [ RunTime:0.0005s ]
NOTIC: [2] Invalid argument supplied for foreach() H:\docs\job\Application\Home\Model\DocumentModel.class.php 第 136 行.
SQL: SELECT COUNT(id) AS tp_count FROM `sql_document` WHERE `category_id` IN ('in','422','423','424','425','426','427','428','429','429') AND `status` = 1 AND `iscate` = 1 LIMIT 1   [ RunTime:0.0004s ]

[ 2016-06-05T19:57:57+08:00 ] 127.0.0.1 /index.php?s=/Home/index/getJobByCateId.html
INFO: [ app_init ] --START--
INFO: Run Behavior\BuildLiteBehavior [ RunTime:0.000058s ]
INFO: Run Common\Behavior\InitHookBehavior [ RunTime:0.002322s ]
INFO: [ app_init ] --END-- [ RunTime:0.003182s ]
INFO: [ app_begin ] --START--
INFO: Run Behavior\ReadHtmlCacheBehavior [ RunTime:0.000606s ]
INFO: [ app_begin ] --END-- [ RunTime:0.000748s ]
SQL: SHOW COLUMNS FROM `sql_config` [ RunTime:0.0041s ]
SQL: SELECT `type`,`name`,`value` FROM `sql_config` WHERE `status` = 1  [ RunTime:0.0004s ]
SQL: SHOW COLUMNS FROM `sql_category` [ RunTime:0.0041s ]
SQL: SELECT `id`,`name`,`title`,`pid`,`sort`,`list_row`,`meta_title`,`keywords`,`description`,`template_index`,`template_lists`,`template_detail`,`template_edit`,`model`,`model_sub`,`type`,`link_id`,`allow_publish`,`display`,`reply`,`check`,`reply_model`,`extend`,`create_time`,`update_time`,`status`,`icon`,`groups`,`ismenu`,`ishot` FROM `sql_category` WHERE `id` = 430 LIMIT 1   [ RunTime:0.0004s ]
SQL: SELECT `id`,`name`,`title`,`pid`,`sort`,`list_row`,`meta_title`,`keywords`,`description`,`template_index`,`template_lists`,`template_detail`,`template_edit`,`model`,`model_sub`,`type`,`link_id`,`allow_publish`,`display`,`reply`,`check`,`reply_model`,`extend`,`create_time`,`update_time`,`status`,`icon`,`groups`,`ismenu`,`ishot` FROM `sql_category` WHERE `id` = 430 LIMIT 1   [ RunTime:0.0005s ]
SQL: SELECT `id`,`name`,`pid`,`title`,`link_id` FROM `sql_category` WHERE `status` = 1 AND `ismenu` = 1 ORDER BY sort  [ RunTime:0.0017s ]
SQL: SELECT * FROM `sql_category` WHERE ( status='1'and ismenu='1' and  pid='431'  )  [ RunTime:0.0005s ]
NOTIC: [2] Invalid argument supplied for foreach() H:\docs\job\Application\Home\Model\CategoryModel.class.php 第 213 行.
SQL: SELECT * FROM `sql_category` WHERE ( status='1'and ismenu='1' and  pid='432'  )  [ RunTime:0.0003s ]
NOTIC: [2] Invalid argument supplied for foreach() H:\docs\job\Application\Home\Model\CategoryModel.class.php 第 213 行.
SQL: SELECT * FROM `sql_category` WHERE ( status='1'and ismenu='1' and  pid='433'  )  [ RunTime:0.0003s ]
NOTIC: [2] Invalid argument supplied for foreach() H:\docs\job\Application\Home\Model\CategoryModel.class.php 第 213 行.
SQL: SELECT * FROM `sql_category` WHERE ( status='1'and ismenu='1' and  pid='434'  )  [ RunTime:0.0004s ]
NOTIC: [2] Invalid argument supplied for foreach() H:\docs\job\Application\Home\Model\CategoryModel.class.php 第 213 行.
SQL: SELECT * FROM `sql_category` WHERE ( status='1'and ismenu='1' and  pid='435'  )  [ RunTime:0.0003s ]
NOTIC: [2] Invalid argument supplied for foreach() H:\docs\job\Application\Home\Model\CategoryModel.class.php 第 213 行.
SQL: SELECT * FROM `sql_category` WHERE ( status='1'and ismenu='1' and  pid='436'  )  [ RunTime:0.0003s ]
NOTIC: [2] Invalid argument supplied for foreach() H:\docs\job\Application\Home\Model\CategoryModel.class.php 第 213 行.
SQL: SELECT * FROM `sql_category` WHERE ( status='1'and ismenu='1' and  pid='437'  )  [ RunTime:0.0003s ]
NOTIC: [2] Invalid argument supplied for foreach() H:\docs\job\Application\Home\Model\CategoryModel.class.php 第 213 行.
SQL: SELECT * FROM `sql_category` WHERE ( status='1'and ismenu='1' and  pid='438'  )  [ RunTime:0.0003s ]
NOTIC: [2] Invalid argument supplied for foreach() H:\docs\job\Application\Home\Model\CategoryModel.class.php 第 213 行.
SQL: SELECT * FROM `sql_category` WHERE ( status='1'and ismenu='1' and  pid='439'  )  [ RunTime:0.0004s ]
NOTIC: [2] Invalid argument supplied for foreach() H:\docs\job\Application\Home\Model\CategoryModel.class.php 第 213 行.
SQL: SELECT * FROM `sql_category` WHERE ( status='1'and ismenu='1' and  pid='441'  )  [ RunTime:0.0003s ]
NOTIC: [2] Invalid argument supplied for foreach() H:\docs\job\Application\Home\Model\CategoryModel.class.php 第 213 行.
SQL: SHOW COLUMNS FROM `sql_document` [ RunTime:0.0040s ]
NOTIC: [8] Undefined variable: listsort H:\docs\job\Application\Home\Controller\IndexController.class.php 第 137 行.
SQL: SELECT COUNT(*) AS tp_count FROM `sql_document` WHERE `category_id` IN ('in','430','431','432','433','434','435','436','437','438','439','441','441') AND `status` = 1 AND `iscate` = 1 LIMIT 1   [ RunTime:0.0005s ]
SQL: SELECT `id` FROM `sql_document` WHERE `category_id` IN ('in','430','431','432','433','434','435','436','437','438','439','441','441') AND `status` = 1 AND `iscate` = 1 LIMIT 0,10   [ RunTime:0.0004s ]
NOTIC: [2] Invalid argument supplied for foreach() H:\docs\job\Application\Home\Model\DocumentModel.class.php 第 136 行.
SQL: SELECT COUNT(id) AS tp_count FROM `sql_document` WHERE `category_id` IN ('in','430','431','432','433','434','435','436','437','438','439','441','441') AND `status` = 1 AND `iscate` = 1 LIMIT 1   [ RunTime:0.0004s ]

[ 2016-06-05T19:57:57+08:00 ] 127.0.0.1 /index.php?s=/Home/index/getJobByCateId.html
INFO: [ app_init ] --START--
INFO: Run Behavior\BuildLiteBehavior [ RunTime:0.000066s ]
INFO: Run Common\Behavior\InitHookBehavior [ RunTime:0.002426s ]
INFO: [ app_init ] --END-- [ RunTime:0.003191s ]
INFO: [ app_begin ] --START--
INFO: Run Behavior\ReadHtmlCacheBehavior [ RunTime:0.000629s ]
INFO: [ app_begin ] --END-- [ RunTime:0.000774s ]
SQL: SHOW COLUMNS FROM `sql_config` [ RunTime:0.0042s ]
SQL: SELECT `type`,`name`,`value` FROM `sql_config` WHERE `status` = 1  [ RunTime:0.0004s ]
SQL: SHOW COLUMNS FROM `sql_category` [ RunTime:0.0042s ]
SQL: SELECT `id`,`name`,`title`,`pid`,`sort`,`list_row`,`meta_title`,`keywords`,`description`,`template_index`,`template_lists`,`template_detail`,`template_edit`,`model`,`model_sub`,`type`,`link_id`,`allow_publish`,`display`,`reply`,`check`,`reply_model`,`extend`,`create_time`,`update_time`,`status`,`icon`,`groups`,`ismenu`,`ishot` FROM `sql_category` WHERE `id` = 440 LIMIT 1   [ RunTime:0.0004s ]
SQL: SELECT `id`,`name`,`title`,`pid`,`sort`,`list_row`,`meta_title`,`keywords`,`description`,`template_index`,`template_lists`,`template_detail`,`template_edit`,`model`,`model_sub`,`type`,`link_id`,`allow_publish`,`display`,`reply`,`check`,`reply_model`,`extend`,`create_time`,`update_time`,`status`,`icon`,`groups`,`ismenu`,`ishot` FROM `sql_category` WHERE `id` = 440 LIMIT 1   [ RunTime:0.0004s ]
SQL: SELECT `id`,`name`,`pid`,`title`,`link_id` FROM `sql_category` WHERE `status` = 1 AND `ismenu` = 1 ORDER BY sort  [ RunTime:0.0019s ]
SQL: SELECT * FROM `sql_category` WHERE ( status='1'and ismenu='1' and  pid='443'  )  [ RunTime:0.0005s ]
NOTIC: [2] Invalid argument supplied for foreach() H:\docs\job\Application\Home\Model\CategoryModel.class.php 第 213 行.
SQL: SELECT * FROM `sql_category` WHERE ( status='1'and ismenu='1' and  pid='444'  )  [ RunTime:0.0004s ]
NOTIC: [2] Invalid argument supplied for foreach() H:\docs\job\Application\Home\Model\CategoryModel.class.php 第 213 行.
SQL: SELECT * FROM `sql_category` WHERE ( status='1'and ismenu='1' and  pid='445'  )  [ RunTime:0.0003s ]
NOTIC: [2] Invalid argument supplied for foreach() H:\docs\job\Application\Home\Model\CategoryModel.class.php 第 213 行.
SQL: SELECT * FROM `sql_category` WHERE ( status='1'and ismenu='1' and  pid='446'  )  [ RunTime:0.0003s ]
NOTIC: [2] Invalid argument supplied for foreach() H:\docs\job\Application\Home\Model\CategoryModel.class.php 第 213 行.
SQL: SELECT * FROM `sql_category` WHERE ( status='1'and ismenu='1' and  pid='447'  )  [ RunTime:0.0003s ]
NOTIC: [2] Invalid argument supplied for foreach() H:\docs\job\Application\Home\Model\CategoryModel.class.php 第 213 行.
SQL: SELECT * FROM `sql_category` WHERE ( status='1'and ismenu='1' and  pid='448'  )  [ RunTime:0.0003s ]
NOTIC: [2] Invalid argument supplied for foreach() H:\docs\job\Application\Home\Model\CategoryModel.class.php 第 213 行.
SQL: SELECT * FROM `sql_category` WHERE ( status='1'and ismenu='1' and  pid='449'  )  [ RunTime:0.0003s ]
NOTIC: [2] Invalid argument supplied for foreach() H:\docs\job\Application\Home\Model\CategoryModel.class.php 第 213 行.
SQL: SELECT * FROM `sql_category` WHERE ( status='1'and ismenu='1' and  pid='450'  )  [ RunTime:0.0008s ]
NOTIC: [2] Invalid argument supplied for foreach() H:\docs\job\Application\Home\Model\CategoryModel.class.php 第 213 行.
SQL: SELECT * FROM `sql_category` WHERE ( status='1'and ismenu='1' and  pid='451'  )  [ RunTime:0.0003s ]
NOTIC: [2] Invalid argument supplied for foreach() H:\docs\job\Application\Home\Model\CategoryModel.class.php 第 213 行.
SQL: SELECT * FROM `sql_category` WHERE ( status='1'and ismenu='1' and  pid='452'  )  [ RunTime:0.0003s ]
NOTIC: [2] Invalid argument supplied for foreach() H:\docs\job\Application\Home\Model\CategoryModel.class.php 第 213 行.
SQL: SELECT * FROM `sql_category` WHERE ( status='1'and ismenu='1' and  pid='453'  )  [ RunTime:0.0003s ]
NOTIC: [2] Invalid argument supplied for foreach() H:\docs\job\Application\Home\Model\CategoryModel.class.php 第 213 行.
SQL: SELECT * FROM `sql_category` WHERE ( status='1'and ismenu='1' and  pid='454'  )  [ RunTime:0.0003s ]
NOTIC: [2] Invalid argument supplied for foreach() H:\docs\job\Application\Home\Model\CategoryModel.class.php 第 213 行.
SQL: SELECT * FROM `sql_category` WHERE ( status='1'and ismenu='1' and  pid='455'  )  [ RunTime:0.0003s ]
NOTIC: [2] Invalid argument supplied for foreach() H:\docs\job\Application\Home\Model\CategoryModel.class.php 第 213 行.
SQL: SELECT * FROM `sql_category` WHERE ( status='1'and ismenu='1' and  pid='456'  )  [ RunTime:0.0003s ]
NOTIC: [2] Invalid argument supplied for foreach() H:\docs\job\Application\Home\Model\CategoryModel.class.php 第 213 行.
SQL: SELECT * FROM `sql_category` WHERE ( status='1'and ismenu='1' and  pid='457'  )  [ RunTime:0.0003s ]
NOTIC: [2] Invalid argument supplied for foreach() H:\docs\job\Application\Home\Model\CategoryModel.class.php 第 213 行.
SQL: SELECT * FROM `sql_category` WHERE ( status='1'and ismenu='1' and  pid='458'  )  [ RunTime:0.0004s ]
NOTIC: [2] Invalid argument supplied for foreach() H:\docs\job\Application\Home\Model\CategoryModel.class.php 第 213 行.
SQL: SHOW COLUMNS FROM `sql_document` [ RunTime:0.0042s ]
NOTIC: [8] Undefined variable: listsort H:\docs\job\Application\Home\Controller\IndexController.class.php 第 137 行.
SQL: SELECT COUNT(*) AS tp_count FROM `sql_document` WHERE `category_id` IN ('in','440','443','444','445','446','447','448','449','450','451','452','453','454','455','456','457','458','458') AND `status` = 1 AND `iscate` = 1 LIMIT 1   [ RunTime:0.0005s ]
SQL: SELECT `id` FROM `sql_document` WHERE `category_id` IN ('in','440','443','444','445','446','447','448','449','450','451','452','453','454','455','456','457','458','458') AND `status` = 1 AND `iscate` = 1 LIMIT 0,10   [ RunTime:0.0005s ]
NOTIC: [2] Invalid argument supplied for foreach() H:\docs\job\Application\Home\Model\DocumentModel.class.php 第 136 行.
SQL: SELECT COUNT(id) AS tp_count FROM `sql_document` WHERE `category_id` IN ('in','440','443','444','445','446','447','448','449','450','451','452','453','454','455','456','457','458','458') AND `status` = 1 AND `iscate` = 1 LIMIT 1   [ RunTime:0.0004s ]

[ 2016-06-05T19:57:57+08:00 ] 127.0.0.1 /index.php?s=/Home/index/getJobByCateId.html
INFO: [ app_init ] --START--
INFO: Run Behavior\BuildLiteBehavior [ RunTime:0.000033s ]
INFO: Run Common\Behavior\InitHookBehavior [ RunTime:0.002180s ]
INFO: [ app_init ] --END-- [ RunTime:0.002884s ]
INFO: [ app_begin ] --START--
INFO: Run Behavior\ReadHtmlCacheBehavior [ RunTime:0.000596s ]
INFO: [ app_begin ] --END-- [ RunTime:0.000746s ]
SQL: SHOW COLUMNS FROM `sql_config` [ RunTime:0.0038s ]
SQL: SELECT `type`,`name`,`value` FROM `sql_config` WHERE `status` = 1  [ RunTime:0.0004s ]
SQL: SHOW COLUMNS FROM `sql_category` [ RunTime:0.0045s ]
SQL: SELECT `id`,`name`,`title`,`pid`,`sort`,`list_row`,`meta_title`,`keywords`,`description`,`template_index`,`template_lists`,`template_detail`,`template_edit`,`model`,`model_sub`,`type`,`link_id`,`allow_publish`,`display`,`reply`,`check`,`reply_model`,`extend`,`create_time`,`update_time`,`status`,`icon`,`groups`,`ismenu`,`ishot` FROM `sql_category` WHERE `id` = 459 LIMIT 1   [ RunTime:0.0004s ]
SQL: SELECT `id`,`name`,`title`,`pid`,`sort`,`list_row`,`meta_title`,`keywords`,`description`,`template_index`,`template_lists`,`template_detail`,`template_edit`,`model`,`model_sub`,`type`,`link_id`,`allow_publish`,`display`,`reply`,`check`,`reply_model`,`extend`,`create_time`,`update_time`,`status`,`icon`,`groups`,`ismenu`,`ishot` FROM `sql_category` WHERE `id` = 459 LIMIT 1   [ RunTime:0.0004s ]
SQL: SELECT `id`,`name`,`pid`,`title`,`link_id` FROM `sql_category` WHERE `status` = 1 AND `ismenu` = 1 ORDER BY sort  [ RunTime:0.0017s ]
SQL: SELECT * FROM `sql_category` WHERE ( status='1'and ismenu='1' and  pid='460'  )  [ RunTime:0.0005s ]
NOTIC: [2] Invalid argument supplied for foreach() H:\docs\job\Application\Home\Model\CategoryModel.class.php 第 213 行.
SQL: SELECT * FROM `sql_category` WHERE ( status='1'and ismenu='1' and  pid='461'  )  [ RunTime:0.0003s ]
NOTIC: [2] Invalid argument supplied for foreach() H:\docs\job\Application\Home\Model\CategoryModel.class.php 第 213 行.
SQL: SELECT * FROM `sql_category` WHERE ( status='1'and ismenu='1' and  pid='462'  )  [ RunTime:0.0005s ]
NOTIC: [2] Invalid argument supplied for foreach() H:\docs\job\Application\Home\Model\CategoryModel.class.php 第 213 行.
SQL: SELECT * FROM `sql_category` WHERE ( status='1'and ismenu='1' and  pid='463'  )  [ RunTime:0.0008s ]
NOTIC: [2] Invalid argument supplied for foreach() H:\docs\job\Application\Home\Model\CategoryModel.class.php 第 213 行.
SQL: SELECT * FROM `sql_category` WHERE ( status='1'and ismenu='1' and  pid='464'  )  [ RunTime:0.0005s ]
NOTIC: [2] Invalid argument supplied for foreach() H:\docs\job\Application\Home\Model\CategoryModel.class.php 第 213 行.
SQL: SELECT * FROM `sql_category` WHERE ( status='1'and ismenu='1' and  pid='465'  )  [ RunTime:0.0004s ]
NOTIC: [2] Invalid argument supplied for foreach() H:\docs\job\Application\Home\Model\CategoryModel.class.php 第 213 行.
SQL: SELECT * FROM `sql_category` WHERE ( status='1'and ismenu='1' and  pid='466'  )  [ RunTime:0.0007s ]
NOTIC: [2] Invalid argument supplied for foreach() H:\docs\job\Application\Home\Model\CategoryModel.class.php 第 213 行.
SQL: SELECT * FROM `sql_category` WHERE ( status='1'and ismenu='1' and  pid='467'  )  [ RunTime:0.0005s ]
NOTIC: [2] Invalid argument supplied for foreach() H:\docs\job\Application\Home\Model\CategoryModel.class.php 第 213 行.
SQL: SELECT * FROM `sql_category` WHERE ( status='1'and ismenu='1' and  pid='468'  )  [ RunTime:0.0007s ]
NOTIC: [2] Invalid argument supplied for foreach() H:\docs\job\Application\Home\Model\CategoryModel.class.php 第 213 行.
SQL: SELECT * FROM `sql_category` WHERE ( status='1'and ismenu='1' and  pid='469'  )  [ RunTime:0.0005s ]
NOTIC: [2] Invalid argument supplied for foreach() H:\docs\job\Application\Home\Model\CategoryModel.class.php 第 213 行.
SQL: SELECT * FROM `sql_category` WHERE ( status='1'and ismenu='1' and  pid='470'  )  [ RunTime:0.0004s ]
NOTIC: [2] Invalid argument supplied for foreach() H:\docs\job\Application\Home\Model\CategoryModel.class.php 第 213 行.
SQL: SHOW COLUMNS FROM `sql_document` [ RunTime:0.0042s ]
NOTIC: [8] Undefined variable: listsort H:\docs\job\Application\Home\Controller\IndexController.class.php 第 137 行.
SQL: SELECT COUNT(*) AS tp_count FROM `sql_document` WHERE `category_id` IN ('in','459','460','461','462','463','464','465','466','467','468','469','470','470') AND `status` = 1 AND `iscate` = 1 LIMIT 1   [ RunTime:0.0006s ]
SQL: SELECT `id` FROM `sql_document` WHERE `category_id` IN ('in','459','460','461','462','463','464','465','466','467','468','469','470','470') AND `status` = 1 AND `iscate` = 1 LIMIT 0,10   [ RunTime:0.0007s ]
NOTIC: [2] Invalid argument supplied for foreach() H:\docs\job\Application\Home\Model\DocumentModel.class.php 第 136 行.
SQL: SELECT COUNT(id) AS tp_count FROM `sql_document` WHERE `category_id` IN ('in','459','460','461','462','463','464','465','466','467','468','469','470','470') AND `status` = 1 AND `iscate` = 1 LIMIT 1   [ RunTime:0.0005s ]

[ 2016-06-05T19:57:57+08:00 ] 127.0.0.1 /index.php?s=/Home/index/getJobByCateId.html
INFO: [ app_init ] --START--
INFO: Run Behavior\BuildLiteBehavior [ RunTime:0.000030s ]
INFO: Run Common\Behavior\InitHookBehavior [ RunTime:0.002061s ]
INFO: [ app_init ] --END-- [ RunTime:0.002703s ]
INFO: [ app_begin ] --START--
INFO: Run Behavior\ReadHtmlCacheBehavior [ RunTime:0.000625s ]
INFO: [ app_begin ] --END-- [ RunTime:0.000796s ]
SQL: SHOW COLUMNS FROM `sql_config` [ RunTime:0.0045s ]
SQL: SELECT `type`,`name`,`value` FROM `sql_config` WHERE `status` = 1  [ RunTime:0.0006s ]
SQL: SHOW COLUMNS FROM `sql_category` [ RunTime:0.0042s ]
SQL: SELECT `id`,`name`,`title`,`pid`,`sort`,`list_row`,`meta_title`,`keywords`,`description`,`template_index`,`template_lists`,`template_detail`,`template_edit`,`model`,`model_sub`,`type`,`link_id`,`allow_publish`,`display`,`reply`,`check`,`reply_model`,`extend`,`create_time`,`update_time`,`status`,`icon`,`groups`,`ismenu`,`ishot` FROM `sql_category` WHERE `id` = 471 LIMIT 1   [ RunTime:0.0006s ]
SQL: SELECT `id`,`name`,`title`,`pid`,`sort`,`list_row`,`meta_title`,`keywords`,`description`,`template_index`,`template_lists`,`template_detail`,`template_edit`,`model`,`model_sub`,`type`,`link_id`,`allow_publish`,`display`,`reply`,`check`,`reply_model`,`extend`,`create_time`,`update_time`,`status`,`icon`,`groups`,`ismenu`,`ishot` FROM `sql_category` WHERE `id` = 471 LIMIT 1   [ RunTime:0.0005s ]
SQL: SELECT `id`,`name`,`pid`,`title`,`link_id` FROM `sql_category` WHERE `status` = 1 AND `ismenu` = 1 ORDER BY sort  [ RunTime:0.0024s ]
SQL: SELECT * FROM `sql_category` WHERE ( status='1'and ismenu='1' and  pid='472'  )  [ RunTime:0.0005s ]
NOTIC: [2] Invalid argument supplied for foreach() H:\docs\job\Application\Home\Model\CategoryModel.class.php 第 213 行.
SQL: SELECT * FROM `sql_category` WHERE ( status='1'and ismenu='1' and  pid='473'  )  [ RunTime:0.0003s ]
NOTIC: [2] Invalid argument supplied for foreach() H:\docs\job\Application\Home\Model\CategoryModel.class.php 第 213 行.
SQL: SELECT * FROM `sql_category` WHERE ( status='1'and ismenu='1' and  pid='474'  )  [ RunTime:0.0003s ]
NOTIC: [2] Invalid argument supplied for foreach() H:\docs\job\Application\Home\Model\CategoryModel.class.php 第 213 行.
SQL: SELECT * FROM `sql_category` WHERE ( status='1'and ismenu='1' and  pid='475'  )  [ RunTime:0.0003s ]
NOTIC: [2] Invalid argument supplied for foreach() H:\docs\job\Application\Home\Model\CategoryModel.class.php 第 213 行.
SQL: SELECT * FROM `sql_category` WHERE ( status='1'and ismenu='1' and  pid='476'  )  [ RunTime:0.0003s ]
NOTIC: [2] Invalid argument supplied for foreach() H:\docs\job\Application\Home\Model\CategoryModel.class.php 第 213 行.
SQL: SELECT * FROM `sql_category` WHERE ( status='1'and ismenu='1' and  pid='477'  )  [ RunTime:0.0003s ]
NOTIC: [2] Invalid argument supplied for foreach() H:\docs\job\Application\Home\Model\CategoryModel.class.php 第 213 行.
SQL: SELECT * FROM `sql_category` WHERE ( status='1'and ismenu='1' and  pid='478'  )  [ RunTime:0.0003s ]
NOTIC: [2] Invalid argument supplied for foreach() H:\docs\job\Application\Home\Model\CategoryModel.class.php 第 213 行.
SQL: SELECT * FROM `sql_category` WHERE ( status='1'and ismenu='1' and  pid='479'  )  [ RunTime:0.0003s ]
NOTIC: [2] Invalid argument supplied for foreach() H:\docs\job\Application\Home\Model\CategoryModel.class.php 第 213 行.
SQL: SELECT * FROM `sql_category` WHERE ( status='1'and ismenu='1' and  pid='480'  )  [ RunTime:0.0004s ]
NOTIC: [2] Invalid argument supplied for foreach() H:\docs\job\Application\Home\Model\CategoryModel.class.php 第 213 行.
SQL: SELECT * FROM `sql_category` WHERE ( status='1'and ismenu='1' and  pid='481'  )  [ RunTime:0.0004s ]
NOTIC: [2] Invalid argument supplied for foreach() H:\docs\job\Application\Home\Model\CategoryModel.class.php 第 213 行.
SQL: SELECT * FROM `sql_category` WHERE ( status='1'and ismenu='1' and  pid='482'  )  [ RunTime:0.0003s ]
NOTIC: [2] Invalid argument supplied for foreach() H:\docs\job\Application\Home\Model\CategoryModel.class.php 第 213 行.
SQL: SELECT * FROM `sql_category` WHERE ( status='1'and ismenu='1' and  pid='483'  )  [ RunTime:0.0004s ]
NOTIC: [2] Invalid argument supplied for foreach() H:\docs\job\Application\Home\Model\CategoryModel.class.php 第 213 行.
SQL: SELECT * FROM `sql_category` WHERE ( status='1'and ismenu='1' and  pid='484'  )  [ RunTime:0.0003s ]
NOTIC: [2] Invalid argument supplied for foreach() H:\docs\job\Application\Home\Model\CategoryModel.class.php 第 213 行.
SQL: SELECT * FROM `sql_category` WHERE ( status='1'and ismenu='1' and  pid='485'  )  [ RunTime:0.0004s ]
NOTIC: [2] Invalid argument supplied for foreach() H:\docs\job\Application\Home\Model\CategoryModel.class.php 第 213 行.
SQL: SHOW COLUMNS FROM `sql_document` [ RunTime:0.0042s ]
NOTIC: [8] Undefined variable: listsort H:\docs\job\Application\Home\Controller\IndexController.class.php 第 137 行.
SQL: SELECT COUNT(*) AS tp_count FROM `sql_document` WHERE `category_id` IN ('in','471','472','473','474','475','476','477','478','479','480','481','482','483','484','485','485') AND `status` = 1 AND `iscate` = 1 LIMIT 1   [ RunTime:0.0005s ]
SQL: SELECT `id` FROM `sql_document` WHERE `category_id` IN ('in','471','472','473','474','475','476','477','478','479','480','481','482','483','484','485','485') AND `status` = 1 AND `iscate` = 1 LIMIT 0,10   [ RunTime:0.0004s ]
NOTIC: [2] Invalid argument supplied for foreach() H:\docs\job\Application\Home\Model\DocumentModel.class.php 第 136 行.
SQL: SELECT COUNT(id) AS tp_count FROM `sql_document` WHERE `category_id` IN ('in','471','472','473','474','475','476','477','478','479','480','481','482','483','484','485','485') AND `status` = 1 AND `iscate` = 1 LIMIT 1   [ RunTime:0.0004s ]

[ 2016-06-05T19:57:57+08:00 ] 127.0.0.1 /index.php?s=/Home/index/getJobByCateId.html
INFO: [ app_init ] --START--
INFO: Run Behavior\BuildLiteBehavior [ RunTime:0.000032s ]
INFO: Run Common\Behavior\InitHookBehavior [ RunTime:0.002232s ]
INFO: [ app_init ] --END-- [ RunTime:0.002943s ]
INFO: [ app_begin ] --START--
INFO: Run Behavior\ReadHtmlCacheBehavior [ RunTime:0.000574s ]
INFO: [ app_begin ] --END-- [ RunTime:0.000719s ]
SQL: SHOW COLUMNS FROM `sql_config` [ RunTime:0.0038s ]
SQL: SELECT `type`,`name`,`value` FROM `sql_config` WHERE `status` = 1  [ RunTime:0.0006s ]
SQL: SHOW COLUMNS FROM `sql_category` [ RunTime:0.0046s ]
SQL: SELECT `id`,`name`,`title`,`pid`,`sort`,`list_row`,`meta_title`,`keywords`,`description`,`template_index`,`template_lists`,`template_detail`,`template_edit`,`model`,`model_sub`,`type`,`link_id`,`allow_publish`,`display`,`reply`,`check`,`reply_model`,`extend`,`create_time`,`update_time`,`status`,`icon`,`groups`,`ismenu`,`ishot` FROM `sql_category` WHERE `id` = 486 LIMIT 1   [ RunTime:0.0005s ]
SQL: SELECT `id`,`name`,`title`,`pid`,`sort`,`list_row`,`meta_title`,`keywords`,`description`,`template_index`,`template_lists`,`template_detail`,`template_edit`,`model`,`model_sub`,`type`,`link_id`,`allow_publish`,`display`,`reply`,`check`,`reply_model`,`extend`,`create_time`,`update_time`,`status`,`icon`,`groups`,`ismenu`,`ishot` FROM `sql_category` WHERE `id` = 486 LIMIT 1   [ RunTime:0.0005s ]
SQL: SELECT `id`,`name`,`pid`,`title`,`link_id` FROM `sql_category` WHERE `status` = 1 AND `ismenu` = 1 ORDER BY sort  [ RunTime:0.0019s ]
SQL: SELECT * FROM `sql_category` WHERE ( status='1'and ismenu='1' and  pid='487'  )  [ RunTime:0.0004s ]
NOTIC: [2] Invalid argument supplied for foreach() H:\docs\job\Application\Home\Model\CategoryModel.class.php 第 213 行.
SQL: SELECT * FROM `sql_category` WHERE ( status='1'and ismenu='1' and  pid='488'  )  [ RunTime:0.0003s ]
NOTIC: [2] Invalid argument supplied for foreach() H:\docs\job\Application\Home\Model\CategoryModel.class.php 第 213 行.
SQL: SELECT * FROM `sql_category` WHERE ( status='1'and ismenu='1' and  pid='489'  )  [ RunTime:0.0003s ]
NOTIC: [2] Invalid argument supplied for foreach() H:\docs\job\Application\Home\Model\CategoryModel.class.php 第 213 行.
SQL: SELECT * FROM `sql_category` WHERE ( status='1'and ismenu='1' and  pid='490'  )  [ RunTime:0.0003s ]
NOTIC: [2] Invalid argument supplied for foreach() H:\docs\job\Application\Home\Model\CategoryModel.class.php 第 213 行.
SQL: SHOW COLUMNS FROM `sql_document` [ RunTime:0.0045s ]
NOTIC: [8] Undefined variable: listsort H:\docs\job\Application\Home\Controller\IndexController.class.php 第 137 行.
SQL: SELECT COUNT(*) AS tp_count FROM `sql_document` WHERE `category_id` IN ('in','486','487','488','489','490','490') AND `status` = 1 AND `iscate` = 1 LIMIT 1   [ RunTime:0.0006s ]
SQL: SELECT `id` FROM `sql_document` WHERE `category_id` IN ('in','486','487','488','489','490','490') AND `status` = 1 AND `iscate` = 1 LIMIT 0,10   [ RunTime:0.0004s ]
NOTIC: [2] Invalid argument supplied for foreach() H:\docs\job\Application\Home\Model\DocumentModel.class.php 第 136 行.
SQL: SELECT COUNT(id) AS tp_count FROM `sql_document` WHERE `category_id` IN ('in','486','487','488','489','490','490') AND `status` = 1 AND `iscate` = 1 LIMIT 1   [ RunTime:0.0004s ]

[ 2016-06-05T19:57:57+08:00 ] 127.0.0.1 /index.php?s=/Home/index/getJobByCateId.html
INFO: [ app_init ] --START--
INFO: Run Behavior\BuildLiteBehavior [ RunTime:0.000043s ]
INFO: Run Common\Behavior\InitHookBehavior [ RunTime:0.002185s ]
INFO: [ app_init ] --END-- [ RunTime:0.002949s ]
INFO: [ app_begin ] --START--
INFO: Run Behavior\ReadHtmlCacheBehavior [ RunTime:0.000602s ]
INFO: [ app_begin ] --END-- [ RunTime:0.000751s ]
SQL: SHOW COLUMNS FROM `sql_config` [ RunTime:0.0040s ]
SQL: SELECT `type`,`name`,`value` FROM `sql_config` WHERE `status` = 1  [ RunTime:0.0004s ]
SQL: SHOW COLUMNS FROM `sql_category` [ RunTime:0.0042s ]
SQL: SELECT `id`,`name`,`title`,`pid`,`sort`,`list_row`,`meta_title`,`keywords`,`description`,`template_index`,`template_lists`,`template_detail`,`template_edit`,`model`,`model_sub`,`type`,`link_id`,`allow_publish`,`display`,`reply`,`check`,`reply_model`,`extend`,`create_time`,`update_time`,`status`,`icon`,`groups`,`ismenu`,`ishot` FROM `sql_category` WHERE `id` = 491 LIMIT 1   [ RunTime:0.0005s ]
SQL: SELECT `id`,`name`,`title`,`pid`,`sort`,`list_row`,`meta_title`,`keywords`,`description`,`template_index`,`template_lists`,`template_detail`,`template_edit`,`model`,`model_sub`,`type`,`link_id`,`allow_publish`,`display`,`reply`,`check`,`reply_model`,`extend`,`create_time`,`update_time`,`status`,`icon`,`groups`,`ismenu`,`ishot` FROM `sql_category` WHERE `id` = 491 LIMIT 1   [ RunTime:0.0004s ]
SQL: SELECT `id`,`name`,`pid`,`title`,`link_id` FROM `sql_category` WHERE `status` = 1 AND `ismenu` = 1 ORDER BY sort  [ RunTime:0.0017s ]
SQL: SELECT * FROM `sql_category` WHERE ( status='1'and ismenu='1' and  pid='492'  )  [ RunTime:0.0004s ]
NOTIC: [2] Invalid argument supplied for foreach() H:\docs\job\Application\Home\Model\CategoryModel.class.php 第 213 行.
SQL: SELECT * FROM `sql_category` WHERE ( status='1'and ismenu='1' and  pid='493'  )  [ RunTime:0.0003s ]
NOTIC: [2] Invalid argument supplied for foreach() H:\docs\job\Application\Home\Model\CategoryModel.class.php 第 213 行.
SQL: SELECT * FROM `sql_category` WHERE ( status='1'and ismenu='1' and  pid='494'  )  [ RunTime:0.0003s ]
NOTIC: [2] Invalid argument supplied for foreach() H:\docs\job\Application\Home\Model\CategoryModel.class.php 第 213 行.
SQL: SELECT * FROM `sql_category` WHERE ( status='1'and ismenu='1' and  pid='495'  )  [ RunTime:0.0003s ]
NOTIC: [2] Invalid argument supplied for foreach() H:\docs\job\Application\Home\Model\CategoryModel.class.php 第 213 行.
SQL: SELECT * FROM `sql_category` WHERE ( status='1'and ismenu='1' and  pid='496'  )  [ RunTime:0.0003s ]
NOTIC: [2] Invalid argument supplied for foreach() H:\docs\job\Application\Home\Model\CategoryModel.class.php 第 213 行.
SQL: SELECT * FROM `sql_category` WHERE ( status='1'and ismenu='1' and  pid='497'  )  [ RunTime:0.0003s ]
NOTIC: [2] Invalid argument supplied for foreach() H:\docs\job\Application\Home\Model\CategoryModel.class.php 第 213 行.
SQL: SELECT * FROM `sql_category` WHERE ( status='1'and ismenu='1' and  pid='498'  )  [ RunTime:0.0003s ]
NOTIC: [2] Invalid argument supplied for foreach() H:\docs\job\Application\Home\Model\CategoryModel.class.php 第 213 行.
SQL: SELECT * FROM `sql_category` WHERE ( status='1'and ismenu='1' and  pid='499'  )  [ RunTime:0.0003s ]
NOTIC: [2] Invalid argument supplied for foreach() H:\docs\job\Application\Home\Model\CategoryModel.class.php 第 213 行.
SQL: SELECT * FROM `sql_category` WHERE ( status='1'and ismenu='1' and  pid='500'  )  [ RunTime:0.0003s ]
NOTIC: [2] Invalid argument supplied for foreach() H:\docs\job\Application\Home\Model\CategoryModel.class.php 第 213 行.
SQL: SHOW COLUMNS FROM `sql_document` [ RunTime:0.0046s ]
NOTIC: [8] Undefined variable: listsort H:\docs\job\Application\Home\Controller\IndexController.class.php 第 137 行.
SQL: SELECT COUNT(*) AS tp_count FROM `sql_document` WHERE `category_id` IN ('in','491','492','493','494','495','496','497','498','499','500','500') AND `status` = 1 AND `iscate` = 1 LIMIT 1   [ RunTime:0.0005s ]
SQL: SELECT `id` FROM `sql_document` WHERE `category_id` IN ('in','491','492','493','494','495','496','497','498','499','500','500') AND `status` = 1 AND `iscate` = 1 LIMIT 0,10   [ RunTime:0.0006s ]
SQL: SELECT `id`,`uid`,`name`,`title`,`category_id`,`group_id`,`description`,`root`,`pid`,`model_id`,`type`,`position`,`link_id`,`cover_id`,`display`,`deadline`,`attach`,`view`,`comment`,`extend`,`level`,`create_time`,`update_time`,`status`,`iscate`,`rocover`,`pty`,`step`,`salary_a`,`wep`,`acm` FROM `sql_document` WHERE `id` = 37 LIMIT 1   [ RunTime:0.0005s ]
SQL: SHOW COLUMNS FROM `sql_document_zhaopin` [ RunTime:0.0037s ]
SQL: SELECT `id`,`jobname`,`put_time`,`prov`,`baidu_map`,`recruit_people_num`,`salary_range`,`work_experience`,`academic_career`,`arr_welfare`,`company_property`,`remark`,`job_desc`,`phone_num`,`linkman`,`age`,`other_information`,`video`,`job_type`,`cid`,`email`,`weixin`,`skill`,`work_place`,`sex`,`job_condition`,`drive` FROM `sql_document_zhaopin` WHERE `id` = 37 LIMIT 1   [ RunTime:0.0005s ]
SQL: SELECT COUNT(id) AS tp_count FROM `sql_document` WHERE `category_id` IN ('in','491','492','493','494','495','496','497','498','499','500','500') AND `status` = 1 AND `iscate` = 1 LIMIT 1   [ RunTime:0.0007s ]
NOTIC: [8] Undefined index: lite H:\docs\job\ThinkPHP\Library\Think\Db.class.php 第 37 行.
NOTIC: [8] Undefined variable: user H:\docs\job\Application\Home\Controller\IndexController.class.php 第 143 行.
SQL: SHOW COLUMNS FROM `sql_u_like` [ RunTime:0.0048s ]
SQL: SELECT `status` FROM `sql_u_like` WHERE `jid` = '37' AND `uid` = null LIMIT 1   [ RunTime:0.0004s ]
NOTIC: [8] Undefined variable: user H:\docs\job\Application\Home\Controller\IndexController.class.php 第 144 行.
SQL: SHOW COLUMNS FROM `sql_cjian` [ RunTime:0.0045s ]
SQL: SELECT `is_send` FROM `sql_cjian` WHERE `jid` = 37 AND `uid` = null LIMIT 1   [ RunTime:0.0003s ]
SQL: SHOW COLUMNS FROM `sql_picture` [ RunTime:0.0034s ]
SQL: SELECT * FROM `sql_picture` WHERE `status` = 1 AND `id` = 48 LIMIT 1   [ RunTime:0.0003s ]
SQL: SHOW COLUMNS FROM `sql_document_zhaopin` [ RunTime:0.0042s ]
SQL: SELECT `prov` FROM `sql_document_zhaopin` WHERE `work_place` = '朝阳区' LIMIT 1   [ RunTime:0.0004s ]
NOTIC: [8192] Function split() is deprecated H:\docs\job\Application\Common\Common\function.php 第 1450 行.
NOTIC: [8192] Function split() is deprecated H:\docs\job\Application\Common\Common\function.php 第 1453 行.
NOTIC: [8192] Function split() is deprecated H:\docs\job\Application\Common\Common\function.php 第 1453 行.
NOTIC: [8192] Function split() is deprecated H:\docs\job\Application\Common\Common\function.php 第 1453 行.
NOTIC: [8192] Function split() is deprecated H:\docs\job\Application\Common\Common\function.php 第 1453 行.
NOTIC: [8192] Function split() is deprecated H:\docs\job\Application\Common\Common\function.php 第 1453 行.
NOTIC: [8192] Function split() is deprecated H:\docs\job\Application\Common\Common\function.php 第 1453 行.

[ 2016-06-05T19:57:57+08:00 ] 127.0.0.1 /index.php?s=/Home/index/getJobByCateId.html
INFO: [ app_init ] --START--
INFO: Run Behavior\BuildLiteBehavior [ RunTime:0.000033s ]
INFO: Run Common\Behavior\InitHookBehavior [ RunTime:0.002189s ]
INFO: [ app_init ] --END-- [ RunTime:0.002928s ]
INFO: [ app_begin ] --START--
INFO: Run Behavior\ReadHtmlCacheBehavior [ RunTime:0.000601s ]
INFO: [ app_begin ] --END-- [ RunTime:0.000743s ]
SQL: SHOW COLUMNS FROM `sql_config` [ RunTime:0.0042s ]
SQL: SELECT `type`,`name`,`value` FROM `sql_config` WHERE `status` = 1  [ RunTime:0.0004s ]
SQL: SHOW COLUMNS FROM `sql_category` [ RunTime:0.0040s ]
SQL: SELECT `id`,`name`,`title`,`pid`,`sort`,`list_row`,`meta_title`,`keywords`,`description`,`template_index`,`template_lists`,`template_detail`,`template_edit`,`model`,`model_sub`,`type`,`link_id`,`allow_publish`,`display`,`reply`,`check`,`reply_model`,`extend`,`create_time`,`update_time`,`status`,`icon`,`groups`,`ismenu`,`ishot` FROM `sql_category` WHERE `id` = 501 LIMIT 1   [ RunTime:0.0004s ]
SQL: SELECT `id`,`name`,`title`,`pid`,`sort`,`list_row`,`meta_title`,`keywords`,`description`,`template_index`,`template_lists`,`template_detail`,`template_edit`,`model`,`model_sub`,`type`,`link_id`,`allow_publish`,`display`,`reply`,`check`,`reply_model`,`extend`,`create_time`,`update_time`,`status`,`icon`,`groups`,`ismenu`,`ishot` FROM `sql_category` WHERE `id` = 501 LIMIT 1   [ RunTime:0.0003s ]
SQL: SELECT `id`,`name`,`pid`,`title`,`link_id` FROM `sql_category` WHERE `status` = 1 AND `ismenu` = 1 ORDER BY sort  [ RunTime:0.0018s ]
SQL: SELECT * FROM `sql_category` WHERE ( status='1'and ismenu='1' and  pid='502'  )  [ RunTime:0.0006s ]
NOTIC: [2] Invalid argument supplied for foreach() H:\docs\job\Application\Home\Model\CategoryModel.class.php 第 213 行.
SQL: SELECT * FROM `sql_category` WHERE ( status='1'and ismenu='1' and  pid='503'  )  [ RunTime:0.0005s ]
NOTIC: [2] Invalid argument supplied for foreach() H:\docs\job\Application\Home\Model\CategoryModel.class.php 第 213 行.
SQL: SELECT * FROM `sql_category` WHERE ( status='1'and ismenu='1' and  pid='504'  )  [ RunTime:0.0005s ]
NOTIC: [2] Invalid argument supplied for foreach() H:\docs\job\Application\Home\Model\CategoryModel.class.php 第 213 行.
SQL: SELECT * FROM `sql_category` WHERE ( status='1'and ismenu='1' and  pid='505'  )  [ RunTime:0.0004s ]
NOTIC: [2] Invalid argument supplied for foreach() H:\docs\job\Application\Home\Model\CategoryModel.class.php 第 213 行.
SQL: SELECT * FROM `sql_category` WHERE ( status='1'and ismenu='1' and  pid='506'  )  [ RunTime:0.0003s ]
NOTIC: [2] Invalid argument supplied for foreach() H:\docs\job\Application\Home\Model\CategoryModel.class.php 第 213 行.
SQL: SELECT * FROM `sql_category` WHERE ( status='1'and ismenu='1' and  pid='507'  )  [ RunTime:0.0003s ]
NOTIC: [2] Invalid argument supplied for foreach() H:\docs\job\Application\Home\Model\CategoryModel.class.php 第 213 行.
SQL: SELECT * FROM `sql_category` WHERE ( status='1'and ismenu='1' and  pid='508'  )  [ RunTime:0.0003s ]
NOTIC: [2] Invalid argument supplied for foreach() H:\docs\job\Application\Home\Model\CategoryModel.class.php 第 213 行.
SQL: SELECT * FROM `sql_category` WHERE ( status='1'and ismenu='1' and  pid='509'  )  [ RunTime:0.0003s ]
NOTIC: [2] Invalid argument supplied for foreach() H:\docs\job\Application\Home\Model\CategoryModel.class.php 第 213 行.
SQL: SELECT * FROM `sql_category` WHERE ( status='1'and ismenu='1' and  pid='510'  )  [ RunTime:0.0004s ]
NOTIC: [2] Invalid argument supplied for foreach() H:\docs\job\Application\Home\Model\CategoryModel.class.php 第 213 行.
SQL: SELECT * FROM `sql_category` WHERE ( status='1'and ismenu='1' and  pid='511'  )  [ RunTime:0.0003s ]
NOTIC: [2] Invalid argument supplied for foreach() H:\docs\job\Application\Home\Model\CategoryModel.class.php 第 213 行.
SQL: SELECT * FROM `sql_category` WHERE ( status='1'and ismenu='1' and  pid='512'  )  [ RunTime:0.0003s ]
NOTIC: [2] Invalid argument supplied for foreach() H:\docs\job\Application\Home\Model\CategoryModel.class.php 第 213 行.
SQL: SELECT * FROM `sql_category` WHERE ( status='1'and ismenu='1' and  pid='513'  )  [ RunTime:0.0003s ]
NOTIC: [2] Invalid argument supplied for foreach() H:\docs\job\Application\Home\Model\CategoryModel.class.php 第 213 行.
SQL: SELECT * FROM `sql_category` WHERE ( status='1'and ismenu='1' and  pid='514'  )  [ RunTime:0.0003s ]
NOTIC: [2] Invalid argument supplied for foreach() H:\docs\job\Application\Home\Model\CategoryModel.class.php 第 213 行.
SQL: SELECT * FROM `sql_category` WHERE ( status='1'and ismenu='1' and  pid='515'  )  [ RunTime:0.0003s ]
NOTIC: [2] Invalid argument supplied for foreach() H:\docs\job\Application\Home\Model\CategoryModel.class.php 第 213 行.
SQL: SELECT * FROM `sql_category` WHERE ( status='1'and ismenu='1' and  pid='516'  )  [ RunTime:0.0003s ]
NOTIC: [2] Invalid argument supplied for foreach() H:\docs\job\Application\Home\Model\CategoryModel.class.php 第 213 行.
SQL: SHOW COLUMNS FROM `sql_document` [ RunTime:0.0042s ]
NOTIC: [8] Undefined variable: listsort H:\docs\job\Application\Home\Controller\IndexController.class.php 第 137 行.
SQL: SELECT COUNT(*) AS tp_count FROM `sql_document` WHERE `category_id` IN ('in','501','502','503','504','505','506','507','508','509','510','511','512','513','514','515','516','516') AND `status` = 1 AND `iscate` = 1 LIMIT 1   [ RunTime:0.0005s ]
SQL: SELECT `id` FROM `sql_document` WHERE `category_id` IN ('in','501','502','503','504','505','506','507','508','509','510','511','512','513','514','515','516','516') AND `status` = 1 AND `iscate` = 1 LIMIT 0,10   [ RunTime:0.0005s ]
NOTIC: [2] Invalid argument supplied for foreach() H:\docs\job\Application\Home\Model\DocumentModel.class.php 第 136 行.
SQL: SELECT COUNT(id) AS tp_count FROM `sql_document` WHERE `category_id` IN ('in','501','502','503','504','505','506','507','508','509','510','511','512','513','514','515','516','516') AND `status` = 1 AND `iscate` = 1 LIMIT 1   [ RunTime:0.0004s ]

[ 2016-06-05T19:57:57+08:00 ] 127.0.0.1 /index.php?s=/Home/index/getJobByCateId.html
INFO: [ app_init ] --START--
INFO: Run Behavior\BuildLiteBehavior [ RunTime:0.000033s ]
INFO: Run Common\Behavior\InitHookBehavior [ RunTime:0.002158s ]
INFO: [ app_init ] --END-- [ RunTime:0.002907s ]
INFO: [ app_begin ] --START--
INFO: Run Behavior\ReadHtmlCacheBehavior [ RunTime:0.000578s ]
INFO: [ app_begin ] --END-- [ RunTime:0.000717s ]
SQL: SHOW COLUMNS FROM `sql_config` [ RunTime:0.0037s ]
SQL: SELECT `type`,`name`,`value` FROM `sql_config` WHERE `status` = 1  [ RunTime:0.0004s ]
SQL: SHOW COLUMNS FROM `sql_category` [ RunTime:0.0041s ]
SQL: SELECT `id`,`name`,`title`,`pid`,`sort`,`list_row`,`meta_title`,`keywords`,`description`,`template_index`,`template_lists`,`template_detail`,`template_edit`,`model`,`model_sub`,`type`,`link_id`,`allow_publish`,`display`,`reply`,`check`,`reply_model`,`extend`,`create_time`,`update_time`,`status`,`icon`,`groups`,`ismenu`,`ishot` FROM `sql_category` WHERE `id` = 517 LIMIT 1   [ RunTime:0.0005s ]
SQL: SELECT `id`,`name`,`title`,`pid`,`sort`,`list_row`,`meta_title`,`keywords`,`description`,`template_index`,`template_lists`,`template_detail`,`template_edit`,`model`,`model_sub`,`type`,`link_id`,`allow_publish`,`display`,`reply`,`check`,`reply_model`,`extend`,`create_time`,`update_time`,`status`,`icon`,`groups`,`ismenu`,`ishot` FROM `sql_category` WHERE `id` = 517 LIMIT 1   [ RunTime:0.0004s ]
SQL: SELECT `id`,`name`,`pid`,`title`,`link_id` FROM `sql_category` WHERE `status` = 1 AND `ismenu` = 1 ORDER BY sort  [ RunTime:0.0018s ]
SQL: SELECT * FROM `sql_category` WHERE ( status='1'and ismenu='1' and  pid='518'  )  [ RunTime:0.0005s ]
NOTIC: [2] Invalid argument supplied for foreach() H:\docs\job\Application\Home\Model\CategoryModel.class.php 第 213 行.
SQL: SELECT * FROM `sql_category` WHERE ( status='1'and ismenu='1' and  pid='519'  )  [ RunTime:0.0003s ]
NOTIC: [2] Invalid argument supplied for foreach() H:\docs\job\Application\Home\Model\CategoryModel.class.php 第 213 行.
SQL: SELECT * FROM `sql_category` WHERE ( status='1'and ismenu='1' and  pid='520'  )  [ RunTime:0.0003s ]
NOTIC: [2] Invalid argument supplied for foreach() H:\docs\job\Application\Home\Model\CategoryModel.class.php 第 213 行.
SQL: SELECT * FROM `sql_category` WHERE ( status='1'and ismenu='1' and  pid='521'  )  [ RunTime:0.0003s ]
NOTIC: [2] Invalid argument supplied for foreach() H:\docs\job\Application\Home\Model\CategoryModel.class.php 第 213 行.
SQL: SELECT * FROM `sql_category` WHERE ( status='1'and ismenu='1' and  pid='522'  )  [ RunTime:0.0003s ]
NOTIC: [2] Invalid argument supplied for foreach() H:\docs\job\Application\Home\Model\CategoryModel.class.php 第 213 行.
SQL: SHOW COLUMNS FROM `sql_document` [ RunTime:0.0043s ]
NOTIC: [8] Undefined variable: listsort H:\docs\job\Application\Home\Controller\IndexController.class.php 第 137 行.
SQL: SELECT COUNT(*) AS tp_count FROM `sql_document` WHERE `category_id` IN ('in','517','518','519','520','521','522','522') AND `status` = 1 AND `iscate` = 1 LIMIT 1   [ RunTime:0.0006s ]
SQL: SELECT `id` FROM `sql_document` WHERE `category_id` IN ('in','517','518','519','520','521','522','522') AND `status` = 1 AND `iscate` = 1 LIMIT 0,10   [ RunTime:0.0005s ]
NOTIC: [2] Invalid argument supplied for foreach() H:\docs\job\Application\Home\Model\DocumentModel.class.php 第 136 行.
SQL: SELECT COUNT(id) AS tp_count FROM `sql_document` WHERE `category_id` IN ('in','517','518','519','520','521','522','522') AND `status` = 1 AND `iscate` = 1 LIMIT 1   [ RunTime:0.0004s ]

[ 2016-06-05T19:57:57+08:00 ] 127.0.0.1 /index.php?s=/Home/index/getJobByCateId.html
INFO: [ app_init ] --START--
INFO: Run Behavior\BuildLiteBehavior [ RunTime:0.000034s ]
INFO: Run Common\Behavior\InitHookBehavior [ RunTime:0.002225s ]
INFO: [ app_init ] --END-- [ RunTime:0.002993s ]
INFO: [ app_begin ] --START--
INFO: Run Behavior\ReadHtmlCacheBehavior [ RunTime:0.000596s ]
INFO: [ app_begin ] --END-- [ RunTime:0.000797s ]
SQL: SHOW COLUMNS FROM `sql_config` [ RunTime:0.0042s ]
SQL: SELECT `type`,`name`,`value` FROM `sql_config` WHERE `status` = 1  [ RunTime:0.0006s ]
SQL: SHOW COLUMNS FROM `sql_category` [ RunTime:0.0046s ]
SQL: SELECT `id`,`name`,`title`,`pid`,`sort`,`list_row`,`meta_title`,`keywords`,`description`,`template_index`,`template_lists`,`template_detail`,`template_edit`,`model`,`model_sub`,`type`,`link_id`,`allow_publish`,`display`,`reply`,`check`,`reply_model`,`extend`,`create_time`,`update_time`,`status`,`icon`,`groups`,`ismenu`,`ishot` FROM `sql_category` WHERE `id` = 523 LIMIT 1   [ RunTime:0.0006s ]
SQL: SELECT `id`,`name`,`title`,`pid`,`sort`,`list_row`,`meta_title`,`keywords`,`description`,`template_index`,`template_lists`,`template_detail`,`template_edit`,`model`,`model_sub`,`type`,`link_id`,`allow_publish`,`display`,`reply`,`check`,`reply_model`,`extend`,`create_time`,`update_time`,`status`,`icon`,`groups`,`ismenu`,`ishot` FROM `sql_category` WHERE `id` = 523 LIMIT 1   [ RunTime:0.0005s ]
SQL: SELECT `id`,`name`,`pid`,`title`,`link_id` FROM `sql_category` WHERE `status` = 1 AND `ismenu` = 1 ORDER BY sort  [ RunTime:0.0021s ]
SQL: SELECT * FROM `sql_category` WHERE ( status='1'and ismenu='1' and  pid='524'  )  [ RunTime:0.0005s ]
NOTIC: [2] Invalid argument supplied for foreach() H:\docs\job\Application\Home\Model\CategoryModel.class.php 第 213 行.
SQL: SELECT * FROM `sql_category` WHERE ( status='1'and ismenu='1' and  pid='525'  )  [ RunTime:0.0004s ]
NOTIC: [2] Invalid argument supplied for foreach() H:\docs\job\Application\Home\Model\CategoryModel.class.php 第 213 行.
SQL: SELECT * FROM `sql_category` WHERE ( status='1'and ismenu='1' and  pid='526'  )  [ RunTime:0.0003s ]
NOTIC: [2] Invalid argument supplied for foreach() H:\docs\job\Application\Home\Model\CategoryModel.class.php 第 213 行.
SQL: SELECT * FROM `sql_category` WHERE ( status='1'and ismenu='1' and  pid='527'  )  [ RunTime:0.0003s ]
NOTIC: [2] Invalid argument supplied for foreach() H:\docs\job\Application\Home\Model\CategoryModel.class.php 第 213 行.
SQL: SELECT * FROM `sql_category` WHERE ( status='1'and ismenu='1' and  pid='528'  )  [ RunTime:0.0003s ]
NOTIC: [2] Invalid argument supplied for foreach() H:\docs\job\Application\Home\Model\CategoryModel.class.php 第 213 行.
SQL: SELECT * FROM `sql_category` WHERE ( status='1'and ismenu='1' and  pid='529'  )  [ RunTime:0.0004s ]
NOTIC: [2] Invalid argument supplied for foreach() H:\docs\job\Application\Home\Model\CategoryModel.class.php 第 213 行.
SQL: SELECT * FROM `sql_category` WHERE ( status='1'and ismenu='1' and  pid='530'  )  [ RunTime:0.0005s ]
NOTIC: [2] Invalid argument supplied for foreach() H:\docs\job\Application\Home\Model\CategoryModel.class.php 第 213 行.
SQL: SHOW COLUMNS FROM `sql_document` [ RunTime:0.0061s ]
NOTIC: [8] Undefined variable: listsort H:\docs\job\Application\Home\Controller\IndexController.class.php 第 137 行.
SQL: SELECT COUNT(*) AS tp_count FROM `sql_document` WHERE `category_id` IN ('in','523','524','525','526','527','528','529','530','530') AND `status` = 1 AND `iscate` = 1 LIMIT 1   [ RunTime:0.0014s ]
SQL: SELECT `id` FROM `sql_document` WHERE `category_id` IN ('in','523','524','525','526','527','528','529','530','530') AND `status` = 1 AND `iscate` = 1 LIMIT 0,10   [ RunTime:0.0009s ]
SQL: SELECT `id`,`uid`,`name`,`title`,`category_id`,`group_id`,`description`,`root`,`pid`,`model_id`,`type`,`position`,`link_id`,`cover_id`,`display`,`deadline`,`attach`,`view`,`comment`,`extend`,`level`,`create_time`,`update_time`,`status`,`iscate`,`rocover`,`pty`,`step`,`salary_a`,`wep`,`acm` FROM `sql_document` WHERE `id` = 46 LIMIT 1   [ RunTime:0.0006s ]
SQL: SHOW COLUMNS FROM `sql_document_zhaopin` [ RunTime:0.0050s ]
SQL: SELECT `id`,`jobname`,`put_time`,`prov`,`baidu_map`,`recruit_people_num`,`salary_range`,`work_experience`,`academic_career`,`arr_welfare`,`company_property`,`remark`,`job_desc`,`phone_num`,`linkman`,`age`,`other_information`,`video`,`job_type`,`cid`,`email`,`weixin`,`skill`,`work_place`,`sex`,`job_condition`,`drive` FROM `sql_document_zhaopin` WHERE `id` = 46 LIMIT 1   [ RunTime:0.0006s ]
SQL: SELECT COUNT(id) AS tp_count FROM `sql_document` WHERE `category_id` IN ('in','523','524','525','526','527','528','529','530','530') AND `status` = 1 AND `iscate` = 1 LIMIT 1   [ RunTime:0.0008s ]
NOTIC: [8] Undefined index: lite H:\docs\job\ThinkPHP\Library\Think\Db.class.php 第 37 行.
NOTIC: [8] Undefined variable: user H:\docs\job\Application\Home\Controller\IndexController.class.php 第 143 行.
SQL: SHOW COLUMNS FROM `sql_u_like` [ RunTime:0.0057s ]
SQL: SELECT `status` FROM `sql_u_like` WHERE `jid` = '46' AND `uid` = null LIMIT 1   [ RunTime:0.0005s ]
NOTIC: [8] Undefined variable: user H:\docs\job\Application\Home\Controller\IndexController.class.php 第 144 行.
SQL: SHOW COLUMNS FROM `sql_cjian` [ RunTime:0.0065s ]
SQL: SELECT `is_send` FROM `sql_cjian` WHERE `jid` = 46 AND `uid` = null LIMIT 1   [ RunTime:0.0006s ]
SQL: SHOW COLUMNS FROM `sql_picture` [ RunTime:0.0060s ]
SQL: SELECT * FROM `sql_picture` WHERE `status` = 1 AND `id` = 48 LIMIT 1   [ RunTime:0.0008s ]
SQL: SHOW COLUMNS FROM `sql_document_zhaopin` [ RunTime:0.0069s ]
SQL: SELECT `prov` FROM `sql_document_zhaopin` WHERE `work_place` = '河北区' LIMIT 1   [ RunTime:0.0004s ]
NOTIC: [8192] Function split() is deprecated H:\docs\job\Application\Common\Common\function.php 第 1450 行.
NOTIC: [8192] Function split() is deprecated H:\docs\job\Application\Common\Common\function.php 第 1453 行.
NOTIC: [8192] Function split() is deprecated H:\docs\job\Application\Common\Common\function.php 第 1453 行.
NOTIC: [8192] Function split() is deprecated H:\docs\job\Application\Common\Common\function.php 第 1453 行.
NOTIC: [8192] Function split() is deprecated H:\docs\job\Application\Common\Common\function.php 第 1453 行.
NOTIC: [8192] Function split() is deprecated H:\docs\job\Application\Common\Common\function.php 第 1453 行.
NOTIC: [8192] Function split() is deprecated H:\docs\job\Application\Common\Common\function.php 第 1453 行.

[ 2016-06-05T19:57:57+08:00 ] 127.0.0.1 /index.php?s=/Home/index/getJobByCateId.html
INFO: [ app_init ] --START--
INFO: Run Behavior\BuildLiteBehavior [ RunTime:0.000064s ]
INFO: Run Common\Behavior\InitHookBehavior [ RunTime:0.002573s ]
INFO: [ app_init ] --END-- [ RunTime:0.003610s ]
INFO: [ app_begin ] --START--
INFO: Run Behavior\ReadHtmlCacheBehavior [ RunTime:0.000613s ]
INFO: [ app_begin ] --END-- [ RunTime:0.000814s ]
SQL: SHOW COLUMNS FROM `sql_config` [ RunTime:0.0041s ]
SQL: SELECT `type`,`name`,`value` FROM `sql_config` WHERE `status` = 1  [ RunTime:0.0006s ]
SQL: SHOW COLUMNS FROM `sql_category` [ RunTime:0.0053s ]
SQL: SELECT `id`,`name`,`title`,`pid`,`sort`,`list_row`,`meta_title`,`keywords`,`description`,`template_index`,`template_lists`,`template_detail`,`template_edit`,`model`,`model_sub`,`type`,`link_id`,`allow_publish`,`display`,`reply`,`check`,`reply_model`,`extend`,`create_time`,`update_time`,`status`,`icon`,`groups`,`ismenu`,`ishot` FROM `sql_category` WHERE `id` = 531 LIMIT 1   [ RunTime:0.0005s ]
SQL: SELECT `id`,`name`,`title`,`pid`,`sort`,`list_row`,`meta_title`,`keywords`,`description`,`template_index`,`template_lists`,`template_detail`,`template_edit`,`model`,`model_sub`,`type`,`link_id`,`allow_publish`,`display`,`reply`,`check`,`reply_model`,`extend`,`create_time`,`update_time`,`status`,`icon`,`groups`,`ismenu`,`ishot` FROM `sql_category` WHERE `id` = 531 LIMIT 1   [ RunTime:0.0004s ]
SQL: SELECT `id`,`name`,`pid`,`title`,`link_id` FROM `sql_category` WHERE `status` = 1 AND `ismenu` = 1 ORDER BY sort  [ RunTime:0.0019s ]
SQL: SELECT * FROM `sql_category` WHERE ( status='1'and ismenu='1' and  pid='532'  )  [ RunTime:0.0005s ]
NOTIC: [2] Invalid argument supplied for foreach() H:\docs\job\Application\Home\Model\CategoryModel.class.php 第 213 行.
SQL: SHOW COLUMNS FROM `sql_document` [ RunTime:0.0050s ]
NOTIC: [8] Undefined variable: listsort H:\docs\job\Application\Home\Controller\IndexController.class.php 第 137 行.
SQL: SELECT COUNT(*) AS tp_count FROM `sql_document` WHERE `category_id` IN ('in','531','532','532') AND `status` = 1 AND `iscate` = 1 LIMIT 1   [ RunTime:0.0004s ]
SQL: SELECT `id` FROM `sql_document` WHERE `category_id` IN ('in','531','532','532') AND `status` = 1 AND `iscate` = 1 LIMIT 0,10   [ RunTime:0.0004s ]
NOTIC: [2] Invalid argument supplied for foreach() H:\docs\job\Application\Home\Model\DocumentModel.class.php 第 136 行.
SQL: SELECT COUNT(id) AS tp_count FROM `sql_document` WHERE `category_id` IN ('in','531','532','532') AND `status` = 1 AND `iscate` = 1 LIMIT 1   [ RunTime:0.0003s ]

[ 2016-06-05T19:57:57+08:00 ] 127.0.0.1 /index.php?s=/Home/index/getJobByCateId.html
INFO: [ app_init ] --START--
INFO: Run Behavior\BuildLiteBehavior [ RunTime:0.000046s ]
INFO: Run Common\Behavior\InitHookBehavior [ RunTime:0.002111s ]
INFO: [ app_init ] --END-- [ RunTime:0.002876s ]
INFO: [ app_begin ] --START--
INFO: Run Behavior\ReadHtmlCacheBehavior [ RunTime:0.000769s ]
INFO: [ app_begin ] --END-- [ RunTime:0.000917s ]
SQL: SHOW COLUMNS FROM `sql_config` [ RunTime:0.0040s ]
SQL: SELECT `type`,`name`,`value` FROM `sql_config` WHERE `status` = 1  [ RunTime:0.0005s ]
SQL: SHOW COLUMNS FROM `sql_category` [ RunTime:0.0040s ]
SQL: SELECT `id`,`name`,`title`,`pid`,`sort`,`list_row`,`meta_title`,`keywords`,`description`,`template_index`,`template_lists`,`template_detail`,`template_edit`,`model`,`model_sub`,`type`,`link_id`,`allow_publish`,`display`,`reply`,`check`,`reply_model`,`extend`,`create_time`,`update_time`,`status`,`icon`,`groups`,`ismenu`,`ishot` FROM `sql_category` WHERE `id` = 533 LIMIT 1   [ RunTime:0.0005s ]
SQL: SELECT `id`,`name`,`title`,`pid`,`sort`,`list_row`,`meta_title`,`keywords`,`description`,`template_index`,`template_lists`,`template_detail`,`template_edit`,`model`,`model_sub`,`type`,`link_id`,`allow_publish`,`display`,`reply`,`check`,`reply_model`,`extend`,`create_time`,`update_time`,`status`,`icon`,`groups`,`ismenu`,`ishot` FROM `sql_category` WHERE `id` = 533 LIMIT 1   [ RunTime:0.0003s ]
SQL: SELECT `id`,`name`,`pid`,`title`,`link_id` FROM `sql_category` WHERE `status` = 1 AND `ismenu` = 1 ORDER BY sort  [ RunTime:0.0021s ]
SQL: SELECT * FROM `sql_category` WHERE ( status='1'and ismenu='1' and  pid='534'  )  [ RunTime:0.0005s ]
NOTIC: [2] Invalid argument supplied for foreach() H:\docs\job\Application\Home\Model\CategoryModel.class.php 第 213 行.
SQL: SELECT * FROM `sql_category` WHERE ( status='1'and ismenu='1' and  pid='535'  )  [ RunTime:0.0003s ]
NOTIC: [2] Invalid argument supplied for foreach() H:\docs\job\Application\Home\Model\CategoryModel.class.php 第 213 行.
SQL: SELECT * FROM `sql_category` WHERE ( status='1'and ismenu='1' and  pid='536'  )  [ RunTime:0.0003s ]
NOTIC: [2] Invalid argument supplied for foreach() H:\docs\job\Application\Home\Model\CategoryModel.class.php 第 213 行.
SQL: SELECT * FROM `sql_category` WHERE ( status='1'and ismenu='1' and  pid='537'  )  [ RunTime:0.0005s ]
NOTIC: [2] Invalid argument supplied for foreach() H:\docs\job\Application\Home\Model\CategoryModel.class.php 第 213 行.
SQL: SHOW COLUMNS FROM `sql_document` [ RunTime:0.0043s ]
NOTIC: [8] Undefined variable: listsort H:\docs\job\Application\Home\Controller\IndexController.class.php 第 137 行.
SQL: SELECT COUNT(*) AS tp_count FROM `sql_document` WHERE `category_id` IN ('in','533','534','535','536','537','537') AND `status` = 1 AND `iscate` = 1 LIMIT 1   [ RunTime:0.0006s ]
SQL: SELECT `id` FROM `sql_document` WHERE `category_id` IN ('in','533','534','535','536','537','537') AND `status` = 1 AND `iscate` = 1 LIMIT 0,10   [ RunTime:0.0005s ]
NOTIC: [2] Invalid argument supplied for foreach() H:\docs\job\Application\Home\Model\DocumentModel.class.php 第 136 行.
SQL: SELECT COUNT(id) AS tp_count FROM `sql_document` WHERE `category_id` IN ('in','533','534','535','536','537','537') AND `status` = 1 AND `iscate` = 1 LIMIT 1   [ RunTime:0.0006s ]

