[ 2016-06-26T18:44:53+08:00 ] 127.0.0.1 /admin.php
INFO: [ app_init ] --START--
INFO: Run Behavior\BuildLiteBehavior [ RunTime:0.000030s ]
INFO: Run Common\Behavior\InitHookBehavior [ RunTime:0.001944s ]
INFO: [ app_init ] --END-- [ RunTime:0.002582s ]
INFO: [ app_begin ] --START--
INFO: Run Behavior\ReadHtmlCacheBehavior [ RunTime:0.000725s ]
INFO: [ app_begin ] --END-- [ RunTime:0.000904s ]

[ 2016-06-26T18:44:54+08:00 ] 127.0.0.1 /admin.php?s=/Public/login.html
INFO: [ app_init ] --START--
INFO: Run Behavior\BuildLiteBehavior [ RunTime:0.000033s ]
INFO: Run Common\Behavior\InitHookBehavior [ RunTime:0.002016s ]
INFO: [ app_init ] --END-- [ RunTime:0.002680s ]
INFO: [ app_begin ] --START--
INFO: Run Behavior\ReadHtmlCacheBehavior [ RunTime:0.000563s ]
INFO: [ app_begin ] --END-- [ RunTime:0.000709s ]
INFO: [ view_parse ] --START--
INFO: [ template_filter ] --START--
INFO: Run Behavior\ContentReplaceBehavior [ RunTime:0.000189s ]
INFO: [ template_filter ] --END-- [ RunTime:0.000341s ]
INFO: Run Behavior\ParseTemplateBehavior [ RunTime:0.045596s ]
INFO: [ view_parse ] --END-- [ RunTime:0.045769s ]
INFO: [ view_filter ] --START--
INFO: Run Behavior\WriteHtmlCacheBehavior [ RunTime:0.000552s ]
INFO: [ view_filter ] --END-- [ RunTime:0.000683s ]
INFO: [ app_end ] --START--
INFO: Run Behavior\ShowPageTraceBehavior [ RunTime:0.000745s ]
INFO: [ app_end ] --END-- [ RunTime:0.000881s ]

[ 2016-06-26T18:44:54+08:00 ] 127.0.0.1 /admin.php?s=/Public/verify.html
INFO: [ app_init ] --START--
INFO: Run Behavior\BuildLiteBehavior [ RunTime:0.000054s ]
INFO: Run Common\Behavior\InitHookBehavior [ RunTime:0.002134s ]
INFO: [ app_init ] --END-- [ RunTime:0.002962s ]
INFO: [ app_begin ] --START--
INFO: Run Behavior\ReadHtmlCacheBehavior [ RunTime:0.000751s ]
INFO: [ app_begin ] --END-- [ RunTime:0.001058s ]
INFO: [ app_end ] --START--
INFO: Run Behavior\ShowPageTraceBehavior [ RunTime:0.000889s ]
INFO: [ app_end ] --END-- [ RunTime:0.001055s ]

[ 2016-06-26T18:45:06+08:00 ] 127.0.0.1 /admin.php?s=/Public/verify.html&random=0.12529473705625982
INFO: [ app_init ] --START--
INFO: Run Behavior\BuildLiteBehavior [ RunTime:0.000034s ]
INFO: Run Common\Behavior\InitHookBehavior [ RunTime:0.003584s ]
INFO: [ app_init ] --END-- [ RunTime:0.004515s ]
INFO: [ app_begin ] --START--
INFO: Run Behavior\ReadHtmlCacheBehavior [ RunTime:0.000808s ]
INFO: [ app_begin ] --END-- [ RunTime:0.000955s ]
INFO: [ app_end ] --START--
INFO: Run Behavior\ShowPageTraceBehavior [ RunTime:0.000966s ]
INFO: [ app_end ] --END-- [ RunTime:0.001118s ]

[ 2016-06-26T18:45:25+08:00 ] 127.0.0.1 /admin.php?s=/Public/login.html
INFO: [ app_init ] --START--
INFO: Run Behavior\BuildLiteBehavior [ RunTime:0.000033s ]
INFO: Run Common\Behavior\InitHookBehavior [ RunTime:0.003528s ]
INFO: [ app_init ] --END-- [ RunTime:0.004347s ]
INFO: [ app_begin ] --START--
INFO: Run Behavior\ReadHtmlCacheBehavior [ RunTime:0.000839s ]
INFO: [ app_begin ] --END-- [ RunTime:0.000966s ]

[ 2016-06-26T18:45:25+08:00 ] 127.0.0.1 /admin.php?s=/Public/verify.html&random=0.22145695339385685
INFO: [ app_init ] --START--
INFO: Run Behavior\BuildLiteBehavior [ RunTime:0.000033s ]
INFO: Run Common\Behavior\InitHookBehavior [ RunTime:0.002956s ]
INFO: [ app_init ] --END-- [ RunTime:0.003640s ]
INFO: [ app_begin ] --START--
INFO: Run Behavior\ReadHtmlCacheBehavior [ RunTime:0.001256s ]
INFO: [ app_begin ] --END-- [ RunTime:0.001452s ]
INFO: [ app_end ] --START--
INFO: Run Behavior\ShowPageTraceBehavior [ RunTime:0.000943s ]
INFO: [ app_end ] --END-- [ RunTime:0.001093s ]

[ 2016-06-26T18:45:42+08:00 ] 127.0.0.1 /admin.php?s=/Public/login.html
INFO: [ app_init ] --START--
INFO: Run Behavior\BuildLiteBehavior [ RunTime:0.000033s ]
INFO: Run Common\Behavior\InitHookBehavior [ RunTime:0.003012s ]
INFO: [ app_init ] --END-- [ RunTime:0.003760s ]
INFO: [ app_begin ] --START--
INFO: Run Behavior\ReadHtmlCacheBehavior [ RunTime:0.000845s ]
INFO: [ app_begin ] --END-- [ RunTime:0.000981s ]

[ 2016-06-26T18:45:42+08:00 ] 127.0.0.1 /admin.php?s=/Public/verify.html&random=0.5267261582429301
INFO: [ app_init ] --START--
INFO: Run Behavior\BuildLiteBehavior [ RunTime:0.000033s ]
INFO: Run Common\Behavior\InitHookBehavior [ RunTime:0.003385s ]
INFO: [ app_init ] --END-- [ RunTime:0.004105s ]
INFO: [ app_begin ] --START--
INFO: Run Behavior\ReadHtmlCacheBehavior [ RunTime:0.000940s ]
INFO: [ app_begin ] --END-- [ RunTime:0.001091s ]
INFO: [ app_end ] --START--
INFO: Run Behavior\ShowPageTraceBehavior [ RunTime:0.000968s ]
INFO: [ app_end ] --END-- [ RunTime:0.001127s ]

[ 2016-06-26T18:47:04+08:00 ] 127.0.0.1 /admin.php?s=/Public/login.html
INFO: [ app_init ] --START--
INFO: Run Behavior\BuildLiteBehavior [ RunTime:0.000032s ]
INFO: Run Common\Behavior\InitHookBehavior [ RunTime:0.003066s ]
INFO: [ app_init ] --END-- [ RunTime:0.003768s ]
INFO: [ app_begin ] --START--
INFO: Run Behavior\ReadHtmlCacheBehavior [ RunTime:0.000827s ]
INFO: [ app_begin ] --END-- [ RunTime:0.000961s ]
NOTIC: [8] Undefined index: lite H:\docs\job\ThinkPHP\Library\Think\Db.class.php 第 37 行.
SQL: SHOW COLUMNS FROM `sql_member` [ RunTime:0.0041s ]
SQL: SELECT `uid`,`nickname`,`sex`,`birthday`,`qq`,`score`,`login`,`reg_ip`,`reg_time`,`last_login_ip`,`last_login_time`,`status`,`toux`,`pos`,`hot` FROM `sql_member` WHERE `uid` = 1 LIMIT 1   [ RunTime:0.0004s ]
SQL: SHOW COLUMNS FROM `sql_action` [ RunTime:0.0042s ]
SQL: SELECT * FROM `sql_action` WHERE `name` = 'user_login' LIMIT 1   [ RunTime:0.0004s ]
SQL: SHOW COLUMNS FROM `sql_action_log` [ RunTime:0.0040s ]
SQL: INSERT INTO `sql_action_log` (`action_id`,`user_id`,`action_ip`,`model`,`record_id`,`create_time`,`remark`) VALUES ('1','1','2130706433','member','1','1466938024','官方在2016-06-26 18:47登录了后台') [ RunTime:0.0004s ]
SQL: SELECT * FROM `sql_action` WHERE `name` = 'user_login' LIMIT 1   [ RunTime:0.0003s ]
NOTIC: [8] Undefined offset: 1 H:\docs\job\Application\Common\Common\function.php 第 765 行.
NOTIC: [2] array_key_exists() expects parameter 2 to be array, null given H:\docs\job\Application\Common\Common\function.php 第 765 行.
SQL: SELECT COUNT(*) AS tp_count FROM `sql_action_log` WHERE `action_id` = 1 AND `user_id` = 1 AND `create_time` > 1466851624 LIMIT 1   [ RunTime:0.0010s ]
SQL: UPDATE `sql_member` SET `login`=`login`+1,`last_login_time`='1466938024',`last_login_ip`='2130706433' WHERE `uid` = 1 [ RunTime:0.0004s ]

[ 2016-06-26T18:47:05+08:00 ] 127.0.0.1 /admin.php?s=/Index/index.html
INFO: [ app_init ] --START--
INFO: Run Behavior\BuildLiteBehavior [ RunTime:0.000033s ]
INFO: Run Common\Behavior\InitHookBehavior [ RunTime:0.002963s ]
INFO: [ app_init ] --END-- [ RunTime:0.003662s ]
INFO: [ app_begin ] --START--
INFO: Run Behavior\ReadHtmlCacheBehavior [ RunTime:0.000989s ]
INFO: [ app_begin ] --END-- [ RunTime:0.001154s ]
SQL: SHOW COLUMNS FROM `sql_menu` [ RunTime:0.0367s ]
SQL: SELECT `id`,`title`,`url` FROM `sql_menu` WHERE `pid` = 0 AND `hide` = 0 ORDER BY sort asc  [ RunTime:0.0083s ]
SQL: SELECT `pid` FROM `sql_menu` WHERE ( pid !=0 AND url like '%Index/index%' ) LIMIT 1   [ RunTime:0.0017s ]
INFO: [ view_parse ] --START--
INFO: [ template_filter ] --START--
INFO: Run Behavior\ContentReplaceBehavior [ RunTime:0.000227s ]
INFO: [ template_filter ] --END-- [ RunTime:0.000439s ]
INFO: [ AdminIndex ] --START--
SQL: SHOW COLUMNS FROM `sql_addons` [ RunTime:0.1237s ]
SQL: SELECT `config` FROM `sql_addons` WHERE `name` = 'SiteStat' AND `status` = 1 LIMIT 1   [ RunTime:0.0263s ]
SQL: SHOW COLUMNS FROM `sql_member` [ RunTime:0.0045s ]
SQL: SELECT COUNT(*) AS tp_count FROM `sql_member` LIMIT 1   [ RunTime:0.0003s ]
SQL: SHOW COLUMNS FROM `sql_action_log` [ RunTime:0.0036s ]
SQL: SELECT COUNT(*) AS tp_count FROM `sql_action_log` LIMIT 1   [ RunTime:0.0003s ]
SQL: SHOW COLUMNS FROM `sql_document` [ RunTime:0.0045s ]
SQL: SELECT COUNT(*) AS tp_count FROM `sql_document` LIMIT 1   [ RunTime:0.0003s ]
SQL: SHOW COLUMNS FROM `sql_category` [ RunTime:0.0045s ]
SQL: SELECT COUNT(*) AS tp_count FROM `sql_category` LIMIT 1   [ RunTime:0.0003s ]
SQL: SHOW COLUMNS FROM `sql_model` [ RunTime:0.1426s ]
SQL: SELECT COUNT(*) AS tp_count FROM `sql_model` LIMIT 1   [ RunTime:0.0004s ]
INFO: [ view_parse ] --START--
INFO: [ template_filter ] --START--
INFO: Run Behavior\ContentReplaceBehavior [ RunTime:0.000101s ]
INFO: [ template_filter ] --END-- [ RunTime:-0.378722s ]
INFO: Run Behavior\ParseTemplateBehavior [ RunTime:0.028600s ]
INFO: [ view_parse ] --END-- [ RunTime:0.028757s ]
INFO: [ view_filter ] --START--
INFO: Run Behavior\WriteHtmlCacheBehavior [ RunTime:0.000652s ]
INFO: [ view_filter ] --END-- [ RunTime:0.000781s ]
INFO: Run Addons\SiteStat\SiteStatAddon [ RunTime:0.375391s ]
SQL: SELECT `config` FROM `sql_addons` WHERE `name` = 'SystemInfo' AND `status` = 1 LIMIT 1   [ RunTime:0.0004s ]
INFO: [ view_parse ] --START--
INFO: [ template_filter ] --START--
INFO: Run Behavior\ContentReplaceBehavior [ RunTime:0.000099s ]
INFO: [ template_filter ] --END-- [ RunTime:-0.535292s ]
SQL: select version() as v; [ RunTime:0.0169s ]
INFO: Run Behavior\ParseTemplateBehavior [ RunTime:0.034271s ]
INFO: [ view_parse ] --END-- [ RunTime:-0.151500s ]
INFO: [ view_filter ] --START--
INFO: Run Behavior\WriteHtmlCacheBehavior [ RunTime:0.000051s ]
INFO: [ view_filter ] --END-- [ RunTime:-0.185153s ]
INFO: Run Addons\SystemInfo\SystemInfoAddon [ RunTime:0.185278s ]
SQL: SELECT `config` FROM `sql_addons` WHERE `name` = 'DevTeam' AND `status` = 1 LIMIT 1   [ RunTime:0.0005s ]
INFO: [ view_parse ] --START--
INFO: [ template_filter ] --START--
INFO: Run Behavior\ContentReplaceBehavior [ RunTime:0.000098s ]
INFO: [ template_filter ] --END-- [ RunTime:-0.582816s ]
INFO: Run Behavior\ParseTemplateBehavior [ RunTime:0.004583s ]
INFO: [ view_parse ] --END-- [ RunTime:-0.199940s ]
INFO: [ view_filter ] --START--
INFO: Run Behavior\WriteHtmlCacheBehavior [ RunTime:0.000038s ]
INFO: [ view_filter ] --END-- [ RunTime:-0.203896s ]
INFO: Run Addons\DevTeam\DevTeamAddon [ RunTime:0.018657s ]
INFO: [ AdminIndex ] --END-- [ RunTime:0.579590s ]
INFO: Run Behavior\ParseTemplateBehavior [ RunTime:0.005213s ]
INFO: [ view_parse ] --END-- [ RunTime:-0.199940s ]
INFO: [ view_filter ] --START--
INFO: Run Behavior\WriteHtmlCacheBehavior [ RunTime:0.000032s ]
INFO: [ view_filter ] --END-- [ RunTime:-0.204490s ]
INFO: [ app_end ] --START--
INFO: Run Behavior\ShowPageTraceBehavior [ RunTime:0.001331s ]
INFO: [ app_end ] --END-- [ RunTime:0.001567s ]

[ 2016-06-26T18:47:10+08:00 ] 127.0.0.1 /admin.php?s=/Config/group.html
INFO: [ app_init ] --START--
INFO: Run Behavior\BuildLiteBehavior [ RunTime:0.000032s ]
INFO: Run Common\Behavior\InitHookBehavior [ RunTime:0.002903s ]
INFO: [ app_init ] --END-- [ RunTime:0.003584s ]
INFO: [ app_begin ] --START--
INFO: Run Behavior\ReadHtmlCacheBehavior [ RunTime:0.001426s ]
INFO: [ app_begin ] --END-- [ RunTime:0.001693s ]
SQL: SHOW COLUMNS FROM `sql_menu` [ RunTime:0.0061s ]
SQL: SELECT `id`,`title`,`url` FROM `sql_menu` WHERE `pid` = 0 AND `hide` = 0 ORDER BY sort asc  [ RunTime:0.0005s ]
SQL: SELECT `pid` FROM `sql_menu` WHERE ( pid !=0 AND url like '%Config/group%' ) LIMIT 1   [ RunTime:0.0007s ]
SQL: SELECT * FROM `sql_menu` WHERE `id` = 68 LIMIT 1   [ RunTime:0.0003s ]
SQL: SELECT DISTINCT  `group` FROM `sql_menu` WHERE `group` <> '' AND `pid` = 68  [ RunTime:0.0138s ]
SQL: SELECT `id`,`url` FROM `sql_menu` WHERE `pid` = 68 AND `hide` = 0  [ RunTime:0.0004s ]
SQL: SELECT `id`,`pid`,`title`,`url`,`tip` FROM `sql_menu` WHERE `group` = '系统设置' AND `pid` = 68 AND `hide` = 0 ORDER BY sort asc  [ RunTime:0.0005s ]
SQL: SELECT `id`,`pid`,`title`,`url`,`tip` FROM `sql_menu` WHERE `group` = '数据备份' AND `pid` = 68 AND `hide` = 0 ORDER BY sort asc  [ RunTime:0.0004s ]
SQL: SHOW COLUMNS FROM `sql_config` [ RunTime:0.0045s ]
SQL: SELECT `id`,`name`,`title`,`extra`,`value`,`remark`,`type` FROM `sql_config` WHERE `status` = 1 AND `group` = 1 ORDER BY sort  [ RunTime:0.0006s ]
INFO: [ view_parse ] --START--
INFO: [ template_filter ] --START--
INFO: Run Behavior\ContentReplaceBehavior [ RunTime:0.000403s ]
INFO: [ template_filter ] --END-- [ RunTime:0.000671s ]
INFO: Run Behavior\ParseTemplateBehavior [ RunTime:0.063383s ]
INFO: [ view_parse ] --END-- [ RunTime:0.063568s ]
INFO: [ view_filter ] --START--
INFO: Run Behavior\WriteHtmlCacheBehavior [ RunTime:0.000799s ]
INFO: [ view_filter ] --END-- [ RunTime:0.000946s ]
INFO: [ app_end ] --START--
INFO: Run Behavior\ShowPageTraceBehavior [ RunTime:0.001187s ]
INFO: [ app_end ] --END-- [ RunTime:0.001459s ]

[ 2016-06-26T18:47:14+08:00 ] 127.0.0.1 /admin.php?s=/Zhaopin/index.html
INFO: [ app_init ] --START--
INFO: Run Behavior\BuildLiteBehavior [ RunTime:0.000044s ]
INFO: Run Common\Behavior\InitHookBehavior [ RunTime:0.002846s ]
INFO: [ app_init ] --END-- [ RunTime:0.003564s ]
INFO: [ app_begin ] --START--
INFO: Run Behavior\ReadHtmlCacheBehavior [ RunTime:0.001256s ]
INFO: [ app_begin ] --END-- [ RunTime:0.001505s ]
SQL: SHOW COLUMNS FROM `sql_menu` [ RunTime:0.0039s ]
SQL: SELECT `id`,`title`,`url` FROM `sql_menu` WHERE `pid` = 0 AND `hide` = 0 ORDER BY sort asc  [ RunTime:0.0005s ]
SQL: SELECT `pid` FROM `sql_menu` WHERE ( pid !=0 AND url like '%Zhaopin/index%' ) LIMIT 1   [ RunTime:0.0011s ]
SQL: SHOW COLUMNS FROM `sql_auth_group_access` [ RunTime:0.0532s ]
SQL: SELECT `extend_id` FROM sql_auth_group_access g INNER JOIN sql_auth_extend c on g.group_id=c.group_id  WHERE ( g.uid='1' and c.type='1' and !isnull(extend_id) )  [ RunTime:0.0719s ]
SQL: SHOW COLUMNS FROM `sql_category` [ RunTime:0.0039s ]
SQL: SELECT `id`,`title`,`pid`,`allow_publish` FROM `sql_category` WHERE `status` = 1 AND `ismenu` = 1 ORDER BY pid,sort  [ RunTime:0.0021s ]
SQL: SHOW COLUMNS FROM `sql_model` [ RunTime:0.0047s ]
SQL: SELECT * FROM `sql_model` WHERE `name` = 'document' LIMIT 1   [ RunTime:0.0161s ]
SQL: SHOW COLUMNS FROM `sql_document` [ RunTime:0.0042s ]
SQL: SELECT COUNT(*) AS tp_count FROM sql_document DOCUMENT WHERE `status` IN ('0','1','2') AND `pid` = 0 AND `iscate` = 1 LIMIT 1   [ RunTime:0.0005s ]
SQL: SELECT `id`,`title`,`type`,`update_time`,`status`,`view`,`category_id`,`model_id`,`pid` FROM sql_document DOCUMENT WHERE `status` IN ('0','1','2') AND `pid` = 0 AND `iscate` = 1 ORDER BY level DESC,DOCUMENT.id DESC LIMIT 0,10   [ RunTime:0.0005s ]
SQL: SELECT `extend` FROM `sql_model` WHERE `id` = 1 LIMIT 1   [ RunTime:0.0003s ]
SQL: SHOW COLUMNS FROM `sql_attribute` [ RunTime:0.0584s ]
SQL: SELECT `id`,`name`,`type`,`extra` FROM `sql_attribute` WHERE `model_id` = 1  [ RunTime:0.0009s ]
NOTIC: [8] Undefined variable: groups H:\docs\job\Application\Admin\Controller\ZhaopinController.class.php 第 240 行.
INFO: [ view_parse ] --START--
INFO: [ template_filter ] --START--
INFO: Run Behavior\ContentReplaceBehavior [ RunTime:0.000499s ]
INFO: [ template_filter ] --END-- [ RunTime:0.000652s ]
INFO: Run Behavior\ParseTemplateBehavior [ RunTime:0.230591s ]
INFO: [ view_parse ] --END-- [ RunTime:0.230764s ]
INFO: [ view_filter ] --START--
INFO: Run Behavior\WriteHtmlCacheBehavior [ RunTime:0.000787s ]
INFO: [ view_filter ] --END-- [ RunTime:0.000911s ]
INFO: [ app_end ] --START--
INFO: Run Behavior\ShowPageTraceBehavior [ RunTime:0.001729s ]
INFO: [ app_end ] --END-- [ RunTime:0.002021s ]

[ 2016-06-26T18:47:18+08:00 ] 127.0.0.1 /admin.php?s=/User/index.html
INFO: [ app_init ] --START--
INFO: Run Behavior\BuildLiteBehavior [ RunTime:0.000037s ]
INFO: Run Common\Behavior\InitHookBehavior [ RunTime:0.003531s ]
INFO: [ app_init ] --END-- [ RunTime:0.004211s ]
INFO: [ app_begin ] --START--
INFO: Run Behavior\ReadHtmlCacheBehavior [ RunTime:0.000980s ]
INFO: [ app_begin ] --END-- [ RunTime:0.001156s ]
SQL: SHOW COLUMNS FROM `sql_menu` [ RunTime:0.0041s ]
SQL: SELECT `id`,`title`,`url` FROM `sql_menu` WHERE `pid` = 0 AND `hide` = 0 ORDER BY sort asc  [ RunTime:0.0005s ]
SQL: SELECT `pid` FROM `sql_menu` WHERE ( pid !=0 AND url like '%User/index%' ) LIMIT 1   [ RunTime:0.0004s ]
SQL: SELECT * FROM `sql_menu` WHERE `id` = 16 LIMIT 1   [ RunTime:0.0003s ]
SQL: SELECT DISTINCT  `group` FROM `sql_menu` WHERE `group` <> '' AND `pid` = 16  [ RunTime:0.0005s ]
SQL: SELECT `id`,`url` FROM `sql_menu` WHERE `pid` = 16 AND `hide` = 0  [ RunTime:0.0003s ]
SQL: SELECT `id`,`pid`,`title`,`url`,`tip` FROM `sql_menu` WHERE `group` = '用户管理' AND `pid` = 16 AND `hide` = 0 ORDER BY sort asc  [ RunTime:0.0005s ]
SQL: SELECT `id`,`pid`,`title`,`url`,`tip` FROM `sql_menu` WHERE `group` = '行为管理' AND `pid` = 16 AND `hide` = 0 ORDER BY sort asc  [ RunTime:0.0006s ]
SQL: SELECT `id`,`pid`,`title`,`url`,`tip` FROM `sql_menu` WHERE `group` = '用户认证' AND `pid` = 16 AND `hide` = 0 ORDER BY sort asc  [ RunTime:0.0005s ]
SQL: SHOW COLUMNS FROM `sql_member` [ RunTime:0.0038s ]
SQL: SELECT COUNT(*) AS tp_count FROM `sql_member` WHERE `status` >= 0 AND `nickname` LIKE '%%' LIMIT 1   [ RunTime:0.0004s ]
SQL: SELECT `uid`,`nickname`,`sex`,`birthday`,`qq`,`score`,`login`,`reg_ip`,`reg_time`,`last_login_ip`,`last_login_time`,`status`,`toux`,`pos`,`hot` FROM `sql_member` WHERE `status` >= 0 AND `nickname` LIKE '%%' ORDER BY uid desc LIMIT 0,10   [ RunTime:0.0005s ]
INFO: [ view_parse ] --START--
INFO: [ template_filter ] --START--
INFO: Run Behavior\ContentReplaceBehavior [ RunTime:0.000291s ]
INFO: [ template_filter ] --END-- [ RunTime:0.000440s ]
INFO: Run Behavior\ParseTemplateBehavior [ RunTime:0.049687s ]
INFO: [ view_parse ] --END-- [ RunTime:0.049860s ]
INFO: [ view_filter ] --START--
INFO: Run Behavior\WriteHtmlCacheBehavior [ RunTime:0.000821s ]
INFO: [ view_filter ] --END-- [ RunTime:0.000950s ]
INFO: [ app_end ] --START--
INFO: Run Behavior\ShowPageTraceBehavior [ RunTime:0.001480s ]
INFO: [ app_end ] --END-- [ RunTime:0.001712s ]

[ 2016-06-26T18:47:20+08:00 ] 127.0.0.1 /admin.php?s=/Userp/index.html
INFO: [ app_init ] --START--
INFO: Run Behavior\BuildLiteBehavior [ RunTime:0.000033s ]
INFO: Run Common\Behavior\InitHookBehavior [ RunTime:0.002885s ]
INFO: [ app_init ] --END-- [ RunTime:0.003583s ]
INFO: [ app_begin ] --START--
INFO: Run Behavior\ReadHtmlCacheBehavior [ RunTime:0.001578s ]
INFO: [ app_begin ] --END-- [ RunTime:0.001833s ]
SQL: SHOW COLUMNS FROM `sql_menu` [ RunTime:0.0048s ]
SQL: SELECT `id`,`title`,`url` FROM `sql_menu` WHERE `pid` = 0 AND `hide` = 0 ORDER BY sort asc  [ RunTime:0.0005s ]
SQL: SELECT `pid` FROM `sql_menu` WHERE ( pid !=0 AND url like '%Userp/index%' ) LIMIT 1   [ RunTime:0.0006s ]
SQL: SELECT * FROM `sql_menu` WHERE `id` = 16 LIMIT 1   [ RunTime:0.0003s ]
SQL: SELECT DISTINCT  `group` FROM `sql_menu` WHERE `group` <> '' AND `pid` = 16  [ RunTime:0.0006s ]
SQL: SELECT `id`,`url` FROM `sql_menu` WHERE `pid` = 16 AND `hide` = 0  [ RunTime:0.0004s ]
SQL: SELECT `id`,`pid`,`title`,`url`,`tip` FROM `sql_menu` WHERE `group` = '用户管理' AND `pid` = 16 AND `hide` = 0 ORDER BY sort asc  [ RunTime:0.0004s ]
SQL: SELECT `id`,`pid`,`title`,`url`,`tip` FROM `sql_menu` WHERE `group` = '行为管理' AND `pid` = 16 AND `hide` = 0 ORDER BY sort asc  [ RunTime:0.0005s ]
SQL: SELECT `id`,`pid`,`title`,`url`,`tip` FROM `sql_menu` WHERE `group` = '用户认证' AND `pid` = 16 AND `hide` = 0 ORDER BY sort asc  [ RunTime:0.0006s ]
SQL: SHOW COLUMNS FROM `sql_user` [ RunTime:0.0050s ]
SQL: SELECT COUNT(*) AS tp_count FROM `sql_user` WHERE `status` >= 0 AND `nickname` LIKE '%%' LIMIT 1   [ RunTime:0.0005s ]
SQL: SELECT `uid`,`nickname`,`sex`,`birthday`,`qq`,`score`,`login`,`reg_ip`,`reg_time`,`last_login_ip`,`last_login_time`,`status`,`u_tx`,`first_time` FROM `sql_user` WHERE `status` >= 0 AND `nickname` LIKE '%%' ORDER BY uid desc LIMIT 0,10   [ RunTime:0.0006s ]
INFO: [ view_parse ] --START--
INFO: [ template_filter ] --START--
INFO: Run Behavior\ContentReplaceBehavior [ RunTime:0.000270s ]
INFO: [ template_filter ] --END-- [ RunTime:0.000533s ]
INFO: Run Behavior\ParseTemplateBehavior [ RunTime:0.052291s ]
INFO: [ view_parse ] --END-- [ RunTime:0.052440s ]
INFO: [ view_filter ] --START--
INFO: Run Behavior\WriteHtmlCacheBehavior [ RunTime:0.000823s ]
INFO: [ view_filter ] --END-- [ RunTime:0.000965s ]
INFO: [ app_end ] --START--
INFO: Run Behavior\ShowPageTraceBehavior [ RunTime:0.001972s ]
INFO: [ app_end ] --END-- [ RunTime:0.002273s ]

[ 2016-06-26T18:47:22+08:00 ] 127.0.0.1 /admin.php?s=/User/index.html
INFO: [ app_init ] --START--
INFO: Run Behavior\BuildLiteBehavior [ RunTime:0.000035s ]
INFO: Run Common\Behavior\InitHookBehavior [ RunTime:0.003004s ]
INFO: [ app_init ] --END-- [ RunTime:0.003664s ]
INFO: [ app_begin ] --START--
INFO: Run Behavior\ReadHtmlCacheBehavior [ RunTime:0.001198s ]
INFO: [ app_begin ] --END-- [ RunTime:0.001359s ]
SQL: SHOW COLUMNS FROM `sql_menu` [ RunTime:0.0037s ]
SQL: SELECT `id`,`title`,`url` FROM `sql_menu` WHERE `pid` = 0 AND `hide` = 0 ORDER BY sort asc  [ RunTime:0.0005s ]
SQL: SELECT `pid` FROM `sql_menu` WHERE ( pid !=0 AND url like '%User/index%' ) LIMIT 1   [ RunTime:0.0004s ]
SQL: SELECT * FROM `sql_menu` WHERE `id` = 16 LIMIT 1   [ RunTime:0.0003s ]
SQL: SELECT DISTINCT  `group` FROM `sql_menu` WHERE `group` <> '' AND `pid` = 16  [ RunTime:0.0005s ]
SQL: SELECT `id`,`url` FROM `sql_menu` WHERE `pid` = 16 AND `hide` = 0  [ RunTime:0.0005s ]
SQL: SELECT `id`,`pid`,`title`,`url`,`tip` FROM `sql_menu` WHERE `group` = '用户管理' AND `pid` = 16 AND `hide` = 0 ORDER BY sort asc  [ RunTime:0.0005s ]
SQL: SELECT `id`,`pid`,`title`,`url`,`tip` FROM `sql_menu` WHERE `group` = '行为管理' AND `pid` = 16 AND `hide` = 0 ORDER BY sort asc  [ RunTime:0.0004s ]
SQL: SELECT `id`,`pid`,`title`,`url`,`tip` FROM `sql_menu` WHERE `group` = '用户认证' AND `pid` = 16 AND `hide` = 0 ORDER BY sort asc  [ RunTime:0.0005s ]
SQL: SHOW COLUMNS FROM `sql_member` [ RunTime:0.0046s ]
SQL: SELECT COUNT(*) AS tp_count FROM `sql_member` WHERE `status` >= 0 AND `nickname` LIKE '%%' LIMIT 1   [ RunTime:0.0005s ]
SQL: SELECT `uid`,`nickname`,`sex`,`birthday`,`qq`,`score`,`login`,`reg_ip`,`reg_time`,`last_login_ip`,`last_login_time`,`status`,`toux`,`pos`,`hot` FROM `sql_member` WHERE `status` >= 0 AND `nickname` LIKE '%%' ORDER BY uid desc LIMIT 0,10   [ RunTime:0.0005s ]
INFO: [ view_parse ] --START--
INFO: [ template_filter ] --START--
INFO: Run Behavior\ContentReplaceBehavior [ RunTime:0.000287s ]
INFO: [ template_filter ] --END-- [ RunTime:0.000434s ]
INFO: Run Behavior\ParseTemplateBehavior [ RunTime:0.034969s ]
INFO: [ view_parse ] --END-- [ RunTime:0.035118s ]
INFO: [ view_filter ] --START--
INFO: Run Behavior\WriteHtmlCacheBehavior [ RunTime:0.000771s ]
INFO: [ view_filter ] --END-- [ RunTime:0.000900s ]
INFO: [ app_end ] --START--
INFO: Run Behavior\ShowPageTraceBehavior [ RunTime:0.001207s ]
INFO: [ app_end ] --END-- [ RunTime:0.001399s ]

[ 2016-06-26T18:47:29+08:00 ] 127.0.0.1 /admin.php?s=/Userp/index.html
INFO: [ app_init ] --START--
INFO: Run Behavior\BuildLiteBehavior [ RunTime:0.000039s ]
INFO: Run Common\Behavior\InitHookBehavior [ RunTime:0.003268s ]
INFO: [ app_init ] --END-- [ RunTime:0.004063s ]
INFO: [ app_begin ] --START--
INFO: Run Behavior\ReadHtmlCacheBehavior [ RunTime:0.000910s ]
INFO: [ app_begin ] --END-- [ RunTime:0.001069s ]
SQL: SHOW COLUMNS FROM `sql_menu` [ RunTime:0.0068s ]
SQL: SELECT `id`,`title`,`url` FROM `sql_menu` WHERE `pid` = 0 AND `hide` = 0 ORDER BY sort asc  [ RunTime:0.0005s ]
SQL: SELECT `pid` FROM `sql_menu` WHERE ( pid !=0 AND url like '%Userp/index%' ) LIMIT 1   [ RunTime:0.0004s ]
SQL: SELECT * FROM `sql_menu` WHERE `id` = 16 LIMIT 1   [ RunTime:0.0003s ]
SQL: SELECT DISTINCT  `group` FROM `sql_menu` WHERE `group` <> '' AND `pid` = 16  [ RunTime:0.0005s ]
SQL: SELECT `id`,`url` FROM `sql_menu` WHERE `pid` = 16 AND `hide` = 0  [ RunTime:0.0004s ]
SQL: SELECT `id`,`pid`,`title`,`url`,`tip` FROM `sql_menu` WHERE `group` = '用户管理' AND `pid` = 16 AND `hide` = 0 ORDER BY sort asc  [ RunTime:0.0004s ]
SQL: SELECT `id`,`pid`,`title`,`url`,`tip` FROM `sql_menu` WHERE `group` = '行为管理' AND `pid` = 16 AND `hide` = 0 ORDER BY sort asc  [ RunTime:0.0004s ]
SQL: SELECT `id`,`pid`,`title`,`url`,`tip` FROM `sql_menu` WHERE `group` = '用户认证' AND `pid` = 16 AND `hide` = 0 ORDER BY sort asc  [ RunTime:0.0004s ]
SQL: SHOW COLUMNS FROM `sql_user` [ RunTime:0.0044s ]
SQL: SELECT COUNT(*) AS tp_count FROM `sql_user` WHERE `status` >= 0 AND `nickname` LIKE '%%' LIMIT 1   [ RunTime:0.0004s ]
SQL: SELECT `uid`,`nickname`,`sex`,`birthday`,`qq`,`score`,`login`,`reg_ip`,`reg_time`,`last_login_ip`,`last_login_time`,`status`,`u_tx`,`first_time` FROM `sql_user` WHERE `status` >= 0 AND `nickname` LIKE '%%' ORDER BY uid desc LIMIT 0,10   [ RunTime:0.0005s ]
INFO: [ view_parse ] --START--
INFO: [ template_filter ] --START--
INFO: Run Behavior\ContentReplaceBehavior [ RunTime:0.000350s ]
INFO: [ template_filter ] --END-- [ RunTime:0.000509s ]
INFO: Run Behavior\ParseTemplateBehavior [ RunTime:0.043793s ]
INFO: [ view_parse ] --END-- [ RunTime:0.044031s ]
INFO: [ view_filter ] --START--
INFO: Run Behavior\WriteHtmlCacheBehavior [ RunTime:0.000784s ]
INFO: [ view_filter ] --END-- [ RunTime:0.000917s ]
INFO: [ app_end ] --START--
INFO: Run Behavior\ShowPageTraceBehavior [ RunTime:0.001855s ]
INFO: [ app_end ] --END-- [ RunTime:0.002144s ]

[ 2016-06-26T18:54:01+08:00 ] 127.0.0.1 /admin.php?s=/user/identify/id/0.html
INFO: [ app_init ] --START--
INFO: Run Behavior\BuildLiteBehavior [ RunTime:0.000033s ]
INFO: Run Common\Behavior\InitHookBehavior [ RunTime:0.002100s ]
INFO: [ app_init ] --END-- [ RunTime:0.002749s ]
INFO: [ app_begin ] --START--
INFO: Run Behavior\ReadHtmlCacheBehavior [ RunTime:0.000557s ]
INFO: [ app_begin ] --END-- [ RunTime:0.000709s ]
SQL: SHOW COLUMNS FROM `sql_menu` [ RunTime:0.0074s ]
SQL: SELECT `id`,`title`,`url` FROM `sql_menu` WHERE `pid` = 0 AND `hide` = 0 ORDER BY sort asc  [ RunTime:0.0005s ]
SQL: SELECT `pid` FROM `sql_menu` WHERE ( pid !=0 AND url like '%User/identify%' ) LIMIT 1   [ RunTime:0.0005s ]
SQL: SELECT * FROM `sql_menu` WHERE `id` = 16 LIMIT 1   [ RunTime:0.0003s ]
SQL: SELECT DISTINCT  `group` FROM `sql_menu` WHERE `group` <> '' AND `pid` = 16  [ RunTime:0.0005s ]
SQL: SELECT `id`,`url` FROM `sql_menu` WHERE `pid` = 16 AND `hide` = 0  [ RunTime:0.0004s ]
SQL: SELECT `id`,`pid`,`title`,`url`,`tip` FROM `sql_menu` WHERE `group` = '用户管理' AND `pid` = 16 AND `hide` = 0 ORDER BY sort asc  [ RunTime:0.0004s ]
SQL: SELECT `id`,`pid`,`title`,`url`,`tip` FROM `sql_menu` WHERE `group` = '行为管理' AND `pid` = 16 AND `hide` = 0 ORDER BY sort asc  [ RunTime:0.0004s ]
SQL: SELECT `id`,`pid`,`title`,`url`,`tip` FROM `sql_menu` WHERE `group` = '用户认证' AND `pid` = 16 AND `hide` = 0 ORDER BY sort asc  [ RunTime:0.0005s ]
NOTIC: [8] Undefined variable: nickname H:\docs\job\Application\Admin\Controller\UserController.class.php 第 50 行.
NOTIC: [8] Undefined index: lite H:\docs\job\ThinkPHP\Library\Think\Db.class.php 第 37 行.
SQL: SHOW COLUMNS FROM `sql_member` [ RunTime:0.0054s ]
SQL: SELECT `login`,`hot` FROM `sql_member` WHERE `uid` = 2  [ RunTime:0.0003s ]
SQL: SELECT `login`,`hot` FROM `sql_member` WHERE `uid` = 1  [ RunTime:0.0003s ]
INFO: [ view_parse ] --START--
INFO: [ template_filter ] --START--
INFO: Run Behavior\ContentReplaceBehavior [ RunTime:0.000457s ]
INFO: [ template_filter ] --END-- [ RunTime:0.000635s ]
NOTIC: [8] Undefined variable: meta_title H:\docs\job\Runtime\Cache\Admin\fc840205d1d40f677828cc546a35bc62.php 第 5 行.
NOTIC: [8] Undefined index: uid H:\docs\job\Runtime\Cache\Admin\fc840205d1d40f677828cc546a35bc62.php 第 129 行.
NOTIC: [8] Undefined index: last_login_time H:\docs\job\Runtime\Cache\Admin\fc840205d1d40f677828cc546a35bc62.php 第 134 行.
NOTIC: [8] Undefined index: status H:\docs\job\Runtime\Cache\Admin\fc840205d1d40f677828cc546a35bc62.php 第 137 行.
NOTIC: [8] Undefined index: uid H:\docs\job\Runtime\Cache\Admin\fc840205d1d40f677828cc546a35bc62.php 第 129 行.
NOTIC: [8] Undefined index: last_login_time H:\docs\job\Runtime\Cache\Admin\fc840205d1d40f677828cc546a35bc62.php 第 134 行.
NOTIC: [8] Undefined index: status H:\docs\job\Runtime\Cache\Admin\fc840205d1d40f677828cc546a35bc62.php 第 137 行.
INFO: Run Behavior\ParseTemplateBehavior [ RunTime:0.065846s ]
INFO: [ view_parse ] --END-- [ RunTime:0.065991s ]
INFO: [ view_filter ] --START--
INFO: Run Behavior\WriteHtmlCacheBehavior [ RunTime:0.000590s ]
INFO: [ view_filter ] --END-- [ RunTime:0.000718s ]
INFO: [ app_end ] --START--
INFO: Run Behavior\ShowPageTraceBehavior [ RunTime:0.001261s ]
INFO: [ app_end ] --END-- [ RunTime:0.001524s ]

[ 2016-06-26T18:54:05+08:00 ] 127.0.0.1 /admin.php?s=/user/identify/id/1.html
INFO: [ app_init ] --START--
INFO: Run Behavior\BuildLiteBehavior [ RunTime:0.000032s ]
INFO: Run Common\Behavior\InitHookBehavior [ RunTime:0.002185s ]
INFO: [ app_init ] --END-- [ RunTime:0.002814s ]
INFO: [ app_begin ] --START--
INFO: Run Behavior\ReadHtmlCacheBehavior [ RunTime:0.000625s ]
INFO: [ app_begin ] --END-- [ RunTime:0.000782s ]
SQL: SHOW COLUMNS FROM `sql_menu` [ RunTime:0.0051s ]
SQL: SELECT `id`,`title`,`url` FROM `sql_menu` WHERE `pid` = 0 AND `hide` = 0 ORDER BY sort asc  [ RunTime:0.0005s ]
SQL: SELECT `pid` FROM `sql_menu` WHERE ( pid !=0 AND url like '%User/identify%' ) LIMIT 1   [ RunTime:0.0005s ]
SQL: SELECT * FROM `sql_menu` WHERE `id` = 16 LIMIT 1   [ RunTime:0.0003s ]
SQL: SELECT DISTINCT  `group` FROM `sql_menu` WHERE `group` <> '' AND `pid` = 16  [ RunTime:0.0005s ]
SQL: SELECT `id`,`url` FROM `sql_menu` WHERE `pid` = 16 AND `hide` = 0  [ RunTime:0.0004s ]
SQL: SELECT `id`,`pid`,`title`,`url`,`tip` FROM `sql_menu` WHERE `group` = '用户管理' AND `pid` = 16 AND `hide` = 0 ORDER BY sort asc  [ RunTime:0.0005s ]
SQL: SELECT `id`,`pid`,`title`,`url`,`tip` FROM `sql_menu` WHERE `group` = '行为管理' AND `pid` = 16 AND `hide` = 0 ORDER BY sort asc  [ RunTime:0.0006s ]
SQL: SELECT `id`,`pid`,`title`,`url`,`tip` FROM `sql_menu` WHERE `group` = '用户认证' AND `pid` = 16 AND `hide` = 0 ORDER BY sort asc  [ RunTime:0.0005s ]
NOTIC: [8] Undefined variable: nickname H:\docs\job\Application\Admin\Controller\UserController.class.php 第 50 行.
NOTIC: [8] Undefined index: lite H:\docs\job\ThinkPHP\Library\Think\Db.class.php 第 37 行.
NOTIC: [2] Invalid argument supplied for foreach() H:\docs\job\Application\Admin\Controller\UserController.class.php 第 227 行.
INFO: [ view_parse ] --START--
INFO: [ template_filter ] --START--
INFO: Run Behavior\ContentReplaceBehavior [ RunTime:0.000313s ]
INFO: [ template_filter ] --END-- [ RunTime:0.000493s ]
NOTIC: [8] Undefined variable: meta_title H:\docs\job\Runtime\Cache\Admin\fc840205d1d40f677828cc546a35bc62.php 第 5 行.
INFO: Run Behavior\ParseTemplateBehavior [ RunTime:0.034863s ]
INFO: [ view_parse ] --END-- [ RunTime:0.035073s ]
INFO: [ view_filter ] --START--
INFO: Run Behavior\WriteHtmlCacheBehavior [ RunTime:0.000703s ]
INFO: [ view_filter ] --END-- [ RunTime:0.000838s ]
INFO: [ app_end ] --START--
INFO: Run Behavior\ShowPageTraceBehavior [ RunTime:0.001384s ]
INFO: [ app_end ] --END-- [ RunTime:0.001847s ]

[ 2016-06-26T18:56:42+08:00 ] 127.0.0.1 /admin.php?s=/user/identify/id/1.html
INFO: [ app_init ] --START--
INFO: Run Behavior\BuildLiteBehavior [ RunTime:0.000034s ]
INFO: Run Common\Behavior\InitHookBehavior [ RunTime:0.003888s ]
INFO: [ app_init ] --END-- [ RunTime:0.004738s ]
INFO: [ app_begin ] --START--
INFO: Run Behavior\ReadHtmlCacheBehavior [ RunTime:0.001315s ]
INFO: [ app_begin ] --END-- [ RunTime:0.001508s ]
SQL: SHOW COLUMNS FROM `sql_menu` [ RunTime:0.0060s ]
SQL: SELECT `id`,`title`,`url` FROM `sql_menu` WHERE `pid` = 0 AND `hide` = 0 ORDER BY sort asc  [ RunTime:0.0005s ]
SQL: SELECT `pid` FROM `sql_menu` WHERE ( pid !=0 AND url like '%User/identify%' ) LIMIT 1   [ RunTime:0.0004s ]
SQL: SELECT * FROM `sql_menu` WHERE `id` = 16 LIMIT 1   [ RunTime:0.0003s ]
SQL: SELECT DISTINCT  `group` FROM `sql_menu` WHERE `group` <> '' AND `pid` = 16  [ RunTime:0.0005s ]
SQL: SELECT `id`,`url` FROM `sql_menu` WHERE `pid` = 16 AND `hide` = 0  [ RunTime:0.0004s ]
SQL: SELECT `id`,`pid`,`title`,`url`,`tip` FROM `sql_menu` WHERE `group` = '用户管理' AND `pid` = 16 AND `hide` = 0 ORDER BY sort asc  [ RunTime:0.0004s ]
SQL: SELECT `id`,`pid`,`title`,`url`,`tip` FROM `sql_menu` WHERE `group` = '行为管理' AND `pid` = 16 AND `hide` = 0 ORDER BY sort asc  [ RunTime:0.0004s ]
SQL: SELECT `id`,`pid`,`title`,`url`,`tip` FROM `sql_menu` WHERE `group` = '用户认证' AND `pid` = 16 AND `hide` = 0 ORDER BY sort asc  [ RunTime:0.0004s ]
NOTIC: [8] Undefined variable: nickname H:\docs\job\Application\Admin\Controller\UserController.class.php 第 50 行.
NOTIC: [8] Undefined index: lite H:\docs\job\ThinkPHP\Library\Think\Db.class.php 第 37 行.
SQL: SHOW COLUMNS FROM `sql_member` [ RunTime:0.0054s ]
SQL: SELECT `login`,`hot` FROM `sql_member` WHERE `uid` = 1  [ RunTime:0.0003s ]
INFO: [ view_parse ] --START--
INFO: [ template_filter ] --START--
INFO: Run Behavior\ContentReplaceBehavior [ RunTime:0.000290s ]
INFO: [ template_filter ] --END-- [ RunTime:0.000466s ]
NOTIC: [8] Undefined variable: meta_title H:\docs\job\Runtime\Cache\Admin\fc840205d1d40f677828cc546a35bc62.php 第 5 行.
NOTIC: [8] Undefined index: uid H:\docs\job\Runtime\Cache\Admin\fc840205d1d40f677828cc546a35bc62.php 第 129 行.
NOTIC: [8] Undefined index: last_login_time H:\docs\job\Runtime\Cache\Admin\fc840205d1d40f677828cc546a35bc62.php 第 134 行.
NOTIC: [8] Undefined index: status H:\docs\job\Runtime\Cache\Admin\fc840205d1d40f677828cc546a35bc62.php 第 137 行.
INFO: Run Behavior\ParseTemplateBehavior [ RunTime:0.036916s ]
INFO: [ view_parse ] --END-- [ RunTime:0.037082s ]
INFO: [ view_filter ] --START--
INFO: Run Behavior\WriteHtmlCacheBehavior [ RunTime:0.000978s ]
INFO: [ view_filter ] --END-- [ RunTime:0.001132s ]
INFO: [ app_end ] --START--
INFO: Run Behavior\ShowPageTraceBehavior [ RunTime:0.001829s ]
INFO: [ app_end ] --END-- [ RunTime:0.002053s ]

[ 2016-06-26T18:56:47+08:00 ] 127.0.0.1 /admin.php?s=/User/detail/tid/1/id/1.html
INFO: [ app_init ] --START--
INFO: Run Behavior\BuildLiteBehavior [ RunTime:0.000034s ]
INFO: Run Common\Behavior\InitHookBehavior [ RunTime:0.002493s ]
INFO: [ app_init ] --END-- [ RunTime:0.003160s ]
INFO: [ app_begin ] --START--
INFO: Run Behavior\ReadHtmlCacheBehavior [ RunTime:0.000797s ]
INFO: [ app_begin ] --END-- [ RunTime:0.000982s ]
SQL: SHOW COLUMNS FROM `sql_menu` [ RunTime:0.0064s ]
SQL: SELECT `id`,`title`,`url` FROM `sql_menu` WHERE `pid` = 0 AND `hide` = 0 ORDER BY sort asc  [ RunTime:0.0005s ]
SQL: SELECT `pid` FROM `sql_menu` WHERE ( pid !=0 AND url like '%User/detail%' ) LIMIT 1   [ RunTime:0.0011s ]
SQL: SELECT * FROM `sql_menu` WHERE `id` = 159 LIMIT 1   [ RunTime:0.0003s ]
SQL: SELECT * FROM `sql_menu` WHERE `id` = 16 LIMIT 1   [ RunTime:0.0003s ]
SQL: SELECT DISTINCT  `group` FROM `sql_menu` WHERE `group` <> '' AND `pid` = 16  [ RunTime:0.0005s ]
SQL: SELECT `id`,`url` FROM `sql_menu` WHERE `pid` = 16 AND `hide` = 0  [ RunTime:0.0005s ]
SQL: SELECT `id`,`pid`,`title`,`url`,`tip` FROM `sql_menu` WHERE `group` = '用户管理' AND `pid` = 16 AND `hide` = 0 ORDER BY sort asc  [ RunTime:0.0006s ]
SQL: SELECT `id`,`pid`,`title`,`url`,`tip` FROM `sql_menu` WHERE `group` = '行为管理' AND `pid` = 16 AND `hide` = 0 ORDER BY sort asc  [ RunTime:0.0005s ]
SQL: SELECT `id`,`pid`,`title`,`url`,`tip` FROM `sql_menu` WHERE `group` = '用户认证' AND `pid` = 16 AND `hide` = 0 ORDER BY sort asc  [ RunTime:0.0010s ]
NOTIC: [8] Undefined index: lite H:\docs\job\ThinkPHP\Library\Think\Db.class.php 第 37 行.
INFO: [ view_parse ] --START--
INFO: [ template_filter ] --START--
INFO: Run Behavior\ContentReplaceBehavior [ RunTime:0.000625s ]
INFO: [ template_filter ] --END-- [ RunTime:0.001049s ]
NOTIC: [8] Undefined variable: meta_title H:\docs\job\Runtime\Cache\Admin\44de373aafae047c991449fdb71971e3.php 第 5 行.
SQL: SHOW COLUMNS FROM `sql_picture` [ RunTime:0.0058s ]
SQL: SELECT * FROM `sql_picture` WHERE `status` = 1 AND `id` = 25 LIMIT 1   [ RunTime:0.0004s ]
SQL: SHOW COLUMNS FROM `sql_category` [ RunTime:0.0051s ]
SQL: SELECT * FROM `sql_category` WHERE `id` = 200 LIMIT 1   [ RunTime:0.0005s ]
SQL: SELECT * FROM `sql_picture` WHERE `status` = 1 AND `id` = 62 LIMIT 1   [ RunTime:0.0004s ]
SQL: SELECT * FROM `sql_picture` WHERE `status` = 1 AND `id` = 25 LIMIT 1   [ RunTime:0.0003s ]
SQL: SELECT * FROM `sql_picture` WHERE `status` = 1 AND `id` = 25 LIMIT 1   [ RunTime:0.0003s ]
INFO: Run Behavior\ParseTemplateBehavior [ RunTime:0.075808s ]
INFO: [ view_parse ] --END-- [ RunTime:0.075988s ]
INFO: [ view_filter ] --START--
INFO: Run Behavior\WriteHtmlCacheBehavior [ RunTime:0.000782s ]
INFO: [ view_filter ] --END-- [ RunTime:0.000947s ]
INFO: [ app_end ] --START--
INFO: Run Behavior\ShowPageTraceBehavior [ RunTime:0.001239s ]
INFO: [ app_end ] --END-- [ RunTime:0.001495s ]

[ 2016-06-26T18:57:14+08:00 ] 127.0.0.1 /admin.php?s=/user/pre_identify.html
INFO: [ app_init ] --START--
INFO: Run Behavior\BuildLiteBehavior [ RunTime:0.000033s ]
INFO: Run Common\Behavior\InitHookBehavior [ RunTime:0.002066s ]
INFO: [ app_init ] --END-- [ RunTime:0.002977s ]
INFO: [ app_begin ] --START--
INFO: Run Behavior\ReadHtmlCacheBehavior [ RunTime:0.000733s ]
INFO: [ app_begin ] --END-- [ RunTime:0.000858s ]
SQL: SHOW COLUMNS FROM `sql_menu` [ RunTime:0.0044s ]
SQL: SELECT `id`,`title`,`url` FROM `sql_menu` WHERE `pid` = 0 AND `hide` = 0 ORDER BY sort asc  [ RunTime:0.0005s ]
SQL: SELECT `pid` FROM `sql_menu` WHERE ( pid !=0 AND url like '%User/pre_identify%' ) LIMIT 1   [ RunTime:0.0011s ]
NOTIC: [8] Undefined index: lite H:\docs\job\ThinkPHP\Library\Think\Db.class.php 第 37 行.
SQL: SHOW COLUMNS FROM `sql_reason` [ RunTime:0.0418s ]
SQL: SELECT `create_time` FROM `sql_reason` WHERE ( cid = 1 ) ORDER BY id desc LIMIT 1   [ RunTime:0.0003s ]
NOTIC: [2] in_array() expects parameter 2 to be array, boolean given H:\docs\job\ThinkPHP\Library\Think\Model.class.php 第 1052 行.
NOTIC: [2] in_array() expects parameter 2 to be array, boolean given H:\docs\job\ThinkPHP\Library\Think\Model.class.php 第 1052 行.
NOTIC: [2] in_array() expects parameter 2 to be array, boolean given H:\docs\job\ThinkPHP\Library\Think\Model.class.php 第 1052 行.
SQL: SHOW COLUMNS FROM `sql_reason` [ RunTime:0.0047s ]
SQL: INSERT INTO `sql_reason` (`cid`,`reason`,`create_time`) VALUES ('1','243424324','1466938634') [ RunTime:0.0557s ]

[ 2016-06-26T18:57:15+08:00 ] 127.0.0.1 /admin.php?s=/User/detail/tid/1/id/1.html
INFO: [ app_init ] --START--
INFO: Run Behavior\BuildLiteBehavior [ RunTime:0.000031s ]
INFO: Run Common\Behavior\InitHookBehavior [ RunTime:0.002061s ]
INFO: [ app_init ] --END-- [ RunTime:0.002721s ]
INFO: [ app_begin ] --START--
INFO: Run Behavior\ReadHtmlCacheBehavior [ RunTime:0.000770s ]
INFO: [ app_begin ] --END-- [ RunTime:0.000923s ]
SQL: SHOW COLUMNS FROM `sql_menu` [ RunTime:0.0069s ]
SQL: SELECT `id`,`title`,`url` FROM `sql_menu` WHERE `pid` = 0 AND `hide` = 0 ORDER BY sort asc  [ RunTime:0.0005s ]
SQL: SELECT `pid` FROM `sql_menu` WHERE ( pid !=0 AND url like '%User/detail%' ) LIMIT 1   [ RunTime:0.0011s ]
SQL: SELECT * FROM `sql_menu` WHERE `id` = 159 LIMIT 1   [ RunTime:0.0003s ]
SQL: SELECT * FROM `sql_menu` WHERE `id` = 16 LIMIT 1   [ RunTime:0.0003s ]
SQL: SELECT DISTINCT  `group` FROM `sql_menu` WHERE `group` <> '' AND `pid` = 16  [ RunTime:0.0005s ]
SQL: SELECT `id`,`url` FROM `sql_menu` WHERE `pid` = 16 AND `hide` = 0  [ RunTime:0.0004s ]
SQL: SELECT `id`,`pid`,`title`,`url`,`tip` FROM `sql_menu` WHERE `group` = '用户管理' AND `pid` = 16 AND `hide` = 0 ORDER BY sort asc  [ RunTime:0.0004s ]
SQL: SELECT `id`,`pid`,`title`,`url`,`tip` FROM `sql_menu` WHERE `group` = '行为管理' AND `pid` = 16 AND `hide` = 0 ORDER BY sort asc  [ RunTime:0.0004s ]
SQL: SELECT `id`,`pid`,`title`,`url`,`tip` FROM `sql_menu` WHERE `group` = '用户认证' AND `pid` = 16 AND `hide` = 0 ORDER BY sort asc  [ RunTime:0.0004s ]
NOTIC: [8] Undefined index: lite H:\docs\job\ThinkPHP\Library\Think\Db.class.php 第 37 行.
INFO: [ view_parse ] --START--
INFO: [ template_filter ] --START--
INFO: Run Behavior\ContentReplaceBehavior [ RunTime:0.000328s ]
INFO: [ template_filter ] --END-- [ RunTime:0.000485s ]
NOTIC: [8] Undefined variable: meta_title H:\docs\job\Runtime\Cache\Admin\44de373aafae047c991449fdb71971e3.php 第 5 行.
SQL: SHOW COLUMNS FROM `sql_picture` [ RunTime:0.0057s ]
SQL: SELECT * FROM `sql_picture` WHERE `status` = 1 AND `id` = 25 LIMIT 1   [ RunTime:0.0004s ]
SQL: SELECT * FROM `sql_picture` WHERE `status` = 1 AND `id` = 62 LIMIT 1   [ RunTime:0.0005s ]
SQL: SELECT * FROM `sql_picture` WHERE `status` = 1 AND `id` = 25 LIMIT 1   [ RunTime:0.0003s ]
SQL: SELECT * FROM `sql_picture` WHERE `status` = 1 AND `id` = 25 LIMIT 1   [ RunTime:0.0003s ]
INFO: Run Behavior\ParseTemplateBehavior [ RunTime:0.041252s ]
INFO: [ view_parse ] --END-- [ RunTime:0.041401s ]
INFO: [ view_filter ] --START--
INFO: Run Behavior\WriteHtmlCacheBehavior [ RunTime:0.000649s ]
INFO: [ view_filter ] --END-- [ RunTime:0.000789s ]
INFO: [ app_end ] --START--
INFO: Run Behavior\ShowPageTraceBehavior [ RunTime:0.000914s ]
INFO: [ app_end ] --END-- [ RunTime:0.001143s ]

[ 2016-06-26T18:58:03+08:00 ] 127.0.0.1 /admin.php?s=/user/pre_identify.html
INFO: [ app_init ] --START--
INFO: Run Behavior\BuildLiteBehavior [ RunTime:0.000039s ]
INFO: Run Common\Behavior\InitHookBehavior [ RunTime:0.002126s ]
INFO: [ app_init ] --END-- [ RunTime:0.002861s ]
INFO: [ app_begin ] --START--
INFO: Run Behavior\ReadHtmlCacheBehavior [ RunTime:0.000724s ]
INFO: [ app_begin ] --END-- [ RunTime:0.000860s ]
SQL: SHOW COLUMNS FROM `sql_menu` [ RunTime:0.0069s ]
SQL: SELECT `id`,`title`,`url` FROM `sql_menu` WHERE `pid` = 0 AND `hide` = 0 ORDER BY sort asc  [ RunTime:0.0005s ]
SQL: SELECT `pid` FROM `sql_menu` WHERE ( pid !=0 AND url like '%User/pre_identify%' ) LIMIT 1   [ RunTime:0.0014s ]
NOTIC: [8] Undefined index: lite H:\docs\job\ThinkPHP\Library\Think\Db.class.php 第 37 行.

[ 2016-06-26T18:58:05+08:00 ] 127.0.0.1 /admin.php?s=/User/detail/tid/1/id/1.html
INFO: [ app_init ] --START--
INFO: Run Behavior\BuildLiteBehavior [ RunTime:0.000032s ]
INFO: Run Common\Behavior\InitHookBehavior [ RunTime:0.002475s ]
INFO: [ app_init ] --END-- [ RunTime:0.003237s ]
INFO: [ app_begin ] --START--
INFO: Run Behavior\ReadHtmlCacheBehavior [ RunTime:0.000802s ]
INFO: [ app_begin ] --END-- [ RunTime:0.001019s ]
SQL: SHOW COLUMNS FROM `sql_menu` [ RunTime:0.0066s ]
SQL: SELECT `id`,`title`,`url` FROM `sql_menu` WHERE `pid` = 0 AND `hide` = 0 ORDER BY sort asc  [ RunTime:0.0005s ]
SQL: SELECT `pid` FROM `sql_menu` WHERE ( pid !=0 AND url like '%User/detail%' ) LIMIT 1   [ RunTime:0.0011s ]
SQL: SELECT * FROM `sql_menu` WHERE `id` = 159 LIMIT 1   [ RunTime:0.0003s ]
SQL: SELECT * FROM `sql_menu` WHERE `id` = 16 LIMIT 1   [ RunTime:0.0003s ]
SQL: SELECT DISTINCT  `group` FROM `sql_menu` WHERE `group` <> '' AND `pid` = 16  [ RunTime:0.0005s ]
SQL: SELECT `id`,`url` FROM `sql_menu` WHERE `pid` = 16 AND `hide` = 0  [ RunTime:0.0004s ]
SQL: SELECT `id`,`pid`,`title`,`url`,`tip` FROM `sql_menu` WHERE `group` = '用户管理' AND `pid` = 16 AND `hide` = 0 ORDER BY sort asc  [ RunTime:0.0004s ]
SQL: SELECT `id`,`pid`,`title`,`url`,`tip` FROM `sql_menu` WHERE `group` = '行为管理' AND `pid` = 16 AND `hide` = 0 ORDER BY sort asc  [ RunTime:0.0005s ]
SQL: SELECT `id`,`pid`,`title`,`url`,`tip` FROM `sql_menu` WHERE `group` = '用户认证' AND `pid` = 16 AND `hide` = 0 ORDER BY sort asc  [ RunTime:0.0004s ]
NOTIC: [8] Undefined index: lite H:\docs\job\ThinkPHP\Library\Think\Db.class.php 第 37 行.
INFO: [ view_parse ] --START--
INFO: [ template_filter ] --START--
INFO: Run Behavior\ContentReplaceBehavior [ RunTime:0.000324s ]
INFO: [ template_filter ] --END-- [ RunTime:0.000524s ]
NOTIC: [8] Undefined variable: meta_title H:\docs\job\Runtime\Cache\Admin\44de373aafae047c991449fdb71971e3.php 第 5 行.
SQL: SHOW COLUMNS FROM `sql_picture` [ RunTime:0.0043s ]
SQL: SELECT * FROM `sql_picture` WHERE `status` = 1 AND `id` = 25 LIMIT 1   [ RunTime:0.0004s ]
SQL: SELECT * FROM `sql_picture` WHERE `status` = 1 AND `id` = 62 LIMIT 1   [ RunTime:0.0004s ]
SQL: SELECT * FROM `sql_picture` WHERE `status` = 1 AND `id` = 25 LIMIT 1   [ RunTime:0.0003s ]
SQL: SELECT * FROM `sql_picture` WHERE `status` = 1 AND `id` = 25 LIMIT 1   [ RunTime:0.0003s ]
INFO: Run Behavior\ParseTemplateBehavior [ RunTime:0.039337s ]
INFO: [ view_parse ] --END-- [ RunTime:0.039506s ]
INFO: [ view_filter ] --START--
INFO: Run Behavior\WriteHtmlCacheBehavior [ RunTime:0.000638s ]
INFO: [ view_filter ] --END-- [ RunTime:0.000773s ]
INFO: [ app_end ] --START--
INFO: Run Behavior\ShowPageTraceBehavior [ RunTime:0.000831s ]
INFO: [ app_end ] --END-- [ RunTime:0.001053s ]

[ 2016-06-26T19:01:48+08:00 ] 127.0.0.1 /admin.php?s=/District/lists.html
INFO: [ app_init ] --START--
INFO: Run Behavior\BuildLiteBehavior [ RunTime:0.000031s ]
INFO: Run Common\Behavior\InitHookBehavior [ RunTime:0.002057s ]
INFO: [ app_init ] --END-- [ RunTime:0.002691s ]
INFO: [ app_begin ] --START--
INFO: Run Behavior\ReadHtmlCacheBehavior [ RunTime:0.000605s ]
INFO: [ app_begin ] --END-- [ RunTime:0.000759s ]
NOTIC: [2048] Declaration of Admin\Controller\ThinkController::lists() should be compatible with Admin\Controller\AdminController::lists($model, $where = Array, $order = '', $field = true) H:\docs\job\Application\Admin\Controller\ThinkController.class.php 第 16 行.
SQL: SHOW COLUMNS FROM `sql_menu` [ RunTime:0.0071s ]
SQL: SELECT `id`,`title`,`url` FROM `sql_menu` WHERE `pid` = 0 AND `hide` = 0 ORDER BY sort asc  [ RunTime:0.0006s ]
SQL: SELECT `pid` FROM `sql_menu` WHERE ( pid !=0 AND url like '%District/lists%' ) LIMIT 1   [ RunTime:0.0012s ]
SQL: SELECT * FROM `sql_menu` WHERE `id` = 142 LIMIT 1   [ RunTime:0.0003s ]
SQL: SELECT DISTINCT  `group` FROM `sql_menu` WHERE `group` <> '' AND `pid` = 142  [ RunTime:0.0005s ]
SQL: SELECT `id`,`url` FROM `sql_menu` WHERE `pid` = 142 AND `hide` = 0  [ RunTime:0.0003s ]
SQL: SELECT `id`,`pid`,`title`,`url`,`tip` FROM `sql_menu` WHERE `group` = '地区' AND `pid` = 142 AND `hide` = 0 ORDER BY sort asc  [ RunTime:0.0005s ]
NOTIC: [8] Undefined index: p H:\docs\job\Application\Admin\Controller\ThinkController.class.php 第 25 行.
SQL: SHOW COLUMNS FROM `sql_model` [ RunTime:0.0045s ]
SQL: SELECT * FROM `sql_model` WHERE `name` = 'District' LIMIT 1   [ RunTime:0.0005s ]
SQL: SELECT * FROM `sql_model` WHERE `id` = 11 LIMIT 1   [ RunTime:0.0003s ]
SQL: SHOW COLUMNS FROM `sql_district` [ RunTime:0.1525s ]
SQL: SELECT `id`,`name`,`is_hot` FROM `sql_district` WHERE `level` <= 2 ORDER BY id ASC LIMIT 0,10   [ RunTime:0.0181s ]
SQL: SELECT COUNT(*) AS tp_count FROM `sql_district` WHERE `level` <= 2 LIMIT 1   [ RunTime:0.0485s ]
SQL: SELECT `extend` FROM `sql_model` WHERE `id` = 11 LIMIT 1   [ RunTime:0.0004s ]
SQL: SHOW COLUMNS FROM `sql_attribute` [ RunTime:0.0052s ]
SQL: SELECT `id`,`name`,`type`,`extra` FROM `sql_attribute` WHERE `model_id` = 11  [ RunTime:0.0006s ]
INFO: [ view_parse ] --START--
INFO: [ template_filter ] --START--
INFO: Run Behavior\ContentReplaceBehavior [ RunTime:0.000459s ]
INFO: [ template_filter ] --END-- [ RunTime:0.000675s ]
NOTIC: [8] Undefined variable: is_hot H:\docs\job\Runtime\Cache\Admin\9c85241c205adfb93fc62c6ed50084f5.php 第 105 行.
NOTIC: [8] Undefined variable: is_hot H:\docs\job\Runtime\Cache\Admin\9c85241c205adfb93fc62c6ed50084f5.php 第 105 行.
NOTIC: [8] Undefined index: category_id H:\docs\job\Application\Admin\Common\function.php 第 58 行.
NOTIC: [8] Undefined index: category_id H:\docs\job\Application\Admin\Common\function.php 第 58 行.
NOTIC: [8] Undefined index: category_id H:\docs\job\Application\Admin\Common\function.php 第 58 行.
NOTIC: [8] Undefined index: category_id H:\docs\job\Application\Admin\Common\function.php 第 58 行.
NOTIC: [8] Undefined index: category_id H:\docs\job\Application\Admin\Common\function.php 第 58 行.
NOTIC: [8] Undefined index: category_id H:\docs\job\Application\Admin\Common\function.php 第 58 行.
NOTIC: [8] Undefined index: category_id H:\docs\job\Application\Admin\Common\function.php 第 58 行.
NOTIC: [8] Undefined index: category_id H:\docs\job\Application\Admin\Common\function.php 第 58 行.
NOTIC: [8] Undefined index: category_id H:\docs\job\Application\Admin\Common\function.php 第 58 行.
NOTIC: [8] Undefined index: category_id H:\docs\job\Application\Admin\Common\function.php 第 58 行.
INFO: Run Behavior\ParseTemplateBehavior [ RunTime:0.057953s ]
INFO: [ view_parse ] --END-- [ RunTime:0.058172s ]
INFO: [ view_filter ] --START--
INFO: Run Behavior\WriteHtmlCacheBehavior [ RunTime:0.000736s ]
INFO: [ view_filter ] --END-- [ RunTime:0.000866s ]
INFO: [ app_end ] --START--
INFO: Run Behavior\ShowPageTraceBehavior [ RunTime:0.001020s ]
INFO: [ app_end ] --END-- [ RunTime:0.001176s ]

[ 2016-06-26T19:01:52+08:00 ] 127.0.0.1 /admin.php?s=/Addons/index.html
INFO: [ app_init ] --START--
INFO: Run Behavior\BuildLiteBehavior [ RunTime:0.000033s ]
INFO: Run Common\Behavior\InitHookBehavior [ RunTime:0.002314s ]
INFO: [ app_init ] --END-- [ RunTime:0.002985s ]
INFO: [ app_begin ] --START--
INFO: Run Behavior\ReadHtmlCacheBehavior [ RunTime:0.000566s ]
INFO: [ app_begin ] --END-- [ RunTime:0.000721s ]
SQL: SHOW COLUMNS FROM `sql_addons` [ RunTime:0.0050s ]
SQL: SELECT `title`,`name` FROM `sql_addons` WHERE ( status=1 AND has_adminlist=1 )  [ RunTime:0.0003s ]
SQL: SHOW COLUMNS FROM `sql_menu` [ RunTime:0.0046s ]
SQL: SELECT `id`,`title`,`url` FROM `sql_menu` WHERE `pid` = 0 AND `hide` = 0 ORDER BY sort asc  [ RunTime:0.0005s ]
SQL: SELECT `pid` FROM `sql_menu` WHERE ( pid !=0 AND url like '%Addons/index%' ) LIMIT 1   [ RunTime:0.0007s ]
SQL: SELECT * FROM `sql_menu` WHERE `id` = 43 LIMIT 1   [ RunTime:0.0003s ]
SQL: SELECT DISTINCT  `group` FROM `sql_menu` WHERE `group` <> '' AND `pid` = 43  [ RunTime:0.0005s ]
SQL: SELECT `id`,`url` FROM `sql_menu` WHERE `pid` = 43 AND `hide` = 0  [ RunTime:0.0007s ]
SQL: SELECT `id`,`pid`,`title`,`url`,`tip` FROM `sql_menu` WHERE `group` = '扩展' AND `pid` = 43 AND `hide` = 0 ORDER BY sort asc  [ RunTime:0.0005s ]
SQL: SELECT `id`,`name`,`title`,`description`,`status`,`config`,`author`,`version`,`create_time`,`has_adminlist` FROM `sql_addons` WHERE `name` IN ('Attachment','BaiduMap','ChinaCity','DevTeam','Editor','EditorForAdmin','SiteStat','SocialComment','SystemInfo')  [ RunTime:0.0006s ]
INFO: [ view_parse ] --START--
INFO: [ template_filter ] --START--
INFO: Run Behavior\ContentReplaceBehavior [ RunTime:0.000251s ]
INFO: [ template_filter ] --END-- [ RunTime:0.000416s ]
SQL: SHOW COLUMNS FROM `sql_addons` [ RunTime:0.0063s ]
SQL: SELECT `config` FROM `sql_addons` WHERE `name` = 'SocialComment' AND `status` = 1 LIMIT 1   [ RunTime:0.0004s ]
SQL: SELECT `config` FROM `sql_addons` WHERE `name` = 'BaiduMap' AND `status` = 1 LIMIT 1   [ RunTime:0.0004s ]
SQL: SELECT `config` FROM `sql_addons` WHERE `name` = 'ChinaCity' AND `status` = 1 LIMIT 1   [ RunTime:0.0004s ]
SQL: SELECT `config` FROM `sql_addons` WHERE `name` = 'Attachment' AND `status` = 1 LIMIT 1   [ RunTime:0.0004s ]
SQL: SELECT `config` FROM `sql_addons` WHERE `name` = 'Editor' AND `status` = 1 LIMIT 1   [ RunTime:0.0003s ]
SQL: SELECT `config` FROM `sql_addons` WHERE `name` = 'SiteStat' AND `status` = 1 LIMIT 1   [ RunTime:0.0004s ]
SQL: SELECT `config` FROM `sql_addons` WHERE `name` = 'DevTeam' AND `status` = 1 LIMIT 1   [ RunTime:0.0003s ]
SQL: SELECT `config` FROM `sql_addons` WHERE `name` = 'SystemInfo' AND `status` = 1 LIMIT 1   [ RunTime:0.0007s ]
SQL: SELECT `config` FROM `sql_addons` WHERE `name` = 'EditorForAdmin' AND `status` = 1 LIMIT 1   [ RunTime:0.0004s ]
INFO: Run Behavior\ParseTemplateBehavior [ RunTime:0.100829s ]
INFO: [ view_parse ] --END-- [ RunTime:0.100978s ]
INFO: [ view_filter ] --START--
INFO: Run Behavior\WriteHtmlCacheBehavior [ RunTime:0.000645s ]
INFO: [ view_filter ] --END-- [ RunTime:0.000781s ]
INFO: [ app_end ] --START--
INFO: Run Behavior\ShowPageTraceBehavior [ RunTime:0.000900s ]
INFO: [ app_end ] --END-- [ RunTime:0.001053s ]

[ 2016-06-26T19:01:57+08:00 ] 127.0.0.1 /admin.php?s=/Slide/index.html
INFO: [ app_init ] --START--
INFO: Run Behavior\BuildLiteBehavior [ RunTime:0.000034s ]
INFO: Run Common\Behavior\InitHookBehavior [ RunTime:0.002035s ]
INFO: [ app_init ] --END-- [ RunTime:0.002707s ]
INFO: [ app_begin ] --START--
INFO: Run Behavior\ReadHtmlCacheBehavior [ RunTime:0.000619s ]
INFO: [ app_begin ] --END-- [ RunTime:0.000774s ]
SQL: SHOW COLUMNS FROM `sql_menu` [ RunTime:0.0078s ]
SQL: SELECT `id`,`title`,`url` FROM `sql_menu` WHERE `pid` = 0 AND `hide` = 0 ORDER BY sort asc  [ RunTime:0.0005s ]
SQL: SELECT `pid` FROM `sql_menu` WHERE ( pid !=0 AND url like '%Slide/index%' ) LIMIT 1   [ RunTime:0.0011s ]
SQL: SELECT * FROM `sql_menu` WHERE `id` = 145 LIMIT 1   [ RunTime:0.0003s ]
SQL: SELECT DISTINCT  `group` FROM `sql_menu` WHERE `group` <> '' AND `pid` = 145  [ RunTime:0.0004s ]
SQL: SELECT `id`,`url` FROM `sql_menu` WHERE `pid` = 145 AND `hide` = 0  [ RunTime:0.0003s ]
SQL: SELECT `id`,`pid`,`title`,`url`,`tip` FROM `sql_menu` WHERE `group` = '广告管理' AND `pid` = 145 AND `hide` = 0 ORDER BY sort asc  [ RunTime:0.0005s ]
SQL: SHOW COLUMNS FROM `sql_slide` [ RunTime:0.0045s ]
SQL: SELECT COUNT(*) AS tp_count FROM `sql_slide` WHERE `status` = 1 LIMIT 1   [ RunTime:0.0003s ]
SQL: SELECT `id`,`name`,`title`,`url`,`description`,`link_id`,`place`,`display`,`create_time`,`update_time`,`status`,`icon`,`pid` FROM `sql_slide` WHERE `status` = 1 ORDER BY id desc LIMIT 0,10   [ RunTime:0.0005s ]
INFO: [ view_parse ] --START--
INFO: [ template_filter ] --START--
INFO: Run Behavior\ContentReplaceBehavior [ RunTime:0.000308s ]
INFO: [ template_filter ] --END-- [ RunTime:0.000464s ]
NOTIC: [8] Undefined variable: group H:\docs\job\Runtime\Cache\Admin\176a5b3b0ba55302e03dbe584fc1f56b.php 第 91 行.
NOTIC: [8] Undefined variable: pid H:\docs\job\Runtime\Cache\Admin\176a5b3b0ba55302e03dbe584fc1f56b.php 第 126 行.
SQL: SHOW COLUMNS FROM `sql_picture` [ RunTime:0.0051s ]
SQL: SELECT * FROM `sql_picture` WHERE `status` = 1 AND `id` = 15 LIMIT 1   [ RunTime:0.0004s ]
SQL: SELECT * FROM `sql_picture` WHERE `status` = 1 AND `id` = 15 LIMIT 1   [ RunTime:0.0003s ]
NOTIC: [8] Undefined variable: pid H:\docs\job\Runtime\Cache\Admin\176a5b3b0ba55302e03dbe584fc1f56b.php 第 126 行.
SQL: SELECT * FROM `sql_picture` WHERE `status` = 1 AND `id` = 11 LIMIT 1   [ RunTime:0.0003s ]
SQL: SELECT * FROM `sql_picture` WHERE `status` = 1 AND `id` = 11 LIMIT 1   [ RunTime:0.0004s ]
NOTIC: [8] Undefined variable: pid H:\docs\job\Runtime\Cache\Admin\176a5b3b0ba55302e03dbe584fc1f56b.php 第 126 行.
SQL: SELECT * FROM `sql_picture` WHERE `status` = 1 AND `id` = 12 LIMIT 1   [ RunTime:0.0005s ]
SQL: SELECT * FROM `sql_picture` WHERE `status` = 1 AND `id` = 12 LIMIT 1   [ RunTime:0.0003s ]
NOTIC: [8] Undefined variable: pid H:\docs\job\Runtime\Cache\Admin\176a5b3b0ba55302e03dbe584fc1f56b.php 第 126 行.
SQL: SELECT * FROM `sql_picture` WHERE `status` = 1 AND `id` = 13 LIMIT 1   [ RunTime:0.0003s ]
SQL: SELECT * FROM `sql_picture` WHERE `status` = 1 AND `id` = 13 LIMIT 1   [ RunTime:0.0003s ]
NOTIC: [8] Undefined variable: pid H:\docs\job\Runtime\Cache\Admin\176a5b3b0ba55302e03dbe584fc1f56b.php 第 126 行.
SQL: SELECT * FROM `sql_picture` WHERE `status` = 1 AND `id` = 14 LIMIT 1   [ RunTime:0.0003s ]
SQL: SELECT * FROM `sql_picture` WHERE `status` = 1 AND `id` = 14 LIMIT 1   [ RunTime:0.0003s ]
INFO: Run Behavior\ParseTemplateBehavior [ RunTime:0.064075s ]
INFO: [ view_parse ] --END-- [ RunTime:0.064235s ]
INFO: [ view_filter ] --START--
INFO: Run Behavior\WriteHtmlCacheBehavior [ RunTime:0.000647s ]
INFO: [ view_filter ] --END-- [ RunTime:0.000788s ]
INFO: [ app_end ] --START--
INFO: Run Behavior\ShowPageTraceBehavior [ RunTime:0.000934s ]
INFO: [ app_end ] --END-- [ RunTime:0.001215s ]

[ 2016-06-26T19:02:06+08:00 ] 127.0.0.1 /admin.php?s=/Slide/edit/id/5.html
INFO: [ app_init ] --START--
INFO: Run Behavior\BuildLiteBehavior [ RunTime:0.000032s ]
INFO: Run Common\Behavior\InitHookBehavior [ RunTime:0.002230s ]
INFO: [ app_init ] --END-- [ RunTime:0.002902s ]
INFO: [ app_begin ] --START--
INFO: Run Behavior\ReadHtmlCacheBehavior [ RunTime:0.000699s ]
INFO: [ app_begin ] --END-- [ RunTime:0.000926s ]
SQL: SHOW COLUMNS FROM `sql_menu` [ RunTime:0.0072s ]
SQL: SELECT `id`,`title`,`url` FROM `sql_menu` WHERE `pid` = 0 AND `hide` = 0 ORDER BY sort asc  [ RunTime:0.0005s ]
SQL: SELECT `pid` FROM `sql_menu` WHERE ( pid !=0 AND url like '%Slide/edit%' ) LIMIT 1   [ RunTime:0.0011s ]
SQL: SHOW COLUMNS FROM `sql_slide` [ RunTime:0.0047s ]
SQL: SELECT `id`,`name`,`title`,`url`,`description`,`link_id`,`place`,`display`,`create_time`,`update_time`,`status`,`icon`,`pid` FROM `sql_slide` WHERE `id` = 5 LIMIT 1   [ RunTime:0.0005s ]
INFO: [ view_parse ] --START--
INFO: [ template_filter ] --START--
INFO: Run Behavior\ContentReplaceBehavior [ RunTime:0.000342s ]
INFO: [ template_filter ] --END-- [ RunTime:0.000555s ]
SQL: SHOW COLUMNS FROM `sql_picture` [ RunTime:0.0048s ]
SQL: SELECT * FROM `sql_picture` WHERE `status` = 1 AND `id` = 15 LIMIT 1   [ RunTime:0.0004s ]
NOTIC: [8] Undefined index: model H:\docs\job\Runtime\Cache\Admin\f469e544eb83a6d1619f988ff93fbd88.php 第 329 行.
NOTIC: [8] Undefined index: model_sub H:\docs\job\Runtime\Cache\Admin\f469e544eb83a6d1619f988ff93fbd88.php 第 330 行.
NOTIC: [8] Undefined index: type H:\docs\job\Runtime\Cache\Admin\f469e544eb83a6d1619f988ff93fbd88.php 第 331 行.
NOTIC: [8] Undefined index: reply_model H:\docs\job\Runtime\Cache\Admin\f469e544eb83a6d1619f988ff93fbd88.php 第 334 行.
INFO: Run Behavior\ParseTemplateBehavior [ RunTime:0.058145s ]
INFO: [ view_parse ] --END-- [ RunTime:0.058286s ]
INFO: [ view_filter ] --START--
INFO: Run Behavior\WriteHtmlCacheBehavior [ RunTime:0.000634s ]
INFO: [ view_filter ] --END-- [ RunTime:0.000768s ]
INFO: [ app_end ] --START--
INFO: Run Behavior\ShowPageTraceBehavior [ RunTime:0.000916s ]
INFO: [ app_end ] --END-- [ RunTime:0.001101s ]

[ 2016-06-26T19:02:39+08:00 ] 127.0.0.1 /admin.php?s=/Slide/edit/id/3.html
INFO: [ app_init ] --START--
INFO: Run Behavior\BuildLiteBehavior [ RunTime:0.000032s ]
INFO: Run Common\Behavior\InitHookBehavior [ RunTime:0.001942s ]
INFO: [ app_init ] --END-- [ RunTime:0.002587s ]
INFO: [ app_begin ] --START--
INFO: Run Behavior\ReadHtmlCacheBehavior [ RunTime:0.000619s ]
INFO: [ app_begin ] --END-- [ RunTime:0.000767s ]
SQL: SHOW COLUMNS FROM `sql_menu` [ RunTime:0.0044s ]
SQL: SELECT `id`,`title`,`url` FROM `sql_menu` WHERE `pid` = 0 AND `hide` = 0 ORDER BY sort asc  [ RunTime:0.0006s ]
SQL: SELECT `pid` FROM `sql_menu` WHERE ( pid !=0 AND url like '%Slide/edit%' ) LIMIT 1   [ RunTime:0.0012s ]
SQL: SHOW COLUMNS FROM `sql_slide` [ RunTime:0.0053s ]
SQL: SELECT `id`,`name`,`title`,`url`,`description`,`link_id`,`place`,`display`,`create_time`,`update_time`,`status`,`icon`,`pid` FROM `sql_slide` WHERE `id` = 3 LIMIT 1   [ RunTime:0.0004s ]
INFO: [ view_parse ] --START--
INFO: [ template_filter ] --START--
INFO: Run Behavior\ContentReplaceBehavior [ RunTime:0.000332s ]
INFO: [ template_filter ] --END-- [ RunTime:0.000475s ]
SQL: SHOW COLUMNS FROM `sql_picture` [ RunTime:0.0058s ]
SQL: SELECT * FROM `sql_picture` WHERE `status` = 1 AND `id` = 12 LIMIT 1   [ RunTime:0.0005s ]
NOTIC: [8] Undefined index: model H:\docs\job\Runtime\Cache\Admin\f469e544eb83a6d1619f988ff93fbd88.php 第 329 行.
NOTIC: [8] Undefined index: model_sub H:\docs\job\Runtime\Cache\Admin\f469e544eb83a6d1619f988ff93fbd88.php 第 330 行.
NOTIC: [8] Undefined index: type H:\docs\job\Runtime\Cache\Admin\f469e544eb83a6d1619f988ff93fbd88.php 第 331 行.
NOTIC: [8] Undefined index: reply_model H:\docs\job\Runtime\Cache\Admin\f469e544eb83a6d1619f988ff93fbd88.php 第 334 行.
INFO: Run Behavior\ParseTemplateBehavior [ RunTime:0.037812s ]
INFO: [ view_parse ] --END-- [ RunTime:0.037995s ]
INFO: [ view_filter ] --START--
INFO: Run Behavior\WriteHtmlCacheBehavior [ RunTime:0.000638s ]
INFO: [ view_filter ] --END-- [ RunTime:0.000782s ]
INFO: [ app_end ] --START--
INFO: Run Behavior\ShowPageTraceBehavior [ RunTime:0.001186s ]
INFO: [ app_end ] --END-- [ RunTime:0.001410s ]

