[ 2016-05-25T10:34:49+08:00 ] 127.0.0.1 /admin.php
INFO: [ app_init ] --START--
INFO: Run Behavior\BuildLiteBehavior [ RunTime:0.000054s ]
INFO: Run Common\Behavior\InitHookBehavior [ RunTime:0.002765s ]
INFO: [ app_init ] --END-- [ RunTime:0.003831s ]
INFO: [ app_begin ] --START--
INFO: Run Behavior\ReadHtmlCacheBehavior [ RunTime:0.000866s ]
INFO: [ app_begin ] --END-- [ RunTime:0.001041s ]

[ 2016-05-25T10:34:49+08:00 ] 127.0.0.1 /admin.php?s=/Public/login.html
INFO: [ app_init ] --START--
INFO: Run Behavior\BuildLiteBehavior [ RunTime:0.000032s ]
INFO: Run Common\Behavior\InitHookBehavior [ RunTime:0.002854s ]
INFO: [ app_init ] --END-- [ RunTime:0.003560s ]
INFO: [ app_begin ] --START--
INFO: Run Behavior\ReadHtmlCacheBehavior [ RunTime:0.000805s ]
INFO: [ app_begin ] --END-- [ RunTime:0.000976s ]
INFO: [ view_parse ] --START--
INFO: [ template_filter ] --START--
INFO: Run Behavior\ContentReplaceBehavior [ RunTime:0.000177s ]
INFO: [ template_filter ] --END-- [ RunTime:0.000349s ]
INFO: Run Behavior\ParseTemplateBehavior [ RunTime:0.027405s ]
INFO: [ view_parse ] --END-- [ RunTime:0.027567s ]
INFO: [ view_filter ] --START--
INFO: Run Behavior\WriteHtmlCacheBehavior [ RunTime:0.000579s ]
INFO: [ view_filter ] --END-- [ RunTime:0.000713s ]
INFO: [ app_end ] --START--
INFO: Run Behavior\ShowPageTraceBehavior [ RunTime:0.000814s ]
INFO: [ app_end ] --END-- [ RunTime:0.000965s ]

[ 2016-05-25T10:34:50+08:00 ] 127.0.0.1 /admin.php?s=/Public/verify.html
INFO: [ app_init ] --START--
INFO: Run Behavior\BuildLiteBehavior [ RunTime:0.000036s ]
INFO: Run Common\Behavior\InitHookBehavior [ RunTime:0.002268s ]
INFO: [ app_init ] --END-- [ RunTime:0.002981s ]
INFO: [ app_begin ] --START--
INFO: Run Behavior\ReadHtmlCacheBehavior [ RunTime:0.001122s ]
INFO: [ app_begin ] --END-- [ RunTime:0.001299s ]
INFO: [ app_end ] --START--
INFO: Run Behavior\ShowPageTraceBehavior [ RunTime:0.001044s ]
INFO: [ app_end ] --END-- [ RunTime:0.001431s ]

[ 2016-05-25T10:34:58+08:00 ] 127.0.0.1 /admin.php?s=/Public/login.html
INFO: [ app_init ] --START--
INFO: Run Behavior\BuildLiteBehavior [ RunTime:0.000034s ]
INFO: Run Common\Behavior\InitHookBehavior [ RunTime:0.002216s ]
INFO: [ app_init ] --END-- [ RunTime:0.002884s ]
INFO: [ app_begin ] --START--
INFO: Run Behavior\ReadHtmlCacheBehavior [ RunTime:0.000713s ]
INFO: [ app_begin ] --END-- [ RunTime:0.000847s ]
NOTIC: [8] Undefined index: lite H:\docs\job\ThinkPHP\Library\Think\Db.class.php 第 37 行.
SQL: SHOW COLUMNS FROM `sql_member` [ RunTime:0.0040s ]
SQL: SELECT `uid`,`nickname`,`sex`,`birthday`,`qq`,`score`,`login`,`reg_ip`,`reg_time`,`last_login_ip`,`last_login_time`,`status`,`toux`,`pos`,`hot` FROM `sql_member` WHERE `uid` = 1 LIMIT 1   [ RunTime:0.0004s ]
SQL: SHOW COLUMNS FROM `sql_action` [ RunTime:0.0040s ]
SQL: SELECT * FROM `sql_action` WHERE `name` = 'user_login' LIMIT 1   [ RunTime:0.0004s ]
NOTIC: [8] Undefined variable: info H:\docs\job\Application\Common\Common\function.php 第 493 行.
NOTIC: [8] Undefined variable: info H:\docs\job\Application\Common\Common\function.php 第 493 行.
SQL: SHOW COLUMNS FROM `sql_action_log` [ RunTime:0.0041s ]
SQL: INSERT INTO `sql_action_log` (`action_id`,`user_id`,`action_ip`,`model`,`record_id`,`create_time`,`remark`) VALUES ('1','1','2130706433','member','1','1464143697','在2016-05-25 10:34登录了后台') [ RunTime:0.0004s ]
SQL: SELECT * FROM `sql_action` WHERE `name` = 'user_login' LIMIT 1   [ RunTime:0.0003s ]
NOTIC: [8] Undefined offset: 1 H:\docs\job\Application\Common\Common\function.php 第 760 行.
NOTIC: [2] array_key_exists() expects parameter 2 to be array, null given H:\docs\job\Application\Common\Common\function.php 第 760 行.
SQL: SELECT COUNT(*) AS tp_count FROM `sql_action_log` WHERE `action_id` = 1 AND `user_id` = 1 AND `create_time` > 1464057297 LIMIT 1   [ RunTime:0.8893s ]
SQL: SHOW COLUMNS FROM `sql_member` [ RunTime:0.0045s ]
SQL: UPDATE `sql_member` SET `score`=score+10 WHERE ( uid=1 AND status>-1 ) [ RunTime:0.0180s ]
SQL: UPDATE `sql_member` SET `login`=`login`+1,`last_login_time`='1464143697',`last_login_ip`='2130706433' WHERE `uid` = 1 [ RunTime:0.0003s ]

[ 2016-05-25T10:34:59+08:00 ] 127.0.0.1 /admin.php?s=/Index/index.html
INFO: [ app_init ] --START--
INFO: Run Behavior\BuildLiteBehavior [ RunTime:0.000034s ]
INFO: Run Common\Behavior\InitHookBehavior [ RunTime:0.002128s ]
INFO: [ app_init ] --END-- [ RunTime:0.002880s ]
INFO: [ app_begin ] --START--
INFO: Run Behavior\ReadHtmlCacheBehavior [ RunTime:0.000755s ]
INFO: [ app_begin ] --END-- [ RunTime:0.000914s ]
SQL: SHOW COLUMNS FROM `sql_menu` [ RunTime:0.0844s ]
SQL: SELECT `id`,`title`,`url` FROM `sql_menu` WHERE `pid` = 0 AND `hide` = 0 ORDER BY sort asc  [ RunTime:0.0193s ]
SQL: SELECT `pid` FROM `sql_menu` WHERE ( pid !=0 AND url like '%Index/index%' ) LIMIT 1   [ RunTime:0.0012s ]
INFO: [ view_parse ] --START--
INFO: [ template_filter ] --START--
INFO: Run Behavior\ContentReplaceBehavior [ RunTime:0.000210s ]
INFO: [ template_filter ] --END-- [ RunTime:0.000358s ]
INFO: [ AdminIndex ] --START--
SQL: SHOW COLUMNS FROM `sql_addons` [ RunTime:0.0045s ]
SQL: SELECT `config` FROM `sql_addons` WHERE `name` = 'SiteStat' AND `status` = 1 LIMIT 1   [ RunTime:0.0004s ]
SQL: SHOW COLUMNS FROM `sql_member` [ RunTime:0.0042s ]
SQL: SELECT COUNT(*) AS tp_count FROM `sql_member` LIMIT 1   [ RunTime:0.0003s ]
SQL: SHOW COLUMNS FROM `sql_action_log` [ RunTime:0.0042s ]
SQL: SELECT COUNT(*) AS tp_count FROM `sql_action_log` LIMIT 1   [ RunTime:0.0003s ]
SQL: SHOW COLUMNS FROM `sql_document` [ RunTime:0.0046s ]
SQL: SELECT COUNT(*) AS tp_count FROM `sql_document` LIMIT 1   [ RunTime:0.0003s ]
SQL: SHOW COLUMNS FROM `sql_category` [ RunTime:0.0042s ]
SQL: SELECT COUNT(*) AS tp_count FROM `sql_category` LIMIT 1   [ RunTime:0.0003s ]
SQL: SHOW COLUMNS FROM `sql_model` [ RunTime:0.1066s ]
SQL: SELECT COUNT(*) AS tp_count FROM `sql_model` LIMIT 1   [ RunTime:0.0003s ]
INFO: [ view_parse ] --START--
INFO: [ template_filter ] --START--
INFO: Run Behavior\ContentReplaceBehavior [ RunTime:0.000166s ]
INFO: [ template_filter ] --END-- [ RunTime:-0.185877s ]
INFO: Run Behavior\ParseTemplateBehavior [ RunTime:0.014074s ]
INFO: [ view_parse ] --END-- [ RunTime:0.014250s ]
INFO: [ view_filter ] --START--
INFO: Run Behavior\WriteHtmlCacheBehavior [ RunTime:0.000572s ]
INFO: [ view_filter ] --END-- [ RunTime:0.000713s ]
INFO: Run Addons\SiteStat\SiteStatAddon [ RunTime:0.182586s ]
SQL: SELECT `config` FROM `sql_addons` WHERE `name` = 'SystemInfo' AND `status` = 1 LIMIT 1   [ RunTime:0.0006s ]
INFO: [ view_parse ] --START--
INFO: [ template_filter ] --START--
INFO: Run Behavior\ContentReplaceBehavior [ RunTime:0.000101s ]
INFO: [ template_filter ] --END-- [ RunTime:-0.420646s ]
SQL: select version() as v; [ RunTime:0.0301s ]
INFO: Run Behavior\ParseTemplateBehavior [ RunTime:0.035930s ]
INFO: [ view_parse ] --END-- [ RunTime:-0.229503s ]
INFO: [ view_filter ] --START--
INFO: Run Behavior\WriteHtmlCacheBehavior [ RunTime:0.000041s ]
INFO: [ view_filter ] --END-- [ RunTime:-0.264898s ]
INFO: Run Addons\SystemInfo\SystemInfoAddon [ RunTime:0.264987s ]
SQL: SELECT `config` FROM `sql_addons` WHERE `name` = 'DevTeam' AND `status` = 1 LIMIT 1   [ RunTime:0.0004s ]
INFO: [ view_parse ] --START--
INFO: [ template_filter ] --START--
INFO: Run Behavior\ContentReplaceBehavior [ RunTime:0.000102s ]
INFO: [ template_filter ] --END-- [ RunTime:-0.459365s ]
INFO: Run Behavior\ParseTemplateBehavior [ RunTime:0.004392s ]
INFO: [ view_parse ] --END-- [ RunTime:-0.268785s ]
INFO: [ view_filter ] --START--
INFO: Run Behavior\WriteHtmlCacheBehavior [ RunTime:0.000071s ]
INFO: [ view_filter ] --END-- [ RunTime:-0.272698s ]
INFO: Run Addons\DevTeam\DevTeamAddon [ RunTime:0.007857s ]
INFO: [ AdminIndex ] --END-- [ RunTime:0.455752s ]
INFO: Run Behavior\ParseTemplateBehavior [ RunTime:0.005309s ]
INFO: [ view_parse ] --END-- [ RunTime:-0.268785s ]
INFO: [ view_filter ] --START--
INFO: Run Behavior\WriteHtmlCacheBehavior [ RunTime:0.000039s ]
INFO: [ view_filter ] --END-- [ RunTime:-0.273561s ]
INFO: [ app_end ] --START--
INFO: Run Behavior\ShowPageTraceBehavior [ RunTime:0.001117s ]
INFO: [ app_end ] --END-- [ RunTime:0.001335s ]

[ 2016-05-25T10:35:14+08:00 ] 127.0.0.1 /admin.php?s=/Article/index.html
INFO: [ app_init ] --START--
INFO: Run Behavior\BuildLiteBehavior [ RunTime:0.000032s ]
INFO: Run Common\Behavior\InitHookBehavior [ RunTime:0.002200s ]
INFO: [ app_init ] --END-- [ RunTime:0.002854s ]
INFO: [ app_begin ] --START--
INFO: Run Behavior\ReadHtmlCacheBehavior [ RunTime:0.000768s ]
INFO: [ app_begin ] --END-- [ RunTime:0.000930s ]
SQL: SHOW COLUMNS FROM `sql_menu` [ RunTime:0.0043s ]
SQL: SELECT `id`,`title`,`url` FROM `sql_menu` WHERE `pid` = 0 AND `hide` = 0 ORDER BY sort asc  [ RunTime:0.0006s ]
SQL: SELECT `pid` FROM `sql_menu` WHERE ( pid !=0 AND url like '%Article/index%' ) LIMIT 1   [ RunTime:0.0003s ]
SQL: SELECT * FROM `sql_menu` WHERE `id` = 2 LIMIT 1   [ RunTime:0.0003s ]
SQL: SELECT DISTINCT  `group` FROM `sql_menu` WHERE `group` <> '' AND `pid` = 2  [ RunTime:0.0005s ]
SQL: SELECT `id`,`url` FROM `sql_menu` WHERE `pid` = 2 AND `hide` = 0  [ RunTime:0.0003s ]
SQL: SELECT `id`,`pid`,`title`,`url`,`tip` FROM `sql_menu` WHERE `group` = '内容' AND `pid` = 2 AND `hide` = 0 ORDER BY sort asc  [ RunTime:0.0003s ]
SQL: SHOW COLUMNS FROM `sql_auth_group_access` [ RunTime:0.0604s ]
SQL: SELECT `extend_id` FROM sql_auth_group_access g INNER JOIN sql_auth_extend c on g.group_id=c.group_id  WHERE ( g.uid='1' and c.type='1' and !isnull(extend_id) )  [ RunTime:0.1648s ]
SQL: SHOW COLUMNS FROM `sql_category` [ RunTime:0.0041s ]
SQL: SELECT `id`,`title`,`pid`,`allow_publish` FROM `sql_category` WHERE `status` = 1 AND `ismenu` > 1 ORDER BY pid,sort  [ RunTime:0.0006s ]
SQL: SHOW COLUMNS FROM `sql_model` [ RunTime:0.0043s ]
SQL: SELECT * FROM `sql_model` WHERE `name` = 'document' LIMIT 1   [ RunTime:0.0109s ]
SQL: SHOW COLUMNS FROM `sql_document` [ RunTime:0.0042s ]
SQL: SELECT COUNT(*) AS tp_count FROM sql_document DOCUMENT WHERE `status` IN ('0','1','2') AND `pid` = 0 AND `iscate` = 3 LIMIT 1   [ RunTime:0.0006s ]
SQL: SELECT `id`,`title`,`type`,`update_time`,`status`,`view`,`category_id`,`model_id`,`pid` FROM sql_document DOCUMENT WHERE `status` IN ('0','1','2') AND `pid` = 0 AND `iscate` = 3 ORDER BY level DESC,DOCUMENT.id DESC LIMIT 0,10   [ RunTime:0.0005s ]
SQL: SELECT `extend` FROM `sql_model` WHERE `id` = 1 LIMIT 1   [ RunTime:0.0003s ]
SQL: SHOW COLUMNS FROM `sql_attribute` [ RunTime:0.0691s ]
SQL: SELECT `id`,`name`,`type`,`extra` FROM `sql_attribute` WHERE `model_id` = 1  [ RunTime:0.0763s ]
NOTIC: [8] Undefined variable: groups H:\docs\job\Application\Admin\Controller\ArticleController.class.php 第 233 行.
INFO: [ view_parse ] --START--
INFO: [ template_filter ] --START--
INFO: Run Behavior\ContentReplaceBehavior [ RunTime:0.000475s ]
INFO: [ template_filter ] --END-- [ RunTime:0.000627s ]
NOTIC: [8] Undefined index: _child H:\docs\job\Runtime\Cache\Admin\7a4184ffe8f804b12b2e7f8851dd8f7d.php 第 79 行.
NOTIC: [8] Undefined index: _child H:\docs\job\Runtime\Cache\Admin\7a4184ffe8f804b12b2e7f8851dd8f7d.php 第 79 行.
NOTIC: [8] Undefined index: _child H:\docs\job\Runtime\Cache\Admin\7a4184ffe8f804b12b2e7f8851dd8f7d.php 第 79 行.
INFO: Run Behavior\ParseTemplateBehavior [ RunTime:0.094594s ]
INFO: [ view_parse ] --END-- [ RunTime:0.094750s ]
INFO: [ view_filter ] --START--
INFO: Run Behavior\WriteHtmlCacheBehavior [ RunTime:0.000669s ]
INFO: [ view_filter ] --END-- [ RunTime:0.000801s ]
INFO: [ app_end ] --START--
INFO: Run Behavior\ShowPageTraceBehavior [ RunTime:0.001558s ]
INFO: [ app_end ] --END-- [ RunTime:0.001789s ]

[ 2016-05-25T10:35:15+08:00 ] 127.0.0.1 /admin.php?s=/User/index.html
INFO: [ app_init ] --START--
INFO: Run Behavior\BuildLiteBehavior [ RunTime:0.000033s ]
INFO: Run Common\Behavior\InitHookBehavior [ RunTime:0.002194s ]
INFO: [ app_init ] --END-- [ RunTime:0.002891s ]
INFO: [ app_begin ] --START--
INFO: Run Behavior\ReadHtmlCacheBehavior [ RunTime:0.000818s ]
INFO: [ app_begin ] --END-- [ RunTime:0.000973s ]
SQL: SHOW COLUMNS FROM `sql_menu` [ RunTime:0.0051s ]
SQL: SELECT `id`,`title`,`url` FROM `sql_menu` WHERE `pid` = 0 AND `hide` = 0 ORDER BY sort asc  [ RunTime:0.0005s ]
SQL: SELECT `pid` FROM `sql_menu` WHERE ( pid !=0 AND url like '%User/index%' ) LIMIT 1   [ RunTime:0.0004s ]
SQL: SELECT * FROM `sql_menu` WHERE `id` = 16 LIMIT 1   [ RunTime:0.0003s ]
SQL: SELECT DISTINCT  `group` FROM `sql_menu` WHERE `group` <> '' AND `pid` = 16  [ RunTime:0.0005s ]
SQL: SELECT `id`,`url` FROM `sql_menu` WHERE `pid` = 16 AND `hide` = 0  [ RunTime:0.0004s ]
SQL: SELECT `id`,`pid`,`title`,`url`,`tip` FROM `sql_menu` WHERE `group` = '用户管理' AND `pid` = 16 AND `hide` = 0 ORDER BY sort asc  [ RunTime:0.0006s ]
SQL: SELECT `id`,`pid`,`title`,`url`,`tip` FROM `sql_menu` WHERE `group` = '行为管理' AND `pid` = 16 AND `hide` = 0 ORDER BY sort asc  [ RunTime:0.0006s ]
SQL: SELECT `id`,`pid`,`title`,`url`,`tip` FROM `sql_menu` WHERE `group` = '用户认证' AND `pid` = 16 AND `hide` = 0 ORDER BY sort asc  [ RunTime:0.0004s ]
SQL: SHOW COLUMNS FROM `sql_member` [ RunTime:0.0045s ]
SQL: SELECT COUNT(*) AS tp_count FROM `sql_member` WHERE `status` >= 0 AND `nickname` LIKE '%%' LIMIT 1   [ RunTime:0.0004s ]
SQL: SELECT `uid`,`nickname`,`sex`,`birthday`,`qq`,`score`,`login`,`reg_ip`,`reg_time`,`last_login_ip`,`last_login_time`,`status`,`toux`,`pos`,`hot` FROM `sql_member` WHERE `status` >= 0 AND `nickname` LIKE '%%' ORDER BY uid desc LIMIT 0,10   [ RunTime:0.0004s ]
INFO: [ view_parse ] --START--
INFO: [ template_filter ] --START--
INFO: Run Behavior\ContentReplaceBehavior [ RunTime:0.000278s ]
INFO: [ template_filter ] --END-- [ RunTime:0.000432s ]
INFO: Run Behavior\ParseTemplateBehavior [ RunTime:0.035610s ]
INFO: [ view_parse ] --END-- [ RunTime:0.035828s ]
INFO: [ view_filter ] --START--
INFO: Run Behavior\WriteHtmlCacheBehavior [ RunTime:0.000709s ]
INFO: [ view_filter ] --END-- [ RunTime:0.000867s ]
INFO: [ app_end ] --START--
INFO: Run Behavior\ShowPageTraceBehavior [ RunTime:0.001023s ]
INFO: [ app_end ] --END-- [ RunTime:0.001187s ]

[ 2016-05-25T10:35:19+08:00 ] 127.0.0.1 /admin.php?s=/Userp/index.html
INFO: [ app_init ] --START--
INFO: Run Behavior\BuildLiteBehavior [ RunTime:0.000034s ]
INFO: Run Common\Behavior\InitHookBehavior [ RunTime:0.002053s ]
INFO: [ app_init ] --END-- [ RunTime:0.002752s ]
INFO: [ app_begin ] --START--
INFO: Run Behavior\ReadHtmlCacheBehavior [ RunTime:0.000697s ]
INFO: [ app_begin ] --END-- [ RunTime:0.000841s ]
SQL: SHOW COLUMNS FROM `sql_menu` [ RunTime:0.0048s ]
SQL: SELECT `id`,`title`,`url` FROM `sql_menu` WHERE `pid` = 0 AND `hide` = 0 ORDER BY sort asc  [ RunTime:0.0005s ]
SQL: SELECT `pid` FROM `sql_menu` WHERE ( pid !=0 AND url like '%Userp/index%' ) LIMIT 1   [ RunTime:0.0004s ]
SQL: SELECT * FROM `sql_menu` WHERE `id` = 16 LIMIT 1   [ RunTime:0.0003s ]
SQL: SELECT DISTINCT  `group` FROM `sql_menu` WHERE `group` <> '' AND `pid` = 16  [ RunTime:0.0005s ]
SQL: SELECT `id`,`url` FROM `sql_menu` WHERE `pid` = 16 AND `hide` = 0  [ RunTime:0.0005s ]
SQL: SELECT `id`,`pid`,`title`,`url`,`tip` FROM `sql_menu` WHERE `group` = '用户管理' AND `pid` = 16 AND `hide` = 0 ORDER BY sort asc  [ RunTime:0.0006s ]
SQL: SELECT `id`,`pid`,`title`,`url`,`tip` FROM `sql_menu` WHERE `group` = '行为管理' AND `pid` = 16 AND `hide` = 0 ORDER BY sort asc  [ RunTime:0.0004s ]
SQL: SELECT `id`,`pid`,`title`,`url`,`tip` FROM `sql_menu` WHERE `group` = '用户认证' AND `pid` = 16 AND `hide` = 0 ORDER BY sort asc  [ RunTime:0.0005s ]
SQL: SHOW COLUMNS FROM `sql_user` [ RunTime:0.0041s ]
SQL: SELECT COUNT(*) AS tp_count FROM `sql_user` WHERE `status` >= 0 AND `nickname` LIKE '%%' LIMIT 1   [ RunTime:0.0004s ]
SQL: SELECT `uid`,`nickname`,`sex`,`birthday`,`qq`,`score`,`login`,`reg_ip`,`reg_time`,`last_login_ip`,`last_login_time`,`status`,`u_tx`,`first_time` FROM `sql_user` WHERE `status` >= 0 AND `nickname` LIKE '%%' ORDER BY uid desc LIMIT 0,10   [ RunTime:0.0005s ]
INFO: [ view_parse ] --START--
INFO: [ template_filter ] --START--
INFO: Run Behavior\ContentReplaceBehavior [ RunTime:0.000271s ]
INFO: [ template_filter ] --END-- [ RunTime:0.000431s ]
INFO: Run Behavior\ParseTemplateBehavior [ RunTime:0.044036s ]
INFO: [ view_parse ] --END-- [ RunTime:0.044195s ]
INFO: [ view_filter ] --START--
INFO: Run Behavior\WriteHtmlCacheBehavior [ RunTime:0.000732s ]
INFO: [ view_filter ] --END-- [ RunTime:0.000890s ]
INFO: [ app_end ] --START--
INFO: Run Behavior\ShowPageTraceBehavior [ RunTime:0.001038s ]
INFO: [ app_end ] --END-- [ RunTime:0.001202s ]

[ 2016-05-25T10:35:20+08:00 ] 127.0.0.1 /admin.php?s=/User/index.html
INFO: [ app_init ] --START--
INFO: Run Behavior\BuildLiteBehavior [ RunTime:0.000034s ]
INFO: Run Common\Behavior\InitHookBehavior [ RunTime:0.002112s ]
INFO: [ app_init ] --END-- [ RunTime:0.002772s ]
INFO: [ app_begin ] --START--
INFO: Run Behavior\ReadHtmlCacheBehavior [ RunTime:0.000790s ]
INFO: [ app_begin ] --END-- [ RunTime:0.000990s ]
SQL: SHOW COLUMNS FROM `sql_menu` [ RunTime:0.0044s ]
SQL: SELECT `id`,`title`,`url` FROM `sql_menu` WHERE `pid` = 0 AND `hide` = 0 ORDER BY sort asc  [ RunTime:0.0006s ]
SQL: SELECT `pid` FROM `sql_menu` WHERE ( pid !=0 AND url like '%User/index%' ) LIMIT 1   [ RunTime:0.0004s ]
SQL: SELECT * FROM `sql_menu` WHERE `id` = 16 LIMIT 1   [ RunTime:0.0003s ]
SQL: SELECT DISTINCT  `group` FROM `sql_menu` WHERE `group` <> '' AND `pid` = 16  [ RunTime:0.0005s ]
SQL: SELECT `id`,`url` FROM `sql_menu` WHERE `pid` = 16 AND `hide` = 0  [ RunTime:0.0003s ]
SQL: SELECT `id`,`pid`,`title`,`url`,`tip` FROM `sql_menu` WHERE `group` = '用户管理' AND `pid` = 16 AND `hide` = 0 ORDER BY sort asc  [ RunTime:0.0004s ]
SQL: SELECT `id`,`pid`,`title`,`url`,`tip` FROM `sql_menu` WHERE `group` = '行为管理' AND `pid` = 16 AND `hide` = 0 ORDER BY sort asc  [ RunTime:0.0005s ]
SQL: SELECT `id`,`pid`,`title`,`url`,`tip` FROM `sql_menu` WHERE `group` = '用户认证' AND `pid` = 16 AND `hide` = 0 ORDER BY sort asc  [ RunTime:0.0004s ]
SQL: SHOW COLUMNS FROM `sql_member` [ RunTime:0.0044s ]
SQL: SELECT COUNT(*) AS tp_count FROM `sql_member` WHERE `status` >= 0 AND `nickname` LIKE '%%' LIMIT 1   [ RunTime:0.0004s ]
SQL: SELECT `uid`,`nickname`,`sex`,`birthday`,`qq`,`score`,`login`,`reg_ip`,`reg_time`,`last_login_ip`,`last_login_time`,`status`,`toux`,`pos`,`hot` FROM `sql_member` WHERE `status` >= 0 AND `nickname` LIKE '%%' ORDER BY uid desc LIMIT 0,10   [ RunTime:0.0006s ]
INFO: [ view_parse ] --START--
INFO: [ template_filter ] --START--
INFO: Run Behavior\ContentReplaceBehavior [ RunTime:0.000316s ]
INFO: [ template_filter ] --END-- [ RunTime:0.000529s ]
INFO: Run Behavior\ParseTemplateBehavior [ RunTime:0.039080s ]
INFO: [ view_parse ] --END-- [ RunTime:0.039237s ]
INFO: [ view_filter ] --START--
INFO: Run Behavior\WriteHtmlCacheBehavior [ RunTime:0.000682s ]
INFO: [ view_filter ] --END-- [ RunTime:0.000812s ]
INFO: [ app_end ] --START--
INFO: Run Behavior\ShowPageTraceBehavior [ RunTime:0.000982s ]
INFO: [ app_end ] --END-- [ RunTime:0.001213s ]

[ 2016-05-25T10:35:20+08:00 ] 127.0.0.1 /admin.php?s=/Userp/index.html
INFO: [ app_init ] --START--
INFO: Run Behavior\BuildLiteBehavior [ RunTime:0.000033s ]
INFO: Run Common\Behavior\InitHookBehavior [ RunTime:0.002127s ]
INFO: [ app_init ] --END-- [ RunTime:0.002779s ]
INFO: [ app_begin ] --START--
INFO: Run Behavior\ReadHtmlCacheBehavior [ RunTime:0.000793s ]
INFO: [ app_begin ] --END-- [ RunTime:0.000952s ]
SQL: SHOW COLUMNS FROM `sql_menu` [ RunTime:0.0044s ]
SQL: SELECT `id`,`title`,`url` FROM `sql_menu` WHERE `pid` = 0 AND `hide` = 0 ORDER BY sort asc  [ RunTime:0.0005s ]
SQL: SELECT `pid` FROM `sql_menu` WHERE ( pid !=0 AND url like '%Userp/index%' ) LIMIT 1   [ RunTime:0.0004s ]
SQL: SELECT * FROM `sql_menu` WHERE `id` = 16 LIMIT 1   [ RunTime:0.0003s ]
SQL: SELECT DISTINCT  `group` FROM `sql_menu` WHERE `group` <> '' AND `pid` = 16  [ RunTime:0.0005s ]
SQL: SELECT `id`,`url` FROM `sql_menu` WHERE `pid` = 16 AND `hide` = 0  [ RunTime:0.0005s ]
SQL: SELECT `id`,`pid`,`title`,`url`,`tip` FROM `sql_menu` WHERE `group` = '用户管理' AND `pid` = 16 AND `hide` = 0 ORDER BY sort asc  [ RunTime:0.0004s ]
SQL: SELECT `id`,`pid`,`title`,`url`,`tip` FROM `sql_menu` WHERE `group` = '行为管理' AND `pid` = 16 AND `hide` = 0 ORDER BY sort asc  [ RunTime:0.0004s ]
SQL: SELECT `id`,`pid`,`title`,`url`,`tip` FROM `sql_menu` WHERE `group` = '用户认证' AND `pid` = 16 AND `hide` = 0 ORDER BY sort asc  [ RunTime:0.0004s ]
SQL: SHOW COLUMNS FROM `sql_user` [ RunTime:0.0044s ]
SQL: SELECT COUNT(*) AS tp_count FROM `sql_user` WHERE `status` >= 0 AND `nickname` LIKE '%%' LIMIT 1   [ RunTime:0.0004s ]
SQL: SELECT `uid`,`nickname`,`sex`,`birthday`,`qq`,`score`,`login`,`reg_ip`,`reg_time`,`last_login_ip`,`last_login_time`,`status`,`u_tx`,`first_time` FROM `sql_user` WHERE `status` >= 0 AND `nickname` LIKE '%%' ORDER BY uid desc LIMIT 0,10   [ RunTime:0.0005s ]
INFO: [ view_parse ] --START--
INFO: [ template_filter ] --START--
INFO: Run Behavior\ContentReplaceBehavior [ RunTime:0.000294s ]
INFO: [ template_filter ] --END-- [ RunTime:0.000455s ]
INFO: Run Behavior\ParseTemplateBehavior [ RunTime:0.036779s ]
INFO: [ view_parse ] --END-- [ RunTime:0.036940s ]
INFO: [ view_filter ] --START--
INFO: Run Behavior\WriteHtmlCacheBehavior [ RunTime:0.000895s ]
INFO: [ view_filter ] --END-- [ RunTime:0.001037s ]
INFO: [ app_end ] --START--
INFO: Run Behavior\ShowPageTraceBehavior [ RunTime:0.001041s ]
INFO: [ app_end ] --END-- [ RunTime:0.001204s ]

[ 2016-05-25T10:50:24+08:00 ] 127.0.0.1 /admin.php?s=/user/identify/id/1.html
INFO: [ app_init ] --START--
INFO: Run Behavior\BuildLiteBehavior [ RunTime:0.000033s ]
INFO: Run Common\Behavior\InitHookBehavior [ RunTime:0.002839s ]
INFO: [ app_init ] --END-- [ RunTime:0.003582s ]
INFO: [ app_begin ] --START--
INFO: Run Behavior\ReadHtmlCacheBehavior [ RunTime:0.000837s ]
INFO: [ app_begin ] --END-- [ RunTime:0.000994s ]
SQL: SHOW COLUMNS FROM `sql_menu` [ RunTime:0.0051s ]
SQL: SELECT `id`,`title`,`url` FROM `sql_menu` WHERE `pid` = 0 AND `hide` = 0 ORDER BY sort asc  [ RunTime:0.0006s ]
SQL: SELECT `pid` FROM `sql_menu` WHERE ( pid !=0 AND url like '%User/identify%' ) LIMIT 1   [ RunTime:0.0005s ]
SQL: SELECT * FROM `sql_menu` WHERE `id` = 16 LIMIT 1   [ RunTime:0.0003s ]
SQL: SELECT DISTINCT  `group` FROM `sql_menu` WHERE `group` <> '' AND `pid` = 16  [ RunTime:0.0005s ]
SQL: SELECT `id`,`url` FROM `sql_menu` WHERE `pid` = 16 AND `hide` = 0  [ RunTime:0.0004s ]
SQL: SELECT `id`,`pid`,`title`,`url`,`tip` FROM `sql_menu` WHERE `group` = '用户管理' AND `pid` = 16 AND `hide` = 0 ORDER BY sort asc  [ RunTime:0.0004s ]
SQL: SELECT `id`,`pid`,`title`,`url`,`tip` FROM `sql_menu` WHERE `group` = '行为管理' AND `pid` = 16 AND `hide` = 0 ORDER BY sort asc  [ RunTime:0.0004s ]
SQL: SELECT `id`,`pid`,`title`,`url`,`tip` FROM `sql_menu` WHERE `group` = '用户认证' AND `pid` = 16 AND `hide` = 0 ORDER BY sort asc  [ RunTime:0.0010s ]
NOTIC: [8] Undefined variable: nickname H:\docs\job\Application\Admin\Controller\UserController.class.php 第 50 行.
NOTIC: [8] Undefined index: lite H:\docs\job\ThinkPHP\Library\Think\Db.class.php 第 37 行.
NOTIC: [2] Invalid argument supplied for foreach() H:\docs\job\Application\Admin\Controller\UserController.class.php 第 227 行.
INFO: [ view_parse ] --START--
INFO: [ template_filter ] --START--
INFO: Run Behavior\ContentReplaceBehavior [ RunTime:0.000281s ]
INFO: [ template_filter ] --END-- [ RunTime:0.000430s ]
NOTIC: [8] Undefined variable: meta_title H:\docs\job\Runtime\Cache\Admin\fc840205d1d40f677828cc546a35bc62.php 第 5 行.
INFO: Run Behavior\ParseTemplateBehavior [ RunTime:0.428609s ]
INFO: [ view_parse ] --END-- [ RunTime:0.428762s ]
INFO: [ view_filter ] --START--
INFO: Run Behavior\WriteHtmlCacheBehavior [ RunTime:0.000769s ]
INFO: [ view_filter ] --END-- [ RunTime:0.001028s ]
INFO: [ app_end ] --START--
INFO: Run Behavior\ShowPageTraceBehavior [ RunTime:0.001180s ]
INFO: [ app_end ] --END-- [ RunTime:0.001352s ]

[ 2016-05-25T10:50:26+08:00 ] 127.0.0.1 /admin.php?s=/user/identify/id/2.html
INFO: [ app_init ] --START--
INFO: Run Behavior\BuildLiteBehavior [ RunTime:0.000034s ]
INFO: Run Common\Behavior\InitHookBehavior [ RunTime:0.002086s ]
INFO: [ app_init ] --END-- [ RunTime:0.002745s ]
INFO: [ app_begin ] --START--
INFO: Run Behavior\ReadHtmlCacheBehavior [ RunTime:0.000839s ]
INFO: [ app_begin ] --END-- [ RunTime:0.001007s ]
SQL: SHOW COLUMNS FROM `sql_menu` [ RunTime:0.0039s ]
SQL: SELECT `id`,`title`,`url` FROM `sql_menu` WHERE `pid` = 0 AND `hide` = 0 ORDER BY sort asc  [ RunTime:0.0005s ]
SQL: SELECT `pid` FROM `sql_menu` WHERE ( pid !=0 AND url like '%User/identify%' ) LIMIT 1   [ RunTime:0.0005s ]
SQL: SELECT * FROM `sql_menu` WHERE `id` = 16 LIMIT 1   [ RunTime:0.0003s ]
SQL: SELECT DISTINCT  `group` FROM `sql_menu` WHERE `group` <> '' AND `pid` = 16  [ RunTime:0.0005s ]
SQL: SELECT `id`,`url` FROM `sql_menu` WHERE `pid` = 16 AND `hide` = 0  [ RunTime:0.0004s ]
SQL: SELECT `id`,`pid`,`title`,`url`,`tip` FROM `sql_menu` WHERE `group` = '用户管理' AND `pid` = 16 AND `hide` = 0 ORDER BY sort asc  [ RunTime:0.0005s ]
SQL: SELECT `id`,`pid`,`title`,`url`,`tip` FROM `sql_menu` WHERE `group` = '行为管理' AND `pid` = 16 AND `hide` = 0 ORDER BY sort asc  [ RunTime:0.0004s ]
SQL: SELECT `id`,`pid`,`title`,`url`,`tip` FROM `sql_menu` WHERE `group` = '用户认证' AND `pid` = 16 AND `hide` = 0 ORDER BY sort asc  [ RunTime:0.0004s ]
NOTIC: [8] Undefined variable: nickname H:\docs\job\Application\Admin\Controller\UserController.class.php 第 50 行.
NOTIC: [8] Undefined index: lite H:\docs\job\ThinkPHP\Library\Think\Db.class.php 第 37 行.
SQL: SHOW COLUMNS FROM `sql_member` [ RunTime:0.0045s ]
SQL: SELECT `login`,`hot` FROM `sql_member` WHERE `uid` = 4  [ RunTime:0.0003s ]
SQL: SELECT `login`,`hot` FROM `sql_member` WHERE `uid` = 3  [ RunTime:0.0002s ]
INFO: [ view_parse ] --START--
INFO: [ template_filter ] --START--
INFO: Run Behavior\ContentReplaceBehavior [ RunTime:0.000297s ]
INFO: [ template_filter ] --END-- [ RunTime:0.000454s ]
NOTIC: [8] Undefined variable: meta_title H:\docs\job\Runtime\Cache\Admin\fc840205d1d40f677828cc546a35bc62.php 第 5 行.
NOTIC: [8] Undefined index: uid H:\docs\job\Runtime\Cache\Admin\fc840205d1d40f677828cc546a35bc62.php 第 129 行.
NOTIC: [8] Undefined index: last_login_time H:\docs\job\Runtime\Cache\Admin\fc840205d1d40f677828cc546a35bc62.php 第 134 行.
NOTIC: [8] Undefined index: status H:\docs\job\Runtime\Cache\Admin\fc840205d1d40f677828cc546a35bc62.php 第 137 行.
NOTIC: [8] Undefined index: uid H:\docs\job\Runtime\Cache\Admin\fc840205d1d40f677828cc546a35bc62.php 第 129 行.
NOTIC: [8] Undefined index: last_login_time H:\docs\job\Runtime\Cache\Admin\fc840205d1d40f677828cc546a35bc62.php 第 134 行.
NOTIC: [8] Undefined index: status H:\docs\job\Runtime\Cache\Admin\fc840205d1d40f677828cc546a35bc62.php 第 137 行.
INFO: Run Behavior\ParseTemplateBehavior [ RunTime:0.036110s ]
INFO: [ view_parse ] --END-- [ RunTime:0.036280s ]
INFO: [ view_filter ] --START--
INFO: Run Behavior\WriteHtmlCacheBehavior [ RunTime:0.000736s ]
INFO: [ view_filter ] --END-- [ RunTime:0.000872s ]
INFO: [ app_end ] --START--
INFO: Run Behavior\ShowPageTraceBehavior [ RunTime:0.001096s ]
INFO: [ app_end ] --END-- [ RunTime:0.001325s ]

[ 2016-05-25T10:50:35+08:00 ] 127.0.0.1 /admin.php?s=/User/changeIdentify/method/resanctioned/id/3.html
INFO: [ app_init ] --START--
INFO: Run Behavior\BuildLiteBehavior [ RunTime:0.000033s ]
INFO: Run Common\Behavior\InitHookBehavior [ RunTime:0.002159s ]
INFO: [ app_init ] --END-- [ RunTime:0.002856s ]
INFO: [ app_begin ] --START--
INFO: Run Behavior\ReadHtmlCacheBehavior [ RunTime:0.000754s ]
INFO: [ app_begin ] --END-- [ RunTime:0.000901s ]
SQL: SHOW COLUMNS FROM `sql_menu` [ RunTime:0.0039s ]
SQL: SELECT `id`,`title`,`url` FROM `sql_menu` WHERE `pid` = 0 AND `hide` = 0 ORDER BY sort asc  [ RunTime:0.0005s ]
SQL: SELECT `pid` FROM `sql_menu` WHERE ( pid !=0 AND url like '%User/changeIdentify%' ) LIMIT 1   [ RunTime:0.0011s ]
NOTIC: [8] Undefined index: lite H:\docs\job\ThinkPHP\Library\Think\Db.class.php 第 37 行.

[ 2016-05-25T10:50:37+08:00 ] 127.0.0.1 /admin.php?s=/user/identify/id/2.html
INFO: [ app_init ] --START--
INFO: Run Behavior\BuildLiteBehavior [ RunTime:0.000031s ]
INFO: Run Common\Behavior\InitHookBehavior [ RunTime:0.002099s ]
INFO: [ app_init ] --END-- [ RunTime:0.002786s ]
INFO: [ app_begin ] --START--
INFO: Run Behavior\ReadHtmlCacheBehavior [ RunTime:0.000874s ]
INFO: [ app_begin ] --END-- [ RunTime:0.001059s ]
SQL: SHOW COLUMNS FROM `sql_menu` [ RunTime:0.0043s ]
SQL: SELECT `id`,`title`,`url` FROM `sql_menu` WHERE `pid` = 0 AND `hide` = 0 ORDER BY sort asc  [ RunTime:0.0005s ]
SQL: SELECT `pid` FROM `sql_menu` WHERE ( pid !=0 AND url like '%User/identify%' ) LIMIT 1   [ RunTime:0.0004s ]
SQL: SELECT * FROM `sql_menu` WHERE `id` = 16 LIMIT 1   [ RunTime:0.0003s ]
SQL: SELECT DISTINCT  `group` FROM `sql_menu` WHERE `group` <> '' AND `pid` = 16  [ RunTime:0.0006s ]
SQL: SELECT `id`,`url` FROM `sql_menu` WHERE `pid` = 16 AND `hide` = 0  [ RunTime:0.0006s ]
SQL: SELECT `id`,`pid`,`title`,`url`,`tip` FROM `sql_menu` WHERE `group` = '用户管理' AND `pid` = 16 AND `hide` = 0 ORDER BY sort asc  [ RunTime:0.0005s ]
SQL: SELECT `id`,`pid`,`title`,`url`,`tip` FROM `sql_menu` WHERE `group` = '行为管理' AND `pid` = 16 AND `hide` = 0 ORDER BY sort asc  [ RunTime:0.0006s ]
SQL: SELECT `id`,`pid`,`title`,`url`,`tip` FROM `sql_menu` WHERE `group` = '用户认证' AND `pid` = 16 AND `hide` = 0 ORDER BY sort asc  [ RunTime:0.0005s ]
NOTIC: [8] Undefined variable: nickname H:\docs\job\Application\Admin\Controller\UserController.class.php 第 50 行.
NOTIC: [8] Undefined index: lite H:\docs\job\ThinkPHP\Library\Think\Db.class.php 第 37 行.
SQL: SHOW COLUMNS FROM `sql_member` [ RunTime:0.0043s ]
SQL: SELECT `login`,`hot` FROM `sql_member` WHERE `uid` = 4  [ RunTime:0.0004s ]
INFO: [ view_parse ] --START--
INFO: [ template_filter ] --START--
INFO: Run Behavior\ContentReplaceBehavior [ RunTime:0.000282s ]
INFO: [ template_filter ] --END-- [ RunTime:0.000443s ]
NOTIC: [8] Undefined variable: meta_title H:\docs\job\Runtime\Cache\Admin\fc840205d1d40f677828cc546a35bc62.php 第 5 行.
NOTIC: [8] Undefined index: uid H:\docs\job\Runtime\Cache\Admin\fc840205d1d40f677828cc546a35bc62.php 第 129 行.
NOTIC: [8] Undefined index: last_login_time H:\docs\job\Runtime\Cache\Admin\fc840205d1d40f677828cc546a35bc62.php 第 134 行.
NOTIC: [8] Undefined index: status H:\docs\job\Runtime\Cache\Admin\fc840205d1d40f677828cc546a35bc62.php 第 137 行.
INFO: Run Behavior\ParseTemplateBehavior [ RunTime:0.034867s ]
INFO: [ view_parse ] --END-- [ RunTime:0.035065s ]
INFO: [ view_filter ] --START--
INFO: Run Behavior\WriteHtmlCacheBehavior [ RunTime:0.000790s ]
INFO: [ view_filter ] --END-- [ RunTime:0.000974s ]
INFO: [ app_end ] --START--
INFO: Run Behavior\ShowPageTraceBehavior [ RunTime:0.001149s ]
INFO: [ app_end ] --END-- [ RunTime:0.001379s ]

[ 2016-05-25T10:50:38+08:00 ] 127.0.0.1 /admin.php?s=/user/identify/id/1.html
INFO: [ app_init ] --START--
INFO: Run Behavior\BuildLiteBehavior [ RunTime:0.000034s ]
INFO: Run Common\Behavior\InitHookBehavior [ RunTime:0.002684s ]
INFO: [ app_init ] --END-- [ RunTime:0.003452s ]
INFO: [ app_begin ] --START--
INFO: Run Behavior\ReadHtmlCacheBehavior [ RunTime:0.000723s ]
INFO: [ app_begin ] --END-- [ RunTime:0.000867s ]
SQL: SHOW COLUMNS FROM `sql_menu` [ RunTime:0.0044s ]
SQL: SELECT `id`,`title`,`url` FROM `sql_menu` WHERE `pid` = 0 AND `hide` = 0 ORDER BY sort asc  [ RunTime:0.0006s ]
SQL: SELECT `pid` FROM `sql_menu` WHERE ( pid !=0 AND url like '%User/identify%' ) LIMIT 1   [ RunTime:0.0006s ]
SQL: SELECT * FROM `sql_menu` WHERE `id` = 16 LIMIT 1   [ RunTime:0.0004s ]
SQL: SELECT DISTINCT  `group` FROM `sql_menu` WHERE `group` <> '' AND `pid` = 16  [ RunTime:0.0005s ]
SQL: SELECT `id`,`url` FROM `sql_menu` WHERE `pid` = 16 AND `hide` = 0  [ RunTime:0.0004s ]
SQL: SELECT `id`,`pid`,`title`,`url`,`tip` FROM `sql_menu` WHERE `group` = '用户管理' AND `pid` = 16 AND `hide` = 0 ORDER BY sort asc  [ RunTime:0.0004s ]
SQL: SELECT `id`,`pid`,`title`,`url`,`tip` FROM `sql_menu` WHERE `group` = '行为管理' AND `pid` = 16 AND `hide` = 0 ORDER BY sort asc  [ RunTime:0.0004s ]
SQL: SELECT `id`,`pid`,`title`,`url`,`tip` FROM `sql_menu` WHERE `group` = '用户认证' AND `pid` = 16 AND `hide` = 0 ORDER BY sort asc  [ RunTime:0.0004s ]
NOTIC: [8] Undefined variable: nickname H:\docs\job\Application\Admin\Controller\UserController.class.php 第 50 行.
NOTIC: [8] Undefined index: lite H:\docs\job\ThinkPHP\Library\Think\Db.class.php 第 37 行.
NOTIC: [2] Invalid argument supplied for foreach() H:\docs\job\Application\Admin\Controller\UserController.class.php 第 227 行.
INFO: [ view_parse ] --START--
INFO: [ template_filter ] --START--
INFO: Run Behavior\ContentReplaceBehavior [ RunTime:0.000278s ]
INFO: [ template_filter ] --END-- [ RunTime:0.000451s ]
NOTIC: [8] Undefined variable: meta_title H:\docs\job\Runtime\Cache\Admin\fc840205d1d40f677828cc546a35bc62.php 第 5 行.
INFO: Run Behavior\ParseTemplateBehavior [ RunTime:0.033400s ]
INFO: [ view_parse ] --END-- [ RunTime:0.033558s ]
INFO: [ view_filter ] --START--
INFO: Run Behavior\WriteHtmlCacheBehavior [ RunTime:0.000747s ]
INFO: [ view_filter ] --END-- [ RunTime:0.000885s ]
INFO: [ app_end ] --START--
INFO: Run Behavior\ShowPageTraceBehavior [ RunTime:0.000991s ]
INFO: [ app_end ] --END-- [ RunTime:0.001159s ]

[ 2016-05-25T10:50:40+08:00 ] 127.0.0.1 /admin.php?s=/user/identify/id/0.html
INFO: [ app_init ] --START--
INFO: Run Behavior\BuildLiteBehavior [ RunTime:0.000033s ]
INFO: Run Common\Behavior\InitHookBehavior [ RunTime:0.002098s ]
INFO: [ app_init ] --END-- [ RunTime:0.002795s ]
INFO: [ app_begin ] --START--
INFO: Run Behavior\ReadHtmlCacheBehavior [ RunTime:0.000711s ]
INFO: [ app_begin ] --END-- [ RunTime:0.000858s ]
SQL: SHOW COLUMNS FROM `sql_menu` [ RunTime:0.0043s ]
SQL: SELECT `id`,`title`,`url` FROM `sql_menu` WHERE `pid` = 0 AND `hide` = 0 ORDER BY sort asc  [ RunTime:0.0005s ]
SQL: SELECT `pid` FROM `sql_menu` WHERE ( pid !=0 AND url like '%User/identify%' ) LIMIT 1   [ RunTime:0.0004s ]
SQL: SELECT * FROM `sql_menu` WHERE `id` = 16 LIMIT 1   [ RunTime:0.0003s ]
SQL: SELECT DISTINCT  `group` FROM `sql_menu` WHERE `group` <> '' AND `pid` = 16  [ RunTime:0.0006s ]
SQL: SELECT `id`,`url` FROM `sql_menu` WHERE `pid` = 16 AND `hide` = 0  [ RunTime:0.0004s ]
SQL: SELECT `id`,`pid`,`title`,`url`,`tip` FROM `sql_menu` WHERE `group` = '用户管理' AND `pid` = 16 AND `hide` = 0 ORDER BY sort asc  [ RunTime:0.0004s ]
SQL: SELECT `id`,`pid`,`title`,`url`,`tip` FROM `sql_menu` WHERE `group` = '行为管理' AND `pid` = 16 AND `hide` = 0 ORDER BY sort asc  [ RunTime:0.0004s ]
SQL: SELECT `id`,`pid`,`title`,`url`,`tip` FROM `sql_menu` WHERE `group` = '用户认证' AND `pid` = 16 AND `hide` = 0 ORDER BY sort asc  [ RunTime:0.0005s ]
NOTIC: [8] Undefined variable: nickname H:\docs\job\Application\Admin\Controller\UserController.class.php 第 50 行.
NOTIC: [8] Undefined index: lite H:\docs\job\ThinkPHP\Library\Think\Db.class.php 第 37 行.
SQL: SHOW COLUMNS FROM `sql_member` [ RunTime:0.0043s ]
SQL: SELECT `login`,`hot` FROM `sql_member` WHERE `uid` = 3  [ RunTime:0.0003s ]
SQL: SELECT `login`,`hot` FROM `sql_member` WHERE `uid` = 2  [ RunTime:0.0002s ]
SQL: SELECT `login`,`hot` FROM `sql_member` WHERE `uid` = 1  [ RunTime:0.0002s ]
INFO: [ view_parse ] --START--
INFO: [ template_filter ] --START--
INFO: Run Behavior\ContentReplaceBehavior [ RunTime:0.000277s ]
INFO: [ template_filter ] --END-- [ RunTime:0.000431s ]
NOTIC: [8] Undefined variable: meta_title H:\docs\job\Runtime\Cache\Admin\fc840205d1d40f677828cc546a35bc62.php 第 5 行.
NOTIC: [8] Undefined index: uid H:\docs\job\Runtime\Cache\Admin\fc840205d1d40f677828cc546a35bc62.php 第 129 行.
NOTIC: [8] Undefined index: last_login_time H:\docs\job\Runtime\Cache\Admin\fc840205d1d40f677828cc546a35bc62.php 第 134 行.
NOTIC: [8] Undefined index: status H:\docs\job\Runtime\Cache\Admin\fc840205d1d40f677828cc546a35bc62.php 第 137 行.
NOTIC: [8] Undefined index: uid H:\docs\job\Runtime\Cache\Admin\fc840205d1d40f677828cc546a35bc62.php 第 129 行.
NOTIC: [8] Undefined index: last_login_time H:\docs\job\Runtime\Cache\Admin\fc840205d1d40f677828cc546a35bc62.php 第 134 行.
NOTIC: [8] Undefined index: status H:\docs\job\Runtime\Cache\Admin\fc840205d1d40f677828cc546a35bc62.php 第 137 行.
NOTIC: [8] Undefined index: uid H:\docs\job\Runtime\Cache\Admin\fc840205d1d40f677828cc546a35bc62.php 第 129 行.
NOTIC: [8] Undefined index: last_login_time H:\docs\job\Runtime\Cache\Admin\fc840205d1d40f677828cc546a35bc62.php 第 134 行.
NOTIC: [8] Undefined index: status H:\docs\job\Runtime\Cache\Admin\fc840205d1d40f677828cc546a35bc62.php 第 137 行.
INFO: Run Behavior\ParseTemplateBehavior [ RunTime:0.033915s ]
INFO: [ view_parse ] --END-- [ RunTime:0.034070s ]
INFO: [ view_filter ] --START--
INFO: Run Behavior\WriteHtmlCacheBehavior [ RunTime:0.000729s ]
INFO: [ view_filter ] --END-- [ RunTime:0.000864s ]
INFO: [ app_end ] --START--
INFO: Run Behavior\ShowPageTraceBehavior [ RunTime:0.001075s ]
INFO: [ app_end ] --END-- [ RunTime:0.001292s ]

[ 2016-05-25T10:52:04+08:00 ] 127.0.0.1 /admin.php?s=/user/identify/id/0.html
INFO: [ app_init ] --START--
INFO: Run Behavior\BuildLiteBehavior [ RunTime:0.000035s ]
INFO: Run Common\Behavior\InitHookBehavior [ RunTime:0.002332s ]
INFO: [ app_init ] --END-- [ RunTime:0.003060s ]
INFO: [ app_begin ] --START--
INFO: Run Behavior\ReadHtmlCacheBehavior [ RunTime:0.000668s ]
INFO: [ app_begin ] --END-- [ RunTime:0.000839s ]
SQL: SHOW COLUMNS FROM `sql_menu` [ RunTime:0.0044s ]
SQL: SELECT `id`,`title`,`url` FROM `sql_menu` WHERE `pid` = 0 AND `hide` = 0 ORDER BY sort asc  [ RunTime:0.0005s ]
SQL: SELECT `pid` FROM `sql_menu` WHERE ( pid !=0 AND url like '%User/identify%' ) LIMIT 1   [ RunTime:0.0004s ]
SQL: SELECT * FROM `sql_menu` WHERE `id` = 16 LIMIT 1   [ RunTime:0.0003s ]
SQL: SELECT DISTINCT  `group` FROM `sql_menu` WHERE `group` <> '' AND `pid` = 16  [ RunTime:0.0005s ]
SQL: SELECT `id`,`url` FROM `sql_menu` WHERE `pid` = 16 AND `hide` = 0  [ RunTime:0.0004s ]
SQL: SELECT `id`,`pid`,`title`,`url`,`tip` FROM `sql_menu` WHERE `group` = '用户管理' AND `pid` = 16 AND `hide` = 0 ORDER BY sort asc  [ RunTime:0.0004s ]
SQL: SELECT `id`,`pid`,`title`,`url`,`tip` FROM `sql_menu` WHERE `group` = '行为管理' AND `pid` = 16 AND `hide` = 0 ORDER BY sort asc  [ RunTime:0.0004s ]
SQL: SELECT `id`,`pid`,`title`,`url`,`tip` FROM `sql_menu` WHERE `group` = '用户认证' AND `pid` = 16 AND `hide` = 0 ORDER BY sort asc  [ RunTime:0.0006s ]
NOTIC: [8] Undefined variable: nickname H:\docs\job\Application\Admin\Controller\UserController.class.php 第 50 行.
NOTIC: [8] Undefined index: lite H:\docs\job\ThinkPHP\Library\Think\Db.class.php 第 37 行.
SQL: SHOW COLUMNS FROM `sql_member` [ RunTime:0.0049s ]
SQL: SELECT `login`,`hot` FROM `sql_member` WHERE `uid` = 2  [ RunTime:0.0003s ]
SQL: SELECT `login`,`hot` FROM `sql_member` WHERE `uid` = 1  [ RunTime:0.0002s ]
INFO: [ view_parse ] --START--
INFO: [ template_filter ] --START--
INFO: Run Behavior\ContentReplaceBehavior [ RunTime:0.000302s ]
INFO: [ template_filter ] --END-- [ RunTime:0.000463s ]
NOTIC: [8] Undefined variable: meta_title H:\docs\job\Runtime\Cache\Admin\fc840205d1d40f677828cc546a35bc62.php 第 5 行.
NOTIC: [8] Undefined index: uid H:\docs\job\Runtime\Cache\Admin\fc840205d1d40f677828cc546a35bc62.php 第 129 行.
NOTIC: [8] Undefined index: last_login_time H:\docs\job\Runtime\Cache\Admin\fc840205d1d40f677828cc546a35bc62.php 第 134 行.
NOTIC: [8] Undefined index: status H:\docs\job\Runtime\Cache\Admin\fc840205d1d40f677828cc546a35bc62.php 第 137 行.
NOTIC: [8] Undefined index: uid H:\docs\job\Runtime\Cache\Admin\fc840205d1d40f677828cc546a35bc62.php 第 129 行.
NOTIC: [8] Undefined index: last_login_time H:\docs\job\Runtime\Cache\Admin\fc840205d1d40f677828cc546a35bc62.php 第 134 行.
NOTIC: [8] Undefined index: status H:\docs\job\Runtime\Cache\Admin\fc840205d1d40f677828cc546a35bc62.php 第 137 行.
INFO: Run Behavior\ParseTemplateBehavior [ RunTime:0.060583s ]
INFO: [ view_parse ] --END-- [ RunTime:0.060744s ]
INFO: [ view_filter ] --START--
INFO: Run Behavior\WriteHtmlCacheBehavior [ RunTime:0.000750s ]
INFO: [ view_filter ] --END-- [ RunTime:0.000895s ]
INFO: [ app_end ] --START--
INFO: Run Behavior\ShowPageTraceBehavior [ RunTime:0.000972s ]
INFO: [ app_end ] --END-- [ RunTime:0.001138s ]

[ 2016-05-25T10:52:06+08:00 ] 127.0.0.1 /admin.php?s=/user/identify/id/1.html
INFO: [ app_init ] --START--
INFO: Run Behavior\BuildLiteBehavior [ RunTime:0.000032s ]
INFO: Run Common\Behavior\InitHookBehavior [ RunTime:0.002151s ]
INFO: [ app_init ] --END-- [ RunTime:0.002859s ]
INFO: [ app_begin ] --START--
INFO: Run Behavior\ReadHtmlCacheBehavior [ RunTime:0.000652s ]
INFO: [ app_begin ] --END-- [ RunTime:0.000817s ]
SQL: SHOW COLUMNS FROM `sql_menu` [ RunTime:0.0046s ]
SQL: SELECT `id`,`title`,`url` FROM `sql_menu` WHERE `pid` = 0 AND `hide` = 0 ORDER BY sort asc  [ RunTime:0.0005s ]
SQL: SELECT `pid` FROM `sql_menu` WHERE ( pid !=0 AND url like '%User/identify%' ) LIMIT 1   [ RunTime:0.0004s ]
SQL: SELECT * FROM `sql_menu` WHERE `id` = 16 LIMIT 1   [ RunTime:0.0003s ]
SQL: SELECT DISTINCT  `group` FROM `sql_menu` WHERE `group` <> '' AND `pid` = 16  [ RunTime:0.0005s ]
SQL: SELECT `id`,`url` FROM `sql_menu` WHERE `pid` = 16 AND `hide` = 0  [ RunTime:0.0004s ]
SQL: SELECT `id`,`pid`,`title`,`url`,`tip` FROM `sql_menu` WHERE `group` = '用户管理' AND `pid` = 16 AND `hide` = 0 ORDER BY sort asc  [ RunTime:0.0004s ]
SQL: SELECT `id`,`pid`,`title`,`url`,`tip` FROM `sql_menu` WHERE `group` = '行为管理' AND `pid` = 16 AND `hide` = 0 ORDER BY sort asc  [ RunTime:0.0005s ]
SQL: SELECT `id`,`pid`,`title`,`url`,`tip` FROM `sql_menu` WHERE `group` = '用户认证' AND `pid` = 16 AND `hide` = 0 ORDER BY sort asc  [ RunTime:0.0004s ]
NOTIC: [8] Undefined variable: nickname H:\docs\job\Application\Admin\Controller\UserController.class.php 第 50 行.
NOTIC: [8] Undefined index: lite H:\docs\job\ThinkPHP\Library\Think\Db.class.php 第 37 行.
SQL: SHOW COLUMNS FROM `sql_member` [ RunTime:0.0045s ]
SQL: SELECT `login`,`hot` FROM `sql_member` WHERE `uid` = 3  [ RunTime:0.0004s ]
INFO: [ view_parse ] --START--
INFO: [ template_filter ] --START--
INFO: Run Behavior\ContentReplaceBehavior [ RunTime:0.000508s ]
INFO: [ template_filter ] --END-- [ RunTime:0.000937s ]
NOTIC: [8] Undefined variable: meta_title H:\docs\job\Runtime\Cache\Admin\fc840205d1d40f677828cc546a35bc62.php 第 5 行.
NOTIC: [8] Undefined index: uid H:\docs\job\Runtime\Cache\Admin\fc840205d1d40f677828cc546a35bc62.php 第 129 行.
NOTIC: [8] Undefined index: last_login_time H:\docs\job\Runtime\Cache\Admin\fc840205d1d40f677828cc546a35bc62.php 第 134 行.
NOTIC: [8] Undefined index: status H:\docs\job\Runtime\Cache\Admin\fc840205d1d40f677828cc546a35bc62.php 第 137 行.
INFO: Run Behavior\ParseTemplateBehavior [ RunTime:0.037415s ]
INFO: [ view_parse ] --END-- [ RunTime:0.037558s ]
INFO: [ view_filter ] --START--
INFO: Run Behavior\WriteHtmlCacheBehavior [ RunTime:0.000649s ]
INFO: [ view_filter ] --END-- [ RunTime:0.000780s ]
INFO: [ app_end ] --START--
INFO: Run Behavior\ShowPageTraceBehavior [ RunTime:0.000928s ]
INFO: [ app_end ] --END-- [ RunTime:0.001110s ]

[ 2016-05-25T10:52:08+08:00 ] 127.0.0.1 /admin.php?s=/User/detail/tid/1/id/3.html
INFO: [ app_init ] --START--
INFO: Run Behavior\BuildLiteBehavior [ RunTime:0.000033s ]
INFO: Run Common\Behavior\InitHookBehavior [ RunTime:0.002148s ]
INFO: [ app_init ] --END-- [ RunTime:0.002820s ]
INFO: [ app_begin ] --START--
INFO: Run Behavior\ReadHtmlCacheBehavior [ RunTime:0.000595s ]
INFO: [ app_begin ] --END-- [ RunTime:0.000755s ]
SQL: SHOW COLUMNS FROM `sql_menu` [ RunTime:0.0040s ]
SQL: SELECT `id`,`title`,`url` FROM `sql_menu` WHERE `pid` = 0 AND `hide` = 0 ORDER BY sort asc  [ RunTime:0.0006s ]
SQL: SELECT `pid` FROM `sql_menu` WHERE ( pid !=0 AND url like '%User/detail%' ) LIMIT 1   [ RunTime:0.0014s ]
SQL: SELECT * FROM `sql_menu` WHERE `id` = 159 LIMIT 1   [ RunTime:0.0004s ]
SQL: SELECT * FROM `sql_menu` WHERE `id` = 16 LIMIT 1   [ RunTime:0.0003s ]
SQL: SELECT DISTINCT  `group` FROM `sql_menu` WHERE `group` <> '' AND `pid` = 16  [ RunTime:0.0005s ]
SQL: SELECT `id`,`url` FROM `sql_menu` WHERE `pid` = 16 AND `hide` = 0  [ RunTime:0.0004s ]
SQL: SELECT `id`,`pid`,`title`,`url`,`tip` FROM `sql_menu` WHERE `group` = '用户管理' AND `pid` = 16 AND `hide` = 0 ORDER BY sort asc  [ RunTime:0.0004s ]
SQL: SELECT `id`,`pid`,`title`,`url`,`tip` FROM `sql_menu` WHERE `group` = '行为管理' AND `pid` = 16 AND `hide` = 0 ORDER BY sort asc  [ RunTime:0.0004s ]
SQL: SELECT `id`,`pid`,`title`,`url`,`tip` FROM `sql_menu` WHERE `group` = '用户认证' AND `pid` = 16 AND `hide` = 0 ORDER BY sort asc  [ RunTime:0.0004s ]
NOTIC: [8] Undefined index: lite H:\docs\job\ThinkPHP\Library\Think\Db.class.php 第 37 行.
INFO: [ view_parse ] --START--
INFO: [ template_filter ] --START--
INFO: Run Behavior\ContentReplaceBehavior [ RunTime:0.000348s ]
INFO: [ template_filter ] --END-- [ RunTime:0.000515s ]
NOTIC: [8] Undefined variable: meta_title H:\docs\job\Runtime\Cache\Admin\44de373aafae047c991449fdb71971e3.php 第 5 行.
SQL: SHOW COLUMNS FROM `sql_picture` [ RunTime:0.0049s ]
SQL: SELECT * FROM `sql_picture` WHERE `status` = 1 AND `id` = 25 LIMIT 1   [ RunTime:0.0004s ]
SQL: SELECT * FROM `sql_picture` WHERE `status` = 1 AND `id` = 25 LIMIT 1   [ RunTime:0.0004s ]
SQL: SELECT * FROM `sql_picture` WHERE `status` = 1 AND `id` = 25 LIMIT 1   [ RunTime:0.0003s ]
SQL: SELECT * FROM `sql_picture` WHERE `status` = 1 AND `id` = 25 LIMIT 1   [ RunTime:0.0004s ]
INFO: Run Behavior\ParseTemplateBehavior [ RunTime:0.053834s ]
INFO: [ view_parse ] --END-- [ RunTime:0.053991s ]
INFO: [ view_filter ] --START--
INFO: Run Behavior\WriteHtmlCacheBehavior [ RunTime:0.000737s ]
INFO: [ view_filter ] --END-- [ RunTime:0.000892s ]
INFO: [ app_end ] --START--
INFO: Run Behavior\ShowPageTraceBehavior [ RunTime:0.000844s ]
INFO: [ app_end ] --END-- [ RunTime:0.001012s ]

[ 2016-05-25T11:23:19+08:00 ] 127.0.0.1 /admin.php?s=/Userp/index.html
INFO: [ app_init ] --START--
INFO: Run Behavior\BuildLiteBehavior [ RunTime:0.000034s ]
INFO: Run Common\Behavior\InitHookBehavior [ RunTime:0.002741s ]
INFO: [ app_init ] --END-- [ RunTime:0.003517s ]
INFO: [ app_begin ] --START--
INFO: Run Behavior\ReadHtmlCacheBehavior [ RunTime:0.000915s ]
INFO: [ app_begin ] --END-- [ RunTime:0.001088s ]
SQL: SHOW COLUMNS FROM `sql_menu` [ RunTime:0.0041s ]
SQL: SELECT `id`,`title`,`url` FROM `sql_menu` WHERE `pid` = 0 AND `hide` = 0 ORDER BY sort asc  [ RunTime:0.0006s ]
SQL: SELECT `pid` FROM `sql_menu` WHERE ( pid !=0 AND url like '%Userp/index%' ) LIMIT 1   [ RunTime:0.0005s ]
SQL: SELECT * FROM `sql_menu` WHERE `id` = 16 LIMIT 1   [ RunTime:0.0003s ]
SQL: SELECT DISTINCT  `group` FROM `sql_menu` WHERE `group` <> '' AND `pid` = 16  [ RunTime:0.0005s ]
SQL: SELECT `id`,`url` FROM `sql_menu` WHERE `pid` = 16 AND `hide` = 0  [ RunTime:0.0004s ]
SQL: SELECT `id`,`pid`,`title`,`url`,`tip` FROM `sql_menu` WHERE `group` = '用户管理' AND `pid` = 16 AND `hide` = 0 ORDER BY sort asc  [ RunTime:0.0005s ]
SQL: SELECT `id`,`pid`,`title`,`url`,`tip` FROM `sql_menu` WHERE `group` = '行为管理' AND `pid` = 16 AND `hide` = 0 ORDER BY sort asc  [ RunTime:0.0004s ]
SQL: SELECT `id`,`pid`,`title`,`url`,`tip` FROM `sql_menu` WHERE `group` = '用户认证' AND `pid` = 16 AND `hide` = 0 ORDER BY sort asc  [ RunTime:0.0004s ]
SQL: SHOW COLUMNS FROM `sql_user` [ RunTime:0.0052s ]
SQL: SELECT COUNT(*) AS tp_count FROM `sql_user` WHERE `status` >= 0 AND `nickname` LIKE '%%' LIMIT 1   [ RunTime:0.0004s ]
SQL: SELECT `uid`,`nickname`,`sex`,`birthday`,`qq`,`score`,`login`,`reg_ip`,`reg_time`,`last_login_ip`,`last_login_time`,`status`,`u_tx`,`first_time` FROM `sql_user` WHERE `status` >= 0 AND `nickname` LIKE '%%' ORDER BY uid desc LIMIT 0,10   [ RunTime:0.0006s ]
INFO: [ view_parse ] --START--
INFO: [ template_filter ] --START--
INFO: Run Behavior\ContentReplaceBehavior [ RunTime:0.000300s ]
INFO: [ template_filter ] --END-- [ RunTime:0.000450s ]
INFO: Run Behavior\ParseTemplateBehavior [ RunTime:0.036569s ]
INFO: [ view_parse ] --END-- [ RunTime:0.036738s ]
INFO: [ view_filter ] --START--
INFO: Run Behavior\WriteHtmlCacheBehavior [ RunTime:0.000663s ]
INFO: [ view_filter ] --END-- [ RunTime:0.000793s ]
INFO: [ app_end ] --START--
INFO: Run Behavior\ShowPageTraceBehavior [ RunTime:0.001097s ]
INFO: [ app_end ] --END-- [ RunTime:0.001276s ]

[ 2016-05-25T11:25:26+08:00 ] 127.0.0.1 /admin.php?s=/AuthManager/index.html
INFO: [ app_init ] --START--
INFO: Run Behavior\BuildLiteBehavior [ RunTime:0.000032s ]
INFO: Run Common\Behavior\InitHookBehavior [ RunTime:0.002772s ]
INFO: [ app_init ] --END-- [ RunTime:0.003472s ]
INFO: [ app_begin ] --START--
INFO: Run Behavior\ReadHtmlCacheBehavior [ RunTime:0.000987s ]
INFO: [ app_begin ] --END-- [ RunTime:0.001161s ]
SQL: SHOW COLUMNS FROM `sql_menu` [ RunTime:0.0041s ]
SQL: SELECT `id`,`title`,`url` FROM `sql_menu` WHERE `pid` = 0 AND `hide` = 0 ORDER BY sort asc  [ RunTime:0.0005s ]
SQL: SELECT `pid` FROM `sql_menu` WHERE ( pid !=0 AND url like '%AuthManager/index%' ) LIMIT 1   [ RunTime:0.0004s ]
SQL: SELECT * FROM `sql_menu` WHERE `id` = 16 LIMIT 1   [ RunTime:0.0003s ]
SQL: SELECT DISTINCT  `group` FROM `sql_menu` WHERE `group` <> '' AND `pid` = 16  [ RunTime:0.0005s ]
SQL: SELECT `id`,`url` FROM `sql_menu` WHERE `pid` = 16 AND `hide` = 0  [ RunTime:0.0004s ]
SQL: SELECT `id`,`pid`,`title`,`url`,`tip` FROM `sql_menu` WHERE `group` = '用户管理' AND `pid` = 16 AND `hide` = 0 ORDER BY sort asc  [ RunTime:0.0004s ]
SQL: SELECT `id`,`pid`,`title`,`url`,`tip` FROM `sql_menu` WHERE `group` = '行为管理' AND `pid` = 16 AND `hide` = 0 ORDER BY sort asc  [ RunTime:0.0004s ]
SQL: SELECT `id`,`pid`,`title`,`url`,`tip` FROM `sql_menu` WHERE `group` = '用户认证' AND `pid` = 16 AND `hide` = 0 ORDER BY sort asc  [ RunTime:0.0005s ]
SQL: SHOW COLUMNS FROM `sql_auth_group` [ RunTime:0.0490s ]
SQL: SELECT COUNT(*) AS tp_count FROM `sql_auth_group` WHERE `module` = 'admin' LIMIT 1   [ RunTime:0.0004s ]
SQL: SELECT `id`,`module`,`type`,`title`,`description`,`status`,`rules` FROM `sql_auth_group` WHERE `module` = 'admin' ORDER BY id asc LIMIT 0,10   [ RunTime:0.0006s ]
INFO: [ view_parse ] --START--
INFO: [ template_filter ] --START--
INFO: Run Behavior\ContentReplaceBehavior [ RunTime:0.000258s ]
INFO: [ template_filter ] --END-- [ RunTime:0.000406s ]
INFO: Run Behavior\ParseTemplateBehavior [ RunTime:0.090452s ]
INFO: [ view_parse ] --END-- [ RunTime:0.090603s ]
INFO: [ view_filter ] --START--
INFO: Run Behavior\WriteHtmlCacheBehavior [ RunTime:0.000693s ]
INFO: [ view_filter ] --END-- [ RunTime:0.000822s ]
INFO: [ app_end ] --START--
INFO: Run Behavior\ShowPageTraceBehavior [ RunTime:0.001292s ]
INFO: [ app_end ] --END-- [ RunTime:0.001504s ]

[ 2016-05-25T12:31:29+08:00 ] 127.0.0.1 /admin.php?s=/Userp/index.html
INFO: [ app_init ] --START--
INFO: Run Behavior\BuildLiteBehavior [ RunTime:0.000033s ]
INFO: Run Common\Behavior\InitHookBehavior [ RunTime:0.002798s ]
INFO: [ app_init ] --END-- [ RunTime:0.003502s ]
INFO: [ app_begin ] --START--
INFO: Run Behavior\ReadHtmlCacheBehavior [ RunTime:0.001087s ]
INFO: [ app_begin ] --END-- [ RunTime:0.001286s ]
SQL: SHOW COLUMNS FROM `sql_menu` [ RunTime:0.0048s ]
SQL: SELECT `id`,`title`,`url` FROM `sql_menu` WHERE `pid` = 0 AND `hide` = 0 ORDER BY sort asc  [ RunTime:0.0005s ]
SQL: SELECT `pid` FROM `sql_menu` WHERE ( pid !=0 AND url like '%Userp/index%' ) LIMIT 1   [ RunTime:0.0005s ]
SQL: SELECT * FROM `sql_menu` WHERE `id` = 16 LIMIT 1   [ RunTime:0.0003s ]
SQL: SELECT DISTINCT  `group` FROM `sql_menu` WHERE `group` <> '' AND `pid` = 16  [ RunTime:0.0005s ]
SQL: SELECT `id`,`url` FROM `sql_menu` WHERE `pid` = 16 AND `hide` = 0  [ RunTime:0.0004s ]
SQL: SELECT `id`,`pid`,`title`,`url`,`tip` FROM `sql_menu` WHERE `group` = '用户管理' AND `pid` = 16 AND `hide` = 0 ORDER BY sort asc  [ RunTime:0.0004s ]
SQL: SELECT `id`,`pid`,`title`,`url`,`tip` FROM `sql_menu` WHERE `group` = '行为管理' AND `pid` = 16 AND `hide` = 0 ORDER BY sort asc  [ RunTime:0.0004s ]
SQL: SELECT `id`,`pid`,`title`,`url`,`tip` FROM `sql_menu` WHERE `group` = '用户认证' AND `pid` = 16 AND `hide` = 0 ORDER BY sort asc  [ RunTime:0.0004s ]
SQL: SHOW COLUMNS FROM `sql_user` [ RunTime:0.0054s ]
SQL: SELECT COUNT(*) AS tp_count FROM `sql_user` WHERE `status` >= 0 AND `nickname` LIKE '%%' LIMIT 1   [ RunTime:0.0004s ]
SQL: SELECT `uid`,`nickname`,`sex`,`birthday`,`qq`,`score`,`login`,`reg_ip`,`reg_time`,`last_login_ip`,`last_login_time`,`status`,`u_tx`,`first_time` FROM `sql_user` WHERE `status` >= 0 AND `nickname` LIKE '%%' ORDER BY uid desc LIMIT 0,10   [ RunTime:0.0005s ]
INFO: [ view_parse ] --START--
INFO: [ template_filter ] --START--
INFO: Run Behavior\ContentReplaceBehavior [ RunTime:0.000320s ]
INFO: [ template_filter ] --END-- [ RunTime:0.000476s ]
INFO: Run Behavior\ParseTemplateBehavior [ RunTime:0.037148s ]
INFO: [ view_parse ] --END-- [ RunTime:0.037309s ]
INFO: [ view_filter ] --START--
INFO: Run Behavior\WriteHtmlCacheBehavior [ RunTime:0.000687s ]
INFO: [ view_filter ] --END-- [ RunTime:0.000826s ]
INFO: [ app_end ] --START--
INFO: Run Behavior\ShowPageTraceBehavior [ RunTime:0.001320s ]
INFO: [ app_end ] --END-- [ RunTime:0.001602s ]

[ 2016-05-25T15:55:56+08:00 ] 127.0.0.1 /admin.php?s=/Config/group.html
INFO: [ app_init ] --START--
INFO: Run Behavior\BuildLiteBehavior [ RunTime:0.000033s ]
INFO: Run Common\Behavior\InitHookBehavior [ RunTime:0.003073s ]
INFO: [ app_init ] --END-- [ RunTime:0.003881s ]
INFO: [ app_begin ] --START--
INFO: Run Behavior\ReadHtmlCacheBehavior [ RunTime:0.000904s ]
INFO: [ app_begin ] --END-- [ RunTime:0.001147s ]
SQL: SHOW COLUMNS FROM `sql_menu` [ RunTime:0.0044s ]
SQL: SELECT `id`,`title`,`url` FROM `sql_menu` WHERE `pid` = 0 AND `hide` = 0 ORDER BY sort asc  [ RunTime:0.0005s ]
SQL: SELECT `pid` FROM `sql_menu` WHERE ( pid !=0 AND url like '%Config/group%' ) LIMIT 1   [ RunTime:0.0009s ]
SQL: SELECT * FROM `sql_menu` WHERE `id` = 68 LIMIT 1   [ RunTime:0.0003s ]
SQL: SELECT DISTINCT  `group` FROM `sql_menu` WHERE `group` <> '' AND `pid` = 68  [ RunTime:0.0005s ]
SQL: SELECT `id`,`url` FROM `sql_menu` WHERE `pid` = 68 AND `hide` = 0  [ RunTime:0.0004s ]
SQL: SELECT `id`,`pid`,`title`,`url`,`tip` FROM `sql_menu` WHERE `group` = '系统设置' AND `pid` = 68 AND `hide` = 0 ORDER BY sort asc  [ RunTime:0.0005s ]
SQL: SELECT `id`,`pid`,`title`,`url`,`tip` FROM `sql_menu` WHERE `group` = '数据备份' AND `pid` = 68 AND `hide` = 0 ORDER BY sort asc  [ RunTime:0.0005s ]
SQL: SHOW COLUMNS FROM `sql_config` [ RunTime:0.0045s ]
SQL: SELECT `id`,`name`,`title`,`extra`,`value`,`remark`,`type` FROM `sql_config` WHERE `status` = 1 AND `group` = 1 ORDER BY sort  [ RunTime:0.0006s ]
INFO: [ view_parse ] --START--
INFO: [ template_filter ] --START--
INFO: Run Behavior\ContentReplaceBehavior [ RunTime:0.000267s ]
INFO: [ template_filter ] --END-- [ RunTime:0.000438s ]
INFO: Run Behavior\ParseTemplateBehavior [ RunTime:0.041184s ]
INFO: [ view_parse ] --END-- [ RunTime:0.041361s ]
INFO: [ view_filter ] --START--
INFO: Run Behavior\WriteHtmlCacheBehavior [ RunTime:0.000727s ]
INFO: [ view_filter ] --END-- [ RunTime:0.000875s ]
INFO: [ app_end ] --START--
INFO: Run Behavior\ShowPageTraceBehavior [ RunTime:0.001103s ]
INFO: [ app_end ] --END-- [ RunTime:0.001373s ]

[ 2016-05-25T15:55:58+08:00 ] 127.0.0.1 /admin.php?s=/Config/index.html
INFO: [ app_init ] --START--
INFO: Run Behavior\BuildLiteBehavior [ RunTime:0.000033s ]
INFO: Run Common\Behavior\InitHookBehavior [ RunTime:0.002084s ]
INFO: [ app_init ] --END-- [ RunTime:0.002756s ]
INFO: [ app_begin ] --START--
INFO: Run Behavior\ReadHtmlCacheBehavior [ RunTime:0.000765s ]
INFO: [ app_begin ] --END-- [ RunTime:0.000909s ]
SQL: SHOW COLUMNS FROM `sql_menu` [ RunTime:0.0042s ]
SQL: SELECT `id`,`title`,`url` FROM `sql_menu` WHERE `pid` = 0 AND `hide` = 0 ORDER BY sort asc  [ RunTime:0.0005s ]
SQL: SELECT `pid` FROM `sql_menu` WHERE ( pid !=0 AND url like '%Config/index%' ) LIMIT 1   [ RunTime:0.0008s ]
SQL: SELECT * FROM `sql_menu` WHERE `id` = 68 LIMIT 1   [ RunTime:0.0003s ]
SQL: SELECT DISTINCT  `group` FROM `sql_menu` WHERE `group` <> '' AND `pid` = 68  [ RunTime:0.0008s ]
SQL: SELECT `id`,`url` FROM `sql_menu` WHERE `pid` = 68 AND `hide` = 0  [ RunTime:0.0005s ]
SQL: SELECT `id`,`pid`,`title`,`url`,`tip` FROM `sql_menu` WHERE `group` = '系统设置' AND `pid` = 68 AND `hide` = 0 ORDER BY sort asc  [ RunTime:0.0005s ]
SQL: SELECT `id`,`pid`,`title`,`url`,`tip` FROM `sql_menu` WHERE `group` = '数据备份' AND `pid` = 68 AND `hide` = 0 ORDER BY sort asc  [ RunTime:0.0004s ]
SQL: SHOW COLUMNS FROM `sql_config` [ RunTime:0.0046s ]
SQL: SELECT COUNT(*) AS tp_count FROM `sql_config` WHERE `status` = 1 LIMIT 1   [ RunTime:0.0004s ]
SQL: SELECT `id`,`name`,`type`,`title`,`group`,`extra`,`remark`,`create_time`,`update_time`,`status`,`value`,`sort` FROM `sql_config` WHERE `status` = 1 ORDER BY sort,id LIMIT 0,10   [ RunTime:0.0006s ]
INFO: [ view_parse ] --START--
INFO: [ template_filter ] --START--
INFO: Run Behavior\ContentReplaceBehavior [ RunTime:0.000305s ]
INFO: [ template_filter ] --END-- [ RunTime:0.000463s ]
INFO: Run Behavior\ParseTemplateBehavior [ RunTime:0.042837s ]
INFO: [ view_parse ] --END-- [ RunTime:0.042994s ]
INFO: [ view_filter ] --START--
INFO: Run Behavior\WriteHtmlCacheBehavior [ RunTime:0.000788s ]
INFO: [ view_filter ] --END-- [ RunTime:0.000924s ]
INFO: [ app_end ] --START--
INFO: Run Behavior\ShowPageTraceBehavior [ RunTime:0.001147s ]
INFO: [ app_end ] --END-- [ RunTime:0.001327s ]

[ 2016-05-25T15:59:43+08:00 ] 127.0.0.1 /admin.php?s=/Config/index/p/2.html
INFO: [ app_init ] --START--
INFO: Run Behavior\BuildLiteBehavior [ RunTime:0.000034s ]
INFO: Run Common\Behavior\InitHookBehavior [ RunTime:0.002758s ]
INFO: [ app_init ] --END-- [ RunTime:0.003478s ]
INFO: [ app_begin ] --START--
INFO: Run Behavior\ReadHtmlCacheBehavior [ RunTime:0.000988s ]
INFO: [ app_begin ] --END-- [ RunTime:0.001250s ]
SQL: SHOW COLUMNS FROM `sql_menu` [ RunTime:0.0051s ]
SQL: SELECT `id`,`title`,`url` FROM `sql_menu` WHERE `pid` = 0 AND `hide` = 0 ORDER BY sort asc  [ RunTime:0.0005s ]
SQL: SELECT `pid` FROM `sql_menu` WHERE ( pid !=0 AND url like '%Config/index%' ) LIMIT 1   [ RunTime:0.0010s ]
SQL: SELECT * FROM `sql_menu` WHERE `id` = 68 LIMIT 1   [ RunTime:0.0003s ]
SQL: SELECT DISTINCT  `group` FROM `sql_menu` WHERE `group` <> '' AND `pid` = 68  [ RunTime:0.0005s ]
SQL: SELECT `id`,`url` FROM `sql_menu` WHERE `pid` = 68 AND `hide` = 0  [ RunTime:0.0004s ]
SQL: SELECT `id`,`pid`,`title`,`url`,`tip` FROM `sql_menu` WHERE `group` = '系统设置' AND `pid` = 68 AND `hide` = 0 ORDER BY sort asc  [ RunTime:0.0005s ]
SQL: SELECT `id`,`pid`,`title`,`url`,`tip` FROM `sql_menu` WHERE `group` = '数据备份' AND `pid` = 68 AND `hide` = 0 ORDER BY sort asc  [ RunTime:0.0004s ]
SQL: SHOW COLUMNS FROM `sql_config` [ RunTime:0.0055s ]
SQL: SELECT COUNT(*) AS tp_count FROM `sql_config` WHERE `status` = 1 LIMIT 1   [ RunTime:0.0004s ]
SQL: SELECT `id`,`name`,`type`,`title`,`group`,`extra`,`remark`,`create_time`,`update_time`,`status`,`value`,`sort` FROM `sql_config` WHERE `status` = 1 ORDER BY sort,id LIMIT 10,10   [ RunTime:0.0007s ]
INFO: [ view_parse ] --START--
INFO: [ template_filter ] --START--
INFO: Run Behavior\ContentReplaceBehavior [ RunTime:0.000274s ]
INFO: [ template_filter ] --END-- [ RunTime:0.000438s ]
INFO: Run Behavior\ParseTemplateBehavior [ RunTime:0.041689s ]
INFO: [ view_parse ] --END-- [ RunTime:0.041846s ]
INFO: [ view_filter ] --START--
INFO: Run Behavior\WriteHtmlCacheBehavior [ RunTime:0.000726s ]
INFO: [ view_filter ] --END-- [ RunTime:0.000872s ]
INFO: [ app_end ] --START--
INFO: Run Behavior\ShowPageTraceBehavior [ RunTime:0.001022s ]
INFO: [ app_end ] --END-- [ RunTime:0.001195s ]

[ 2016-05-25T15:59:55+08:00 ] 127.0.0.1 /admin.php?s=/Config/index/p/3.html
INFO: [ app_init ] --START--
INFO: Run Behavior\BuildLiteBehavior [ RunTime:0.000032s ]
INFO: Run Common\Behavior\InitHookBehavior [ RunTime:0.002138s ]
INFO: [ app_init ] --END-- [ RunTime:0.002819s ]
INFO: [ app_begin ] --START--
INFO: Run Behavior\ReadHtmlCacheBehavior [ RunTime:0.000841s ]
INFO: [ app_begin ] --END-- [ RunTime:0.001001s ]
SQL: SHOW COLUMNS FROM `sql_menu` [ RunTime:0.0042s ]
SQL: SELECT `id`,`title`,`url` FROM `sql_menu` WHERE `pid` = 0 AND `hide` = 0 ORDER BY sort asc  [ RunTime:0.0005s ]
SQL: SELECT `pid` FROM `sql_menu` WHERE ( pid !=0 AND url like '%Config/index%' ) LIMIT 1   [ RunTime:0.0012s ]
SQL: SELECT * FROM `sql_menu` WHERE `id` = 68 LIMIT 1   [ RunTime:0.0003s ]
SQL: SELECT DISTINCT  `group` FROM `sql_menu` WHERE `group` <> '' AND `pid` = 68  [ RunTime:0.0007s ]
SQL: SELECT `id`,`url` FROM `sql_menu` WHERE `pid` = 68 AND `hide` = 0  [ RunTime:0.0004s ]
SQL: SELECT `id`,`pid`,`title`,`url`,`tip` FROM `sql_menu` WHERE `group` = '系统设置' AND `pid` = 68 AND `hide` = 0 ORDER BY sort asc  [ RunTime:0.0005s ]
SQL: SELECT `id`,`pid`,`title`,`url`,`tip` FROM `sql_menu` WHERE `group` = '数据备份' AND `pid` = 68 AND `hide` = 0 ORDER BY sort asc  [ RunTime:0.0005s ]
SQL: SHOW COLUMNS FROM `sql_config` [ RunTime:0.0041s ]
SQL: SELECT COUNT(*) AS tp_count FROM `sql_config` WHERE `status` = 1 LIMIT 1   [ RunTime:0.0004s ]
SQL: SELECT `id`,`name`,`type`,`title`,`group`,`extra`,`remark`,`create_time`,`update_time`,`status`,`value`,`sort` FROM `sql_config` WHERE `status` = 1 ORDER BY sort,id LIMIT 20,10   [ RunTime:0.0007s ]
INFO: [ view_parse ] --START--
INFO: [ template_filter ] --START--
INFO: Run Behavior\ContentReplaceBehavior [ RunTime:0.000290s ]
INFO: [ template_filter ] --END-- [ RunTime:0.000450s ]
INFO: Run Behavior\ParseTemplateBehavior [ RunTime:0.046252s ]
INFO: [ view_parse ] --END-- [ RunTime:0.046403s ]
INFO: [ view_filter ] --START--
INFO: Run Behavior\WriteHtmlCacheBehavior [ RunTime:0.000698s ]
INFO: [ view_filter ] --END-- [ RunTime:0.000834s ]
INFO: [ app_end ] --START--
INFO: Run Behavior\ShowPageTraceBehavior [ RunTime:0.001136s ]
INFO: [ app_end ] --END-- [ RunTime:0.001423s ]

[ 2016-05-25T15:59:59+08:00 ] 127.0.0.1 /admin.php?s=/Config/index/p/4.html
INFO: [ app_init ] --START--
INFO: Run Behavior\BuildLiteBehavior [ RunTime:0.000033s ]
INFO: Run Common\Behavior\InitHookBehavior [ RunTime:0.002106s ]
INFO: [ app_init ] --END-- [ RunTime:0.002780s ]
INFO: [ app_begin ] --START--
INFO: Run Behavior\ReadHtmlCacheBehavior [ RunTime:0.000802s ]
INFO: [ app_begin ] --END-- [ RunTime:0.000973s ]
SQL: SHOW COLUMNS FROM `sql_menu` [ RunTime:0.0043s ]
SQL: SELECT `id`,`title`,`url` FROM `sql_menu` WHERE `pid` = 0 AND `hide` = 0 ORDER BY sort asc  [ RunTime:0.0007s ]
SQL: SELECT `pid` FROM `sql_menu` WHERE ( pid !=0 AND url like '%Config/index%' ) LIMIT 1   [ RunTime:0.0011s ]
SQL: SELECT * FROM `sql_menu` WHERE `id` = 68 LIMIT 1   [ RunTime:0.0003s ]
SQL: SELECT DISTINCT  `group` FROM `sql_menu` WHERE `group` <> '' AND `pid` = 68  [ RunTime:0.0006s ]
SQL: SELECT `id`,`url` FROM `sql_menu` WHERE `pid` = 68 AND `hide` = 0  [ RunTime:0.0004s ]
SQL: SELECT `id`,`pid`,`title`,`url`,`tip` FROM `sql_menu` WHERE `group` = '系统设置' AND `pid` = 68 AND `hide` = 0 ORDER BY sort asc  [ RunTime:0.0005s ]
SQL: SELECT `id`,`pid`,`title`,`url`,`tip` FROM `sql_menu` WHERE `group` = '数据备份' AND `pid` = 68 AND `hide` = 0 ORDER BY sort asc  [ RunTime:0.0005s ]
SQL: SHOW COLUMNS FROM `sql_config` [ RunTime:0.0045s ]
SQL: SELECT COUNT(*) AS tp_count FROM `sql_config` WHERE `status` = 1 LIMIT 1   [ RunTime:0.0003s ]
SQL: SELECT `id`,`name`,`type`,`title`,`group`,`extra`,`remark`,`create_time`,`update_time`,`status`,`value`,`sort` FROM `sql_config` WHERE `status` = 1 ORDER BY sort,id LIMIT 30,10   [ RunTime:0.0009s ]
INFO: [ view_parse ] --START--
INFO: [ template_filter ] --START--
INFO: Run Behavior\ContentReplaceBehavior [ RunTime:0.000293s ]
INFO: [ template_filter ] --END-- [ RunTime:0.000442s ]
INFO: Run Behavior\ParseTemplateBehavior [ RunTime:0.038034s ]
INFO: [ view_parse ] --END-- [ RunTime:0.038200s ]
INFO: [ view_filter ] --START--
INFO: Run Behavior\WriteHtmlCacheBehavior [ RunTime:0.000754s ]
INFO: [ view_filter ] --END-- [ RunTime:0.000904s ]
INFO: [ app_end ] --START--
INFO: Run Behavior\ShowPageTraceBehavior [ RunTime:0.001057s ]
INFO: [ app_end ] --END-- [ RunTime:0.001272s ]

[ 2016-05-25T16:00:03+08:00 ] 127.0.0.1 /admin.php?s=/Config/index/p/3.html
INFO: [ app_init ] --START--
INFO: Run Behavior\BuildLiteBehavior [ RunTime:0.000033s ]
INFO: Run Common\Behavior\InitHookBehavior [ RunTime:0.002104s ]
INFO: [ app_init ] --END-- [ RunTime:0.002764s ]
INFO: [ app_begin ] --START--
INFO: Run Behavior\ReadHtmlCacheBehavior [ RunTime:0.000905s ]
INFO: [ app_begin ] --END-- [ RunTime:0.001066s ]
SQL: SHOW COLUMNS FROM `sql_menu` [ RunTime:0.0042s ]
SQL: SELECT `id`,`title`,`url` FROM `sql_menu` WHERE `pid` = 0 AND `hide` = 0 ORDER BY sort asc  [ RunTime:0.0007s ]
SQL: SELECT `pid` FROM `sql_menu` WHERE ( pid !=0 AND url like '%Config/index%' ) LIMIT 1   [ RunTime:0.0009s ]
SQL: SELECT * FROM `sql_menu` WHERE `id` = 68 LIMIT 1   [ RunTime:0.0003s ]
SQL: SELECT DISTINCT  `group` FROM `sql_menu` WHERE `group` <> '' AND `pid` = 68  [ RunTime:0.0005s ]
SQL: SELECT `id`,`url` FROM `sql_menu` WHERE `pid` = 68 AND `hide` = 0  [ RunTime:0.0004s ]
SQL: SELECT `id`,`pid`,`title`,`url`,`tip` FROM `sql_menu` WHERE `group` = '系统设置' AND `pid` = 68 AND `hide` = 0 ORDER BY sort asc  [ RunTime:0.0005s ]
SQL: SELECT `id`,`pid`,`title`,`url`,`tip` FROM `sql_menu` WHERE `group` = '数据备份' AND `pid` = 68 AND `hide` = 0 ORDER BY sort asc  [ RunTime:0.0004s ]
SQL: SHOW COLUMNS FROM `sql_config` [ RunTime:0.0047s ]
SQL: SELECT COUNT(*) AS tp_count FROM `sql_config` WHERE `status` = 1 LIMIT 1   [ RunTime:0.0004s ]
SQL: SELECT `id`,`name`,`type`,`title`,`group`,`extra`,`remark`,`create_time`,`update_time`,`status`,`value`,`sort` FROM `sql_config` WHERE `status` = 1 ORDER BY sort,id LIMIT 20,10   [ RunTime:0.0007s ]
INFO: [ view_parse ] --START--
INFO: [ template_filter ] --START--
INFO: Run Behavior\ContentReplaceBehavior [ RunTime:0.000292s ]
INFO: [ template_filter ] --END-- [ RunTime:0.000444s ]
INFO: Run Behavior\ParseTemplateBehavior [ RunTime:0.042041s ]
INFO: [ view_parse ] --END-- [ RunTime:0.042198s ]
INFO: [ view_filter ] --START--
INFO: Run Behavior\WriteHtmlCacheBehavior [ RunTime:0.000758s ]
INFO: [ view_filter ] --END-- [ RunTime:0.000948s ]
INFO: [ app_end ] --START--
INFO: Run Behavior\ShowPageTraceBehavior [ RunTime:0.001518s ]
INFO: [ app_end ] --END-- [ RunTime:0.001794s ]

[ 2016-05-25T16:00:06+08:00 ] 127.0.0.1 /admin.php?s=/Config/index/p/1.html
INFO: [ app_init ] --START--
INFO: Run Behavior\BuildLiteBehavior [ RunTime:0.000033s ]
INFO: Run Common\Behavior\InitHookBehavior [ RunTime:0.002263s ]
INFO: [ app_init ] --END-- [ RunTime:0.002934s ]
INFO: [ app_begin ] --START--
INFO: Run Behavior\ReadHtmlCacheBehavior [ RunTime:0.000842s ]
INFO: [ app_begin ] --END-- [ RunTime:0.001007s ]
SQL: SHOW COLUMNS FROM `sql_menu` [ RunTime:0.0047s ]
SQL: SELECT `id`,`title`,`url` FROM `sql_menu` WHERE `pid` = 0 AND `hide` = 0 ORDER BY sort asc  [ RunTime:0.0005s ]
SQL: SELECT `pid` FROM `sql_menu` WHERE ( pid !=0 AND url like '%Config/index%' ) LIMIT 1   [ RunTime:0.0010s ]
SQL: SELECT * FROM `sql_menu` WHERE `id` = 68 LIMIT 1   [ RunTime:0.0003s ]
SQL: SELECT DISTINCT  `group` FROM `sql_menu` WHERE `group` <> '' AND `pid` = 68  [ RunTime:0.0005s ]
SQL: SELECT `id`,`url` FROM `sql_menu` WHERE `pid` = 68 AND `hide` = 0  [ RunTime:0.0005s ]
SQL: SELECT `id`,`pid`,`title`,`url`,`tip` FROM `sql_menu` WHERE `group` = '系统设置' AND `pid` = 68 AND `hide` = 0 ORDER BY sort asc  [ RunTime:0.0005s ]
SQL: SELECT `id`,`pid`,`title`,`url`,`tip` FROM `sql_menu` WHERE `group` = '数据备份' AND `pid` = 68 AND `hide` = 0 ORDER BY sort asc  [ RunTime:0.0004s ]
SQL: SHOW COLUMNS FROM `sql_config` [ RunTime:0.0055s ]
SQL: SELECT COUNT(*) AS tp_count FROM `sql_config` WHERE `status` = 1 LIMIT 1   [ RunTime:0.0004s ]
SQL: SELECT `id`,`name`,`type`,`title`,`group`,`extra`,`remark`,`create_time`,`update_time`,`status`,`value`,`sort` FROM `sql_config` WHERE `status` = 1 ORDER BY sort,id LIMIT 0,10   [ RunTime:0.0009s ]
INFO: [ view_parse ] --START--
INFO: [ template_filter ] --START--
INFO: Run Behavior\ContentReplaceBehavior [ RunTime:0.000296s ]
INFO: [ template_filter ] --END-- [ RunTime:0.000455s ]
INFO: Run Behavior\ParseTemplateBehavior [ RunTime:0.044739s ]
INFO: [ view_parse ] --END-- [ RunTime:0.044937s ]
INFO: [ view_filter ] --START--
INFO: Run Behavior\WriteHtmlCacheBehavior [ RunTime:0.000922s ]
INFO: [ view_filter ] --END-- [ RunTime:0.001086s ]
INFO: [ app_end ] --START--
INFO: Run Behavior\ShowPageTraceBehavior [ RunTime:0.000971s ]
INFO: [ app_end ] --END-- [ RunTime:0.001135s ]

[ 2016-05-25T16:10:25+08:00 ] 127.0.0.1 /admin.php?s=/Config/index/p/4.html
INFO: [ app_init ] --START--
INFO: Run Behavior\BuildLiteBehavior [ RunTime:0.000034s ]
INFO: Run Common\Behavior\InitHookBehavior [ RunTime:0.003847s ]
INFO: [ app_init ] --END-- [ RunTime:0.004662s ]
INFO: [ app_begin ] --START--
INFO: Run Behavior\ReadHtmlCacheBehavior [ RunTime:0.000791s ]
INFO: [ app_begin ] --END-- [ RunTime:0.000953s ]
SQL: SHOW COLUMNS FROM `sql_menu` [ RunTime:0.0049s ]
SQL: SELECT `id`,`title`,`url` FROM `sql_menu` WHERE `pid` = 0 AND `hide` = 0 ORDER BY sort asc  [ RunTime:0.0005s ]
SQL: SELECT `pid` FROM `sql_menu` WHERE ( pid !=0 AND url like '%Config/index%' ) LIMIT 1   [ RunTime:0.0008s ]
SQL: SELECT * FROM `sql_menu` WHERE `id` = 68 LIMIT 1   [ RunTime:0.0003s ]
SQL: SELECT DISTINCT  `group` FROM `sql_menu` WHERE `group` <> '' AND `pid` = 68  [ RunTime:0.0005s ]
SQL: SELECT `id`,`url` FROM `sql_menu` WHERE `pid` = 68 AND `hide` = 0  [ RunTime:0.0004s ]
SQL: SELECT `id`,`pid`,`title`,`url`,`tip` FROM `sql_menu` WHERE `group` = '系统设置' AND `pid` = 68 AND `hide` = 0 ORDER BY sort asc  [ RunTime:0.0004s ]
SQL: SELECT `id`,`pid`,`title`,`url`,`tip` FROM `sql_menu` WHERE `group` = '数据备份' AND `pid` = 68 AND `hide` = 0 ORDER BY sort asc  [ RunTime:0.0007s ]
SQL: SHOW COLUMNS FROM `sql_config` [ RunTime:0.4064s ]
SQL: SELECT COUNT(*) AS tp_count FROM `sql_config` WHERE `status` = 1 LIMIT 1   [ RunTime:0.0004s ]
SQL: SELECT `id`,`name`,`type`,`title`,`group`,`extra`,`remark`,`create_time`,`update_time`,`status`,`value`,`sort` FROM `sql_config` WHERE `status` = 1 ORDER BY sort,id LIMIT 30,10   [ RunTime:0.0007s ]
INFO: [ view_parse ] --START--
INFO: [ template_filter ] --START--
INFO: Run Behavior\ContentReplaceBehavior [ RunTime:0.000293s ]
INFO: [ template_filter ] --END-- [ RunTime:0.000443s ]
INFO: Run Behavior\ParseTemplateBehavior [ RunTime:0.037872s ]
INFO: [ view_parse ] --END-- [ RunTime:0.038026s ]
INFO: [ view_filter ] --START--
INFO: Run Behavior\WriteHtmlCacheBehavior [ RunTime:0.001342s ]
INFO: [ view_filter ] --END-- [ RunTime:0.001506s ]
INFO: [ app_end ] --START--
INFO: Run Behavior\ShowPageTraceBehavior [ RunTime:0.001281s ]
INFO: [ app_end ] --END-- [ RunTime:0.001515s ]

[ 2016-05-25T17:01:54+08:00 ] 127.0.0.1 /admin.php?s=/User/index.html
INFO: [ app_init ] --START--
INFO: Run Behavior\BuildLiteBehavior [ RunTime:0.000034s ]
INFO: Run Common\Behavior\InitHookBehavior [ RunTime:0.002331s ]
INFO: [ app_init ] --END-- [ RunTime:0.003038s ]
INFO: [ app_begin ] --START--
INFO: Run Behavior\ReadHtmlCacheBehavior [ RunTime:0.000678s ]
INFO: [ app_begin ] --END-- [ RunTime:0.000852s ]
SQL: SHOW COLUMNS FROM `sql_menu` [ RunTime:0.0052s ]
SQL: SELECT `id`,`title`,`url` FROM `sql_menu` WHERE `pid` = 0 AND `hide` = 0 ORDER BY sort asc  [ RunTime:0.0006s ]
SQL: SELECT `pid` FROM `sql_menu` WHERE ( pid !=0 AND url like '%User/index%' ) LIMIT 1   [ RunTime:0.0004s ]
SQL: SELECT * FROM `sql_menu` WHERE `id` = 16 LIMIT 1   [ RunTime:0.0003s ]
SQL: SELECT DISTINCT  `group` FROM `sql_menu` WHERE `group` <> '' AND `pid` = 16  [ RunTime:0.0006s ]
SQL: SELECT `id`,`url` FROM `sql_menu` WHERE `pid` = 16 AND `hide` = 0  [ RunTime:0.0004s ]
SQL: SELECT `id`,`pid`,`title`,`url`,`tip` FROM `sql_menu` WHERE `group` = '用户管理' AND `pid` = 16 AND `hide` = 0 ORDER BY sort asc  [ RunTime:0.0004s ]
SQL: SELECT `id`,`pid`,`title`,`url`,`tip` FROM `sql_menu` WHERE `group` = '行为管理' AND `pid` = 16 AND `hide` = 0 ORDER BY sort asc  [ RunTime:0.0004s ]
SQL: SELECT `id`,`pid`,`title`,`url`,`tip` FROM `sql_menu` WHERE `group` = '用户认证' AND `pid` = 16 AND `hide` = 0 ORDER BY sort asc  [ RunTime:0.0004s ]
SQL: SHOW COLUMNS FROM `sql_member` [ RunTime:0.0046s ]
SQL: SELECT COUNT(*) AS tp_count FROM `sql_member` WHERE `status` >= 0 AND `nickname` LIKE '%%' LIMIT 1   [ RunTime:0.0005s ]
SQL: SELECT `uid`,`nickname`,`sex`,`birthday`,`qq`,`score`,`login`,`reg_ip`,`reg_time`,`last_login_ip`,`last_login_time`,`status`,`toux`,`pos`,`hot` FROM `sql_member` WHERE `status` >= 0 AND `nickname` LIKE '%%' ORDER BY uid desc LIMIT 0,10   [ RunTime:0.0005s ]
INFO: [ view_parse ] --START--
INFO: [ template_filter ] --START--
INFO: Run Behavior\ContentReplaceBehavior [ RunTime:0.000268s ]
INFO: [ template_filter ] --END-- [ RunTime:0.000414s ]
INFO: Run Behavior\ParseTemplateBehavior [ RunTime:0.034857s ]
INFO: [ view_parse ] --END-- [ RunTime:0.035009s ]
INFO: [ view_filter ] --START--
INFO: Run Behavior\WriteHtmlCacheBehavior [ RunTime:0.000762s ]
INFO: [ view_filter ] --END-- [ RunTime:0.000899s ]
INFO: [ app_end ] --START--
INFO: Run Behavior\ShowPageTraceBehavior [ RunTime:0.001029s ]
INFO: [ app_end ] --END-- [ RunTime:0.001204s ]

[ 2016-05-25T17:01:55+08:00 ] 127.0.0.1 /admin.php?s=/user/identify/id/0.html
INFO: [ app_init ] --START--
INFO: Run Behavior\BuildLiteBehavior [ RunTime:0.000034s ]
INFO: Run Common\Behavior\InitHookBehavior [ RunTime:0.002065s ]
INFO: [ app_init ] --END-- [ RunTime:0.002746s ]
INFO: [ app_begin ] --START--
INFO: Run Behavior\ReadHtmlCacheBehavior [ RunTime:0.000785s ]
INFO: [ app_begin ] --END-- [ RunTime:0.001034s ]
SQL: SHOW COLUMNS FROM `sql_menu` [ RunTime:0.0052s ]
SQL: SELECT `id`,`title`,`url` FROM `sql_menu` WHERE `pid` = 0 AND `hide` = 0 ORDER BY sort asc  [ RunTime:0.0006s ]
SQL: SELECT `pid` FROM `sql_menu` WHERE ( pid !=0 AND url like '%User/identify%' ) LIMIT 1   [ RunTime:0.0005s ]
SQL: SELECT * FROM `sql_menu` WHERE `id` = 16 LIMIT 1   [ RunTime:0.0004s ]
SQL: SELECT DISTINCT  `group` FROM `sql_menu` WHERE `group` <> '' AND `pid` = 16  [ RunTime:0.0006s ]
SQL: SELECT `id`,`url` FROM `sql_menu` WHERE `pid` = 16 AND `hide` = 0  [ RunTime:0.0004s ]
SQL: SELECT `id`,`pid`,`title`,`url`,`tip` FROM `sql_menu` WHERE `group` = '用户管理' AND `pid` = 16 AND `hide` = 0 ORDER BY sort asc  [ RunTime:0.0005s ]
SQL: SELECT `id`,`pid`,`title`,`url`,`tip` FROM `sql_menu` WHERE `group` = '行为管理' AND `pid` = 16 AND `hide` = 0 ORDER BY sort asc  [ RunTime:0.0005s ]
SQL: SELECT `id`,`pid`,`title`,`url`,`tip` FROM `sql_menu` WHERE `group` = '用户认证' AND `pid` = 16 AND `hide` = 0 ORDER BY sort asc  [ RunTime:0.0005s ]
NOTIC: [8] Undefined variable: nickname H:\docs\job\Application\Admin\Controller\UserController.class.php 第 50 行.
NOTIC: [8] Undefined index: lite H:\docs\job\ThinkPHP\Library\Think\Db.class.php 第 37 行.
SQL: SHOW COLUMNS FROM `sql_member` [ RunTime:0.0054s ]
SQL: SELECT `login`,`hot` FROM `sql_member` WHERE `uid` = 2  [ RunTime:0.0003s ]
SQL: SELECT `login`,`hot` FROM `sql_member` WHERE `uid` = 1  [ RunTime:0.0004s ]
INFO: [ view_parse ] --START--
INFO: [ template_filter ] --START--
INFO: Run Behavior\ContentReplaceBehavior [ RunTime:0.000292s ]
INFO: [ template_filter ] --END-- [ RunTime:0.000457s ]
NOTIC: [8] Undefined variable: meta_title H:\docs\job\Runtime\Cache\Admin\fc840205d1d40f677828cc546a35bc62.php 第 5 行.
NOTIC: [8] Undefined index: uid H:\docs\job\Runtime\Cache\Admin\fc840205d1d40f677828cc546a35bc62.php 第 129 行.
NOTIC: [8] Undefined index: last_login_time H:\docs\job\Runtime\Cache\Admin\fc840205d1d40f677828cc546a35bc62.php 第 134 行.
NOTIC: [8] Undefined index: status H:\docs\job\Runtime\Cache\Admin\fc840205d1d40f677828cc546a35bc62.php 第 137 行.
NOTIC: [8] Undefined index: uid H:\docs\job\Runtime\Cache\Admin\fc840205d1d40f677828cc546a35bc62.php 第 129 行.
NOTIC: [8] Undefined index: last_login_time H:\docs\job\Runtime\Cache\Admin\fc840205d1d40f677828cc546a35bc62.php 第 134 行.
NOTIC: [8] Undefined index: status H:\docs\job\Runtime\Cache\Admin\fc840205d1d40f677828cc546a35bc62.php 第 137 行.
INFO: Run Behavior\ParseTemplateBehavior [ RunTime:0.041091s ]
INFO: [ view_parse ] --END-- [ RunTime:0.041249s ]
INFO: [ view_filter ] --START--
INFO: Run Behavior\WriteHtmlCacheBehavior [ RunTime:0.000657s ]
INFO: [ view_filter ] --END-- [ RunTime:0.000803s ]
INFO: [ app_end ] --START--
INFO: Run Behavior\ShowPageTraceBehavior [ RunTime:0.001269s ]
INFO: [ app_end ] --END-- [ RunTime:0.001531s ]

[ 2016-05-25T17:01:56+08:00 ] 127.0.0.1 /admin.php?s=/user/identify/id/1.html
INFO: [ app_init ] --START--
INFO: Run Behavior\BuildLiteBehavior [ RunTime:0.000034s ]
INFO: Run Common\Behavior\InitHookBehavior [ RunTime:0.002314s ]
INFO: [ app_init ] --END-- [ RunTime:0.003105s ]
INFO: [ app_begin ] --START--
INFO: Run Behavior\ReadHtmlCacheBehavior [ RunTime:0.000656s ]
INFO: [ app_begin ] --END-- [ RunTime:0.000821s ]
SQL: SHOW COLUMNS FROM `sql_menu` [ RunTime:0.0043s ]
SQL: SELECT `id`,`title`,`url` FROM `sql_menu` WHERE `pid` = 0 AND `hide` = 0 ORDER BY sort asc  [ RunTime:0.0005s ]
SQL: SELECT `pid` FROM `sql_menu` WHERE ( pid !=0 AND url like '%User/identify%' ) LIMIT 1   [ RunTime:0.0006s ]
SQL: SELECT * FROM `sql_menu` WHERE `id` = 16 LIMIT 1   [ RunTime:0.0003s ]
SQL: SELECT DISTINCT  `group` FROM `sql_menu` WHERE `group` <> '' AND `pid` = 16  [ RunTime:0.0005s ]
SQL: SELECT `id`,`url` FROM `sql_menu` WHERE `pid` = 16 AND `hide` = 0  [ RunTime:0.0004s ]
SQL: SELECT `id`,`pid`,`title`,`url`,`tip` FROM `sql_menu` WHERE `group` = '用户管理' AND `pid` = 16 AND `hide` = 0 ORDER BY sort asc  [ RunTime:0.0004s ]
SQL: SELECT `id`,`pid`,`title`,`url`,`tip` FROM `sql_menu` WHERE `group` = '行为管理' AND `pid` = 16 AND `hide` = 0 ORDER BY sort asc  [ RunTime:0.0005s ]
SQL: SELECT `id`,`pid`,`title`,`url`,`tip` FROM `sql_menu` WHERE `group` = '用户认证' AND `pid` = 16 AND `hide` = 0 ORDER BY sort asc  [ RunTime:0.0009s ]
NOTIC: [8] Undefined variable: nickname H:\docs\job\Application\Admin\Controller\UserController.class.php 第 50 行.
NOTIC: [8] Undefined index: lite H:\docs\job\ThinkPHP\Library\Think\Db.class.php 第 37 行.
SQL: SHOW COLUMNS FROM `sql_member` [ RunTime:0.0047s ]
SQL: SELECT `login`,`hot` FROM `sql_member` WHERE `uid` = 3  [ RunTime:0.0003s ]
INFO: [ view_parse ] --START--
INFO: [ template_filter ] --START--
INFO: Run Behavior\ContentReplaceBehavior [ RunTime:0.000289s ]
INFO: [ template_filter ] --END-- [ RunTime:0.000449s ]
NOTIC: [8] Undefined variable: meta_title H:\docs\job\Runtime\Cache\Admin\fc840205d1d40f677828cc546a35bc62.php 第 5 行.
NOTIC: [8] Undefined index: uid H:\docs\job\Runtime\Cache\Admin\fc840205d1d40f677828cc546a35bc62.php 第 129 行.
NOTIC: [8] Undefined index: last_login_time H:\docs\job\Runtime\Cache\Admin\fc840205d1d40f677828cc546a35bc62.php 第 134 行.
NOTIC: [8] Undefined index: status H:\docs\job\Runtime\Cache\Admin\fc840205d1d40f677828cc546a35bc62.php 第 137 行.
INFO: Run Behavior\ParseTemplateBehavior [ RunTime:0.035136s ]
INFO: [ view_parse ] --END-- [ RunTime:0.035285s ]
INFO: [ view_filter ] --START--
INFO: Run Behavior\WriteHtmlCacheBehavior [ RunTime:0.000883s ]
INFO: [ view_filter ] --END-- [ RunTime:0.001021s ]
INFO: [ app_end ] --START--
INFO: Run Behavior\ShowPageTraceBehavior [ RunTime:0.001023s ]
INFO: [ app_end ] --END-- [ RunTime:0.001241s ]

[ 2016-05-25T17:01:58+08:00 ] 127.0.0.1 /admin.php?s=/User/detail/tid/1/id/3.html
INFO: [ app_init ] --START--
INFO: Run Behavior\BuildLiteBehavior [ RunTime:0.000034s ]
INFO: Run Common\Behavior\InitHookBehavior [ RunTime:0.002098s ]
INFO: [ app_init ] --END-- [ RunTime:0.002901s ]
INFO: [ app_begin ] --START--
INFO: Run Behavior\ReadHtmlCacheBehavior [ RunTime:0.000619s ]
INFO: [ app_begin ] --END-- [ RunTime:0.000775s ]
SQL: SHOW COLUMNS FROM `sql_menu` [ RunTime:0.0051s ]
SQL: SELECT `id`,`title`,`url` FROM `sql_menu` WHERE `pid` = 0 AND `hide` = 0 ORDER BY sort asc  [ RunTime:0.0005s ]
SQL: SELECT `pid` FROM `sql_menu` WHERE ( pid !=0 AND url like '%User/detail%' ) LIMIT 1   [ RunTime:0.0013s ]
SQL: SELECT * FROM `sql_menu` WHERE `id` = 159 LIMIT 1   [ RunTime:0.0003s ]
SQL: SELECT * FROM `sql_menu` WHERE `id` = 16 LIMIT 1   [ RunTime:0.0003s ]
SQL: SELECT DISTINCT  `group` FROM `sql_menu` WHERE `group` <> '' AND `pid` = 16  [ RunTime:0.0006s ]
SQL: SELECT `id`,`url` FROM `sql_menu` WHERE `pid` = 16 AND `hide` = 0  [ RunTime:0.0004s ]
SQL: SELECT `id`,`pid`,`title`,`url`,`tip` FROM `sql_menu` WHERE `group` = '用户管理' AND `pid` = 16 AND `hide` = 0 ORDER BY sort asc  [ RunTime:0.0004s ]
SQL: SELECT `id`,`pid`,`title`,`url`,`tip` FROM `sql_menu` WHERE `group` = '行为管理' AND `pid` = 16 AND `hide` = 0 ORDER BY sort asc  [ RunTime:0.0004s ]
SQL: SELECT `id`,`pid`,`title`,`url`,`tip` FROM `sql_menu` WHERE `group` = '用户认证' AND `pid` = 16 AND `hide` = 0 ORDER BY sort asc  [ RunTime:0.0004s ]
NOTIC: [8] Undefined index: lite H:\docs\job\ThinkPHP\Library\Think\Db.class.php 第 37 行.
INFO: [ view_parse ] --START--
INFO: [ template_filter ] --START--
INFO: Run Behavior\ContentReplaceBehavior [ RunTime:0.000348s ]
INFO: [ template_filter ] --END-- [ RunTime:0.000498s ]
NOTIC: [8] Undefined variable: meta_title H:\docs\job\Runtime\Cache\Admin\44de373aafae047c991449fdb71971e3.php 第 5 行.
SQL: SHOW COLUMNS FROM `sql_picture` [ RunTime:0.0049s ]
SQL: SELECT * FROM `sql_picture` WHERE `status` = 1 AND `id` = 25 LIMIT 1   [ RunTime:0.0004s ]
SQL: SELECT * FROM `sql_picture` WHERE `status` = 1 AND `id` = 25 LIMIT 1   [ RunTime:0.0003s ]
SQL: SELECT * FROM `sql_picture` WHERE `status` = 1 AND `id` = 25 LIMIT 1   [ RunTime:0.0003s ]
SQL: SELECT * FROM `sql_picture` WHERE `status` = 1 AND `id` = 25 LIMIT 1   [ RunTime:0.0002s ]
INFO: Run Behavior\ParseTemplateBehavior [ RunTime:0.040637s ]
INFO: [ view_parse ] --END-- [ RunTime:0.040831s ]
INFO: [ view_filter ] --START--
INFO: Run Behavior\WriteHtmlCacheBehavior [ RunTime:0.000675s ]
INFO: [ view_filter ] --END-- [ RunTime:0.000853s ]
INFO: [ app_end ] --START--
INFO: Run Behavior\ShowPageTraceBehavior [ RunTime:0.000978s ]
INFO: [ app_end ] --END-- [ RunTime:0.001214s ]

[ 2016-05-25T17:02:05+08:00 ] 127.0.0.1 /admin.php?s=/user/pre_identify.html
INFO: [ app_init ] --START--
INFO: Run Behavior\BuildLiteBehavior [ RunTime:0.000033s ]
INFO: Run Common\Behavior\InitHookBehavior [ RunTime:0.002149s ]
INFO: [ app_init ] --END-- [ RunTime:0.002870s ]
INFO: [ app_begin ] --START--
INFO: Run Behavior\ReadHtmlCacheBehavior [ RunTime:0.000608s ]
INFO: [ app_begin ] --END-- [ RunTime:0.000744s ]
SQL: SHOW COLUMNS FROM `sql_menu` [ RunTime:0.0047s ]
SQL: SELECT `id`,`title`,`url` FROM `sql_menu` WHERE `pid` = 0 AND `hide` = 0 ORDER BY sort asc  [ RunTime:0.0006s ]
SQL: SELECT `pid` FROM `sql_menu` WHERE ( pid !=0 AND url like '%User/pre_identify%' ) LIMIT 1   [ RunTime:0.0011s ]
NOTIC: [8] Undefined index: lite H:\docs\job\ThinkPHP\Library\Think\Db.class.php 第 37 行.

[ 2016-05-25T17:02:06+08:00 ] 127.0.0.1 /admin.php?s=/User/detail/tid/1/id/3.html
INFO: [ app_init ] --START--
INFO: Run Behavior\BuildLiteBehavior [ RunTime:0.000033s ]
INFO: Run Common\Behavior\InitHookBehavior [ RunTime:0.002116s ]
INFO: [ app_init ] --END-- [ RunTime:0.002780s ]
INFO: [ app_begin ] --START--
INFO: Run Behavior\ReadHtmlCacheBehavior [ RunTime:0.000775s ]
INFO: [ app_begin ] --END-- [ RunTime:0.000953s ]
SQL: SHOW COLUMNS FROM `sql_menu` [ RunTime:0.0047s ]
SQL: SELECT `id`,`title`,`url` FROM `sql_menu` WHERE `pid` = 0 AND `hide` = 0 ORDER BY sort asc  [ RunTime:0.0005s ]
SQL: SELECT `pid` FROM `sql_menu` WHERE ( pid !=0 AND url like '%User/detail%' ) LIMIT 1   [ RunTime:0.0011s ]
SQL: SELECT * FROM `sql_menu` WHERE `id` = 159 LIMIT 1   [ RunTime:0.0003s ]
SQL: SELECT * FROM `sql_menu` WHERE `id` = 16 LIMIT 1   [ RunTime:0.0003s ]
SQL: SELECT DISTINCT  `group` FROM `sql_menu` WHERE `group` <> '' AND `pid` = 16  [ RunTime:0.0005s ]
SQL: SELECT `id`,`url` FROM `sql_menu` WHERE `pid` = 16 AND `hide` = 0  [ RunTime:0.0004s ]
SQL: SELECT `id`,`pid`,`title`,`url`,`tip` FROM `sql_menu` WHERE `group` = '用户管理' AND `pid` = 16 AND `hide` = 0 ORDER BY sort asc  [ RunTime:0.0004s ]
SQL: SELECT `id`,`pid`,`title`,`url`,`tip` FROM `sql_menu` WHERE `group` = '行为管理' AND `pid` = 16 AND `hide` = 0 ORDER BY sort asc  [ RunTime:0.0005s ]
SQL: SELECT `id`,`pid`,`title`,`url`,`tip` FROM `sql_menu` WHERE `group` = '用户认证' AND `pid` = 16 AND `hide` = 0 ORDER BY sort asc  [ RunTime:0.0004s ]
NOTIC: [8] Undefined index: lite H:\docs\job\ThinkPHP\Library\Think\Db.class.php 第 37 行.
INFO: [ view_parse ] --START--
INFO: [ template_filter ] --START--
INFO: Run Behavior\ContentReplaceBehavior [ RunTime:0.000326s ]
INFO: [ template_filter ] --END-- [ RunTime:0.000497s ]
NOTIC: [8] Undefined variable: meta_title H:\docs\job\Runtime\Cache\Admin\44de373aafae047c991449fdb71971e3.php 第 5 行.
SQL: SHOW COLUMNS FROM `sql_picture` [ RunTime:0.0045s ]
SQL: SELECT * FROM `sql_picture` WHERE `status` = 1 AND `id` = 25 LIMIT 1   [ RunTime:0.0004s ]
SQL: SELECT * FROM `sql_picture` WHERE `status` = 1 AND `id` = 25 LIMIT 1   [ RunTime:0.0004s ]
SQL: SELECT * FROM `sql_picture` WHERE `status` = 1 AND `id` = 25 LIMIT 1   [ RunTime:0.0002s ]
SQL: SELECT * FROM `sql_picture` WHERE `status` = 1 AND `id` = 25 LIMIT 1   [ RunTime:0.0002s ]
INFO: Run Behavior\ParseTemplateBehavior [ RunTime:0.040133s ]
INFO: [ view_parse ] --END-- [ RunTime:0.040341s ]
INFO: [ view_filter ] --START--
INFO: Run Behavior\WriteHtmlCacheBehavior [ RunTime:0.000686s ]
INFO: [ view_filter ] --END-- [ RunTime:0.000837s ]
INFO: [ app_end ] --START--
INFO: Run Behavior\ShowPageTraceBehavior [ RunTime:0.000920s ]
INFO: [ app_end ] --END-- [ RunTime:0.001129s ]

[ 2016-05-25T17:08:23+08:00 ] 127.0.0.1 /admin.php?s=/Slide/index.html
INFO: [ app_init ] --START--
INFO: Run Behavior\BuildLiteBehavior [ RunTime:0.000033s ]
INFO: Run Common\Behavior\InitHookBehavior [ RunTime:0.002609s ]
INFO: [ app_init ] --END-- [ RunTime:0.003345s ]
INFO: [ app_begin ] --START--
INFO: Run Behavior\ReadHtmlCacheBehavior [ RunTime:0.000830s ]
INFO: [ app_begin ] --END-- [ RunTime:0.001037s ]
SQL: SHOW COLUMNS FROM `sql_menu` [ RunTime:0.0045s ]
SQL: SELECT `id`,`title`,`url` FROM `sql_menu` WHERE `pid` = 0 AND `hide` = 0 ORDER BY sort asc  [ RunTime:0.0005s ]
SQL: SELECT `pid` FROM `sql_menu` WHERE ( pid !=0 AND url like '%Slide/index%' ) LIMIT 1   [ RunTime:0.0011s ]
SQL: SELECT * FROM `sql_menu` WHERE `id` = 145 LIMIT 1   [ RunTime:0.0004s ]
SQL: SELECT DISTINCT  `group` FROM `sql_menu` WHERE `group` <> '' AND `pid` = 145  [ RunTime:0.0006s ]
SQL: SELECT `id`,`url` FROM `sql_menu` WHERE `pid` = 145 AND `hide` = 0  [ RunTime:0.0003s ]
SQL: SELECT `id`,`pid`,`title`,`url`,`tip` FROM `sql_menu` WHERE `group` = '广告管理' AND `pid` = 145 AND `hide` = 0 ORDER BY sort asc  [ RunTime:0.0003s ]
SQL: SHOW COLUMNS FROM `sql_slide` [ RunTime:0.0043s ]
SQL: SELECT COUNT(*) AS tp_count FROM `sql_slide` WHERE `status` = 1 LIMIT 1   [ RunTime:0.0004s ]
SQL: SELECT `id`,`name`,`title`,`url`,`description`,`link_id`,`place`,`display`,`create_time`,`update_time`,`status`,`icon`,`pid` FROM `sql_slide` WHERE `status` = 1 ORDER BY id desc LIMIT 0,10   [ RunTime:0.0005s ]
INFO: [ view_parse ] --START--
INFO: [ template_filter ] --START--
INFO: Run Behavior\ContentReplaceBehavior [ RunTime:0.000316s ]
INFO: [ template_filter ] --END-- [ RunTime:0.000471s ]
NOTIC: [8] Undefined variable: group H:\docs\job\Runtime\Cache\Admin\176a5b3b0ba55302e03dbe584fc1f56b.php 第 91 行.
NOTIC: [8] Undefined variable: pid H:\docs\job\Runtime\Cache\Admin\176a5b3b0ba55302e03dbe584fc1f56b.php 第 126 行.
SQL: SHOW COLUMNS FROM `sql_picture` [ RunTime:0.0051s ]
SQL: SELECT * FROM `sql_picture` WHERE `status` = 1 AND `id` = 15 LIMIT 1   [ RunTime:0.0004s ]
SQL: SELECT * FROM `sql_picture` WHERE `status` = 1 AND `id` = 15 LIMIT 1   [ RunTime:0.0003s ]
NOTIC: [8] Undefined variable: pid H:\docs\job\Runtime\Cache\Admin\176a5b3b0ba55302e03dbe584fc1f56b.php 第 126 行.
SQL: SELECT * FROM `sql_picture` WHERE `status` = 1 AND `id` = 11 LIMIT 1   [ RunTime:0.0003s ]
SQL: SELECT * FROM `sql_picture` WHERE `status` = 1 AND `id` = 11 LIMIT 1   [ RunTime:0.0003s ]
NOTIC: [8] Undefined variable: pid H:\docs\job\Runtime\Cache\Admin\176a5b3b0ba55302e03dbe584fc1f56b.php 第 126 行.
SQL: SELECT * FROM `sql_picture` WHERE `status` = 1 AND `id` = 12 LIMIT 1   [ RunTime:0.0003s ]
SQL: SELECT * FROM `sql_picture` WHERE `status` = 1 AND `id` = 12 LIMIT 1   [ RunTime:0.0003s ]
NOTIC: [8] Undefined variable: pid H:\docs\job\Runtime\Cache\Admin\176a5b3b0ba55302e03dbe584fc1f56b.php 第 126 行.
SQL: SELECT * FROM `sql_picture` WHERE `status` = 1 AND `id` = 13 LIMIT 1   [ RunTime:0.0003s ]
SQL: SELECT * FROM `sql_picture` WHERE `status` = 1 AND `id` = 13 LIMIT 1   [ RunTime:0.0003s ]
NOTIC: [8] Undefined variable: pid H:\docs\job\Runtime\Cache\Admin\176a5b3b0ba55302e03dbe584fc1f56b.php 第 126 行.
SQL: SELECT * FROM `sql_picture` WHERE `status` = 1 AND `id` = 14 LIMIT 1   [ RunTime:0.0005s ]
SQL: SELECT * FROM `sql_picture` WHERE `status` = 1 AND `id` = 14 LIMIT 1   [ RunTime:0.0003s ]
INFO: Run Behavior\ParseTemplateBehavior [ RunTime:0.091139s ]
INFO: [ view_parse ] --END-- [ RunTime:0.091281s ]
INFO: [ view_filter ] --START--
INFO: Run Behavior\WriteHtmlCacheBehavior [ RunTime:0.000745s ]
INFO: [ view_filter ] --END-- [ RunTime:0.000932s ]
INFO: [ app_end ] --START--
INFO: Run Behavior\ShowPageTraceBehavior [ RunTime:0.001258s ]
INFO: [ app_end ] --END-- [ RunTime:0.001471s ]

